{"C:\\Users\\gilla\\WebstormProjects\\final-exam-scheduler\\src\\App.js": {"path":"C:\\Users\\gilla\\WebstormProjects\\final-exam-scheduler\\src\\App.js","statementMap":{"0":{"start":{"line":25,"column":21},"end":{"line":25,"column":68}},"1":{"start":{"line":25,"column":44},"end":{"line":25,"column":67}},"2":{"start":{"line":28,"column":4},"end":{"line":30,"column":5}},"3":{"start":{"line":29,"column":8},"end":{"line":29,"column":29}},"4":{"start":{"line":34,"column":48},"end":{"line":34,"column":59}},"5":{"start":{"line":35,"column":62},"end":{"line":35,"column":77}},"6":{"start":{"line":36,"column":48},"end":{"line":36,"column":62}},"7":{"start":{"line":37,"column":48},"end":{"line":37,"column":59}},"8":{"start":{"line":40,"column":8},"end":{"line":40,"column":35}},"9":{"start":{"line":44,"column":8},"end":{"line":44,"column":36}},"10":{"start":{"line":48,"column":8},"end":{"line":48,"column":32}},"11":{"start":{"line":51,"column":26},"end":{"line":53,"column":5}},"12":{"start":{"line":52,"column":8},"end":{"line":52,"column":45}},"13":{"start":{"line":55,"column":31},"end":{"line":58,"column":5}},"14":{"start":{"line":56,"column":8},"end":{"line":56,"column":27}},"15":{"start":{"line":57,"column":8},"end":{"line":57,"column":24}},"16":{"start":{"line":60,"column":4},"end":{"line":76,"column":6}}},"fnMap":{"0":{"name":"App","decl":{"start":{"line":24,"column":9},"end":{"line":24,"column":12}},"loc":{"start":{"line":24,"column":15},"end":{"line":77,"column":1}},"line":24},"1":{"name":"(anonymous_1)","decl":{"start":{"line":25,"column":33},"end":{"line":25,"column":34}},"loc":{"start":{"line":25,"column":44},"end":{"line":25,"column":67}},"line":25},"2":{"name":"openStudentSearch","decl":{"start":{"line":39,"column":13},"end":{"line":39,"column":30}},"loc":{"start":{"line":39,"column":33},"end":{"line":41,"column":5}},"line":39},"3":{"name":"closeStudentSearch","decl":{"start":{"line":43,"column":13},"end":{"line":43,"column":31}},"loc":{"start":{"line":43,"column":34},"end":{"line":45,"column":5}},"line":43},"4":{"name":"closeModal","decl":{"start":{"line":47,"column":13},"end":{"line":47,"column":23}},"loc":{"start":{"line":47,"column":26},"end":{"line":49,"column":5}},"line":47},"5":{"name":"(anonymous_5)","decl":{"start":{"line":51,"column":26},"end":{"line":51,"column":27}},"loc":{"start":{"line":51,"column":32},"end":{"line":53,"column":5}},"line":51},"6":{"name":"(anonymous_6)","decl":{"start":{"line":55,"column":31},"end":{"line":55,"column":32}},"loc":{"start":{"line":55,"column":37},"end":{"line":58,"column":5}},"line":55}},"branchMap":{"0":{"loc":{"start":{"line":28,"column":4},"end":{"line":30,"column":5}},"type":"if","locations":[{"start":{"line":28,"column":4},"end":{"line":30,"column":5}},{"start":{"line":28,"column":4},"end":{"line":30,"column":5}}],"line":28},"1":{"loc":{"start":{"line":69,"column":13},"end":{"line":70,"column":31}},"type":"binary-expr","locations":[{"start":{"line":69,"column":13},"end":{"line":69,"column":26}},{"start":{"line":70,"column":16},"end":{"line":70,"column":31}}],"line":69},"2":{"loc":{"start":{"line":74,"column":14},"end":{"line":74,"column":99}},"type":"binary-expr","locations":[{"start":{"line":74,"column":14},"end":{"line":74,"column":28}},{"start":{"line":74,"column":32},"end":{"line":74,"column":99}}],"line":74}},"s":{"0":0,"1":0,"2":0,"3":0,"4":0,"5":0,"6":0,"7":0,"8":0,"9":0,"10":0,"11":0,"12":0,"13":0,"14":0,"15":0,"16":0},"f":{"0":0,"1":0,"2":0,"3":0,"4":0,"5":0,"6":0},"b":{"0":[0,0],"1":[0,0],"2":[0,0]},"hash":"92e821f26965e4b4ee46884856eae6aee302caff"}
,"C:\\Users\\gilla\\WebstormProjects\\final-exam-scheduler\\src\\CONSTANTS.js": {"path":"C:\\Users\\gilla\\WebstormProjects\\final-exam-scheduler\\src\\CONSTANTS.js","statementMap":{"0":{"start":{"line":4,"column":26},"end":{"line":4,"column":86}},"1":{"start":{"line":5,"column":25},"end":{"line":5,"column":55}},"2":{"start":{"line":7,"column":30},"end":{"line":11,"column":30}},"3":{"start":{"line":13,"column":34},"end":{"line":18,"column":1}},"4":{"start":{"line":29,"column":30},"end":{"line":29,"column":31}},"5":{"start":{"line":31,"column":46},"end":{"line":31,"column":47}},"6":{"start":{"line":32,"column":51},"end":{"line":32,"column":52}},"7":{"start":{"line":33,"column":47},"end":{"line":33,"column":48}}},"fnMap":{},"branchMap":{},"s":{"0":0,"1":0,"2":0,"3":0,"4":0,"5":0,"6":0,"7":0},"f":{},"b":{},"hash":"e44e05537687badc956e69598896cbed80b33cab"}
,"C:\\Users\\gilla\\WebstormProjects\\final-exam-scheduler\\src\\FinalExamScheduler.js": {"path":"C:\\Users\\gilla\\WebstormProjects\\final-exam-scheduler\\src\\FinalExamScheduler.js","statementMap":{"0":{"start":{"line":32,"column":1},"end":{"line":37,"column":2}},"1":{"start":{"line":33,"column":5},"end":{"line":33,"column":52}},"2":{"start":{"line":35,"column":24},"end":{"line":35,"column":49}},"3":{"start":{"line":36,"column":5},"end":{"line":36,"column":50}},"4":{"start":{"line":39,"column":12},"end":{"line":39,"column":21}},"5":{"start":{"line":40,"column":14},"end":{"line":40,"column":23}},"6":{"start":{"line":41,"column":22},"end":{"line":41,"column":31}},"7":{"start":{"line":42,"column":14},"end":{"line":42,"column":23}},"8":{"start":{"line":43,"column":17},"end":{"line":43,"column":47}},"9":{"start":{"line":44,"column":23},"end":{"line":44,"column":25}},"10":{"start":{"line":45,"column":23},"end":{"line":45,"column":25}},"11":{"start":{"line":46,"column":28},"end":{"line":46,"column":30}},"12":{"start":{"line":47,"column":16},"end":{"line":47,"column":31}},"13":{"start":{"line":48,"column":14},"end":{"line":48,"column":19}},"14":{"start":{"line":50,"column":23},"end":{"line":50,"column":24}},"15":{"start":{"line":51,"column":22},"end":{"line":51,"column":23}},"16":{"start":{"line":58,"column":24},"end":{"line":58,"column":56}},"17":{"start":{"line":58,"column":32},"end":{"line":58,"column":55}},"18":{"start":{"line":59,"column":23},"end":{"line":59,"column":54}},"19":{"start":{"line":59,"column":31},"end":{"line":59,"column":53}},"20":{"start":{"line":65,"column":47},"end":{"line":78,"column":1}},"21":{"start":{"line":66,"column":19},"end":{"line":66,"column":46}},"22":{"start":{"line":67,"column":22},"end":{"line":67,"column":52}},"23":{"start":{"line":68,"column":4},"end":{"line":68,"column":41}},"24":{"start":{"line":69,"column":4},"end":{"line":69,"column":54}},"25":{"start":{"line":70,"column":4},"end":{"line":77,"column":6}},"26":{"start":{"line":71,"column":8},"end":{"line":76,"column":9}},"27":{"start":{"line":72,"column":12},"end":{"line":72,"column":80}},"28":{"start":{"line":73,"column":12},"end":{"line":73,"column":63}},"29":{"start":{"line":74,"column":12},"end":{"line":74,"column":62}},"30":{"start":{"line":75,"column":12},"end":{"line":75,"column":63}},"31":{"start":{"line":86,"column":29},"end":{"line":96,"column":1}},"32":{"start":{"line":88,"column":22},"end":{"line":88,"column":43}},"33":{"start":{"line":89,"column":4},"end":{"line":95,"column":7}},"34":{"start":{"line":94,"column":8},"end":{"line":94,"column":69}},"35":{"start":{"line":103,"column":27},"end":{"line":124,"column":1}},"36":{"start":{"line":104,"column":4},"end":{"line":104,"column":21}},"37":{"start":{"line":105,"column":25},"end":{"line":105,"column":34}},"38":{"start":{"line":106,"column":25},"end":{"line":106,"column":74}},"39":{"start":{"line":107,"column":25},"end":{"line":107,"column":57}},"40":{"start":{"line":108,"column":4},"end":{"line":123,"column":5}},"41":{"start":{"line":109,"column":8},"end":{"line":117,"column":11}},"42":{"start":{"line":110,"column":23},"end":{"line":110,"column":57}},"43":{"start":{"line":111,"column":12},"end":{"line":115,"column":13}},"44":{"start":{"line":112,"column":16},"end":{"line":112,"column":63}},"45":{"start":{"line":113,"column":16},"end":{"line":113,"column":59}},"46":{"start":{"line":114,"column":16},"end":{"line":114,"column":59}},"47":{"start":{"line":116,"column":12},"end":{"line":116,"column":41}},"48":{"start":{"line":118,"column":8},"end":{"line":120,"column":9}},"49":{"start":{"line":119,"column":12},"end":{"line":119,"column":46}},"50":{"start":{"line":122,"column":8},"end":{"line":122,"column":79}},"51":{"start":{"line":133,"column":29},"end":{"line":137,"column":1}},"52":{"start":{"line":134,"column":4},"end":{"line":136,"column":40}},"53":{"start":{"line":148,"column":34},"end":{"line":152,"column":1}},"54":{"start":{"line":149,"column":22},"end":{"line":149,"column":52}},"55":{"start":{"line":150,"column":23},"end":{"line":150,"column":67}},"56":{"start":{"line":151,"column":4},"end":{"line":151,"column":127}},"57":{"start":{"line":164,"column":30},"end":{"line":186,"column":1}},"58":{"start":{"line":165,"column":4},"end":{"line":165,"column":44}},"59":{"start":{"line":165,"column":35},"end":{"line":165,"column":42}},"60":{"start":{"line":168,"column":29},"end":{"line":168,"column":58}},"61":{"start":{"line":169,"column":4},"end":{"line":169,"column":50}},"62":{"start":{"line":169,"column":41},"end":{"line":169,"column":48}},"63":{"start":{"line":170,"column":4},"end":{"line":170,"column":55}},"64":{"start":{"line":171,"column":4},"end":{"line":171,"column":56}},"65":{"start":{"line":171,"column":47},"end":{"line":171,"column":54}},"66":{"start":{"line":173,"column":26},"end":{"line":173,"column":52}},"67":{"start":{"line":174,"column":27},"end":{"line":174,"column":54}},"68":{"start":{"line":176,"column":16},"end":{"line":176,"column":81}},"69":{"start":{"line":177,"column":17},"end":{"line":177,"column":84}},"70":{"start":{"line":179,"column":4},"end":{"line":182,"column":5}},"71":{"start":{"line":180,"column":8},"end":{"line":180,"column":93}},"72":{"start":{"line":181,"column":8},"end":{"line":181,"column":15}},"73":{"start":{"line":183,"column":27},"end":{"line":183,"column":54}},"74":{"start":{"line":185,"column":4},"end":{"line":185,"column":72}},"75":{"start":{"line":196,"column":28},"end":{"line":202,"column":1}},"76":{"start":{"line":197,"column":16},"end":{"line":197,"column":34}},"77":{"start":{"line":198,"column":4},"end":{"line":200,"column":5}},"78":{"start":{"line":199,"column":8},"end":{"line":199,"column":29}},"79":{"start":{"line":201,"column":4},"end":{"line":201,"column":15}},"80":{"start":{"line":210,"column":45},"end":{"line":301,"column":1}},"81":{"start":{"line":211,"column":4},"end":{"line":211,"column":26}},"82":{"start":{"line":212,"column":26},"end":{"line":212,"column":72}},"83":{"start":{"line":213,"column":26},"end":{"line":213,"column":40}},"84":{"start":{"line":214,"column":25},"end":{"line":214,"column":75}},"85":{"start":{"line":215,"column":4},"end":{"line":300,"column":5}},"86":{"start":{"line":216,"column":8},"end":{"line":297,"column":11}},"87":{"start":{"line":217,"column":30},"end":{"line":217,"column":57}},"88":{"start":{"line":218,"column":28},"end":{"line":218,"column":30}},"89":{"start":{"line":219,"column":12},"end":{"line":293,"column":15}},"90":{"start":{"line":220,"column":29},"end":{"line":220,"column":56}},"91":{"start":{"line":221,"column":32},"end":{"line":221,"column":48}},"92":{"start":{"line":230,"column":16},"end":{"line":289,"column":17}},"93":{"start":{"line":231,"column":20},"end":{"line":288,"column":21}},"94":{"start":{"line":233,"column":28},"end":{"line":233,"column":57}},"95":{"start":{"line":234,"column":28},"end":{"line":234,"column":53}},"96":{"start":{"line":235,"column":28},"end":{"line":235,"column":97}},"97":{"start":{"line":236,"column":28},"end":{"line":238,"column":29}},"98":{"start":{"line":237,"column":32},"end":{"line":237,"column":69}},"99":{"start":{"line":240,"column":28},"end":{"line":245,"column":29}},"100":{"start":{"line":241,"column":49},"end":{"line":241,"column":68}},"101":{"start":{"line":242,"column":32},"end":{"line":242,"column":65}},"102":{"start":{"line":243,"column":32},"end":{"line":243,"column":61}},"103":{"start":{"line":244,"column":32},"end":{"line":244,"column":105}},"104":{"start":{"line":248,"column":28},"end":{"line":248,"column":34}},"105":{"start":{"line":250,"column":28},"end":{"line":250,"column":57}},"106":{"start":{"line":251,"column":28},"end":{"line":251,"column":53}},"107":{"start":{"line":252,"column":28},"end":{"line":255,"column":29}},"108":{"start":{"line":253,"column":32},"end":{"line":253,"column":64}},"109":{"start":{"line":254,"column":32},"end":{"line":254,"column":57}},"110":{"start":{"line":256,"column":28},"end":{"line":262,"column":29}},"111":{"start":{"line":257,"column":32},"end":{"line":261,"column":33}},"112":{"start":{"line":258,"column":36},"end":{"line":258,"column":69}},"113":{"start":{"line":259,"column":36},"end":{"line":259,"column":65}},"114":{"start":{"line":263,"column":28},"end":{"line":263,"column":34}},"115":{"start":{"line":265,"column":28},"end":{"line":265,"column":57}},"116":{"start":{"line":266,"column":28},"end":{"line":266,"column":53}},"117":{"start":{"line":267,"column":28},"end":{"line":272,"column":29}},"118":{"start":{"line":268,"column":32},"end":{"line":271,"column":33}},"119":{"start":{"line":269,"column":36},"end":{"line":269,"column":69}},"120":{"start":{"line":270,"column":36},"end":{"line":270,"column":65}},"121":{"start":{"line":273,"column":28},"end":{"line":273,"column":34}},"122":{"start":{"line":275,"column":28},"end":{"line":283,"column":29}},"123":{"start":{"line":276,"column":32},"end":{"line":276,"column":67}},"124":{"start":{"line":277,"column":32},"end":{"line":282,"column":33}},"125":{"start":{"line":278,"column":36},"end":{"line":281,"column":37}},"126":{"start":{"line":279,"column":40},"end":{"line":279,"column":73}},"127":{"start":{"line":280,"column":40},"end":{"line":280,"column":64}},"128":{"start":{"line":284,"column":28},"end":{"line":284,"column":34}},"129":{"start":{"line":286,"column":28},"end":{"line":286,"column":58}},"130":{"start":{"line":287,"column":28},"end":{"line":287,"column":34}},"131":{"start":{"line":294,"column":12},"end":{"line":296,"column":13}},"132":{"start":{"line":295,"column":16},"end":{"line":295,"column":49}},"133":{"start":{"line":299,"column":8},"end":{"line":299,"column":83}},"134":{"start":{"line":306,"column":36},"end":{"line":313,"column":1}},"135":{"start":{"line":307,"column":4},"end":{"line":312,"column":7}},"136":{"start":{"line":309,"column":8},"end":{"line":311,"column":9}},"137":{"start":{"line":310,"column":12},"end":{"line":310,"column":39}},"138":{"start":{"line":315,"column":26},"end":{"line":354,"column":1}},"139":{"start":{"line":316,"column":22},"end":{"line":316,"column":44}},"140":{"start":{"line":317,"column":26},"end":{"line":317,"column":28}},"141":{"start":{"line":318,"column":20},"end":{"line":318,"column":22}},"142":{"start":{"line":319,"column":23},"end":{"line":319,"column":38}},"143":{"start":{"line":320,"column":4},"end":{"line":322,"column":5}},"144":{"start":{"line":320,"column":17},"end":{"line":320,"column":18}},"145":{"start":{"line":321,"column":8},"end":{"line":321,"column":43}},"146":{"start":{"line":324,"column":4},"end":{"line":328,"column":5}},"147":{"start":{"line":325,"column":8},"end":{"line":327,"column":9}},"148":{"start":{"line":326,"column":12},"end":{"line":326,"column":33}},"149":{"start":{"line":330,"column":4},"end":{"line":336,"column":5}},"150":{"start":{"line":331,"column":8},"end":{"line":335,"column":9}},"151":{"start":{"line":332,"column":12},"end":{"line":334,"column":13}},"152":{"start":{"line":333,"column":16},"end":{"line":333,"column":40}},"153":{"start":{"line":340,"column":4},"end":{"line":344,"column":6}},"154":{"start":{"line":341,"column":8},"end":{"line":343,"column":74}},"155":{"start":{"line":341,"column":33},"end":{"line":341,"column":59}},"156":{"start":{"line":342,"column":28},"end":{"line":342,"column":46}},"157":{"start":{"line":343,"column":28},"end":{"line":343,"column":73}},"158":{"start":{"line":346,"column":4},"end":{"line":351,"column":5}},"159":{"start":{"line":347,"column":8},"end":{"line":349,"column":36}},"160":{"start":{"line":350,"column":8},"end":{"line":350,"column":31}},"161":{"start":{"line":353,"column":4},"end":{"line":353,"column":27}},"162":{"start":{"line":358,"column":26},"end":{"line":358,"column":49}},"163":{"start":{"line":361,"column":24},"end":{"line":361,"column":52}},"164":{"start":{"line":364,"column":27},"end":{"line":364,"column":49}},"165":{"start":{"line":367,"column":5},"end":{"line":367,"column":35}},"166":{"start":{"line":371,"column":4},"end":{"line":371,"column":27}},"167":{"start":{"line":381,"column":29},"end":{"line":438,"column":1}},"168":{"start":{"line":382,"column":4},"end":{"line":382,"column":25}},"169":{"start":{"line":382,"column":17},"end":{"line":382,"column":23}},"170":{"start":{"line":383,"column":4},"end":{"line":383,"column":24}},"171":{"start":{"line":384,"column":26},"end":{"line":384,"column":200}},"172":{"start":{"line":385,"column":28},"end":{"line":385,"column":77}},"173":{"start":{"line":386,"column":25},"end":{"line":386,"column":75}},"174":{"start":{"line":387,"column":4},"end":{"line":437,"column":5}},"175":{"start":{"line":388,"column":24},"end":{"line":388,"column":39}},"176":{"start":{"line":389,"column":8},"end":{"line":434,"column":11}},"177":{"start":{"line":390,"column":25},"end":{"line":390,"column":34}},"178":{"start":{"line":391,"column":31},"end":{"line":391,"column":44}},"179":{"start":{"line":392,"column":12},"end":{"line":411,"column":13}},"180":{"start":{"line":398,"column":36},"end":{"line":398,"column":88}},"181":{"start":{"line":399,"column":16},"end":{"line":399,"column":141}},"182":{"start":{"line":400,"column":16},"end":{"line":402,"column":17}},"183":{"start":{"line":401,"column":20},"end":{"line":401,"column":91}},"184":{"start":{"line":403,"column":19},"end":{"line":411,"column":13}},"185":{"start":{"line":408,"column":16},"end":{"line":408,"column":49}},"186":{"start":{"line":410,"column":16},"end":{"line":410,"column":55}},"187":{"start":{"line":413,"column":12},"end":{"line":427,"column":13}},"188":{"start":{"line":413,"column":25},"end":{"line":413,"column":26}},"189":{"start":{"line":414,"column":36},"end":{"line":419,"column":17}},"190":{"start":{"line":420,"column":16},"end":{"line":426,"column":17}},"191":{"start":{"line":421,"column":20},"end":{"line":421,"column":56}},"192":{"start":{"line":422,"column":20},"end":{"line":422,"column":59}},"193":{"start":{"line":423,"column":20},"end":{"line":423,"column":57}},"194":{"start":{"line":424,"column":20},"end":{"line":424,"column":53}},"195":{"start":{"line":425,"column":20},"end":{"line":425,"column":58}},"196":{"start":{"line":429,"column":12},"end":{"line":429,"column":78}},"197":{"start":{"line":431,"column":12},"end":{"line":431,"column":63}},"198":{"start":{"line":433,"column":12},"end":{"line":433,"column":44}},"199":{"start":{"line":436,"column":8},"end":{"line":436,"column":85}},"200":{"start":{"line":449,"column":34},"end":{"line":461,"column":1}},"201":{"start":{"line":450,"column":4},"end":{"line":450,"column":58}},"202":{"start":{"line":451,"column":4},"end":{"line":460,"column":5}},"203":{"start":{"line":452,"column":8},"end":{"line":452,"column":50}},"204":{"start":{"line":453,"column":8},"end":{"line":453,"column":77}},"205":{"start":{"line":454,"column":8},"end":{"line":454,"column":77}},"206":{"start":{"line":455,"column":11},"end":{"line":460,"column":5}},"207":{"start":{"line":456,"column":8},"end":{"line":456,"column":50}},"208":{"start":{"line":457,"column":8},"end":{"line":457,"column":77}},"209":{"start":{"line":459,"column":8},"end":{"line":459,"column":50}},"210":{"start":{"line":464,"column":29},"end":{"line":464,"column":69}},"211":{"start":{"line":465,"column":4},"end":{"line":469,"column":5}},"212":{"start":{"line":466,"column":8},"end":{"line":468,"column":9}},"213":{"start":{"line":467,"column":12},"end":{"line":467,"column":50}},"214":{"start":{"line":470,"column":4},"end":{"line":470,"column":54}},"215":{"start":{"line":471,"column":4},"end":{"line":471,"column":30}},"216":{"start":{"line":472,"column":4},"end":{"line":472,"column":28}},"217":{"start":{"line":473,"column":4},"end":{"line":473,"column":44}},"218":{"start":{"line":481,"column":34},"end":{"line":507,"column":1}},"219":{"start":{"line":482,"column":32},"end":{"line":482,"column":115}},"220":{"start":{"line":483,"column":4},"end":{"line":483,"column":64}},"221":{"start":{"line":484,"column":4},"end":{"line":496,"column":6}},"222":{"start":{"line":485,"column":21},"end":{"line":485,"column":38}},"223":{"start":{"line":486,"column":19},"end":{"line":486,"column":45}},"224":{"start":{"line":487,"column":8},"end":{"line":491,"column":9}},"225":{"start":{"line":488,"column":12},"end":{"line":488,"column":71}},"226":{"start":{"line":490,"column":12},"end":{"line":490,"column":64}},"227":{"start":{"line":493,"column":8},"end":{"line":493,"column":35}},"228":{"start":{"line":494,"column":8},"end":{"line":494,"column":34}},"229":{"start":{"line":495,"column":8},"end":{"line":495,"column":35}},"230":{"start":{"line":497,"column":4},"end":{"line":497,"column":51}},"231":{"start":{"line":498,"column":4},"end":{"line":498,"column":50}},"232":{"start":{"line":499,"column":4},"end":{"line":499,"column":41}},"233":{"start":{"line":500,"column":4},"end":{"line":500,"column":40}},"234":{"start":{"line":501,"column":4},"end":{"line":506,"column":6}},"235":{"start":{"line":502,"column":8},"end":{"line":505,"column":9}},"236":{"start":{"line":504,"column":12},"end":{"line":504,"column":49}},"237":{"start":{"line":518,"column":29},"end":{"line":530,"column":1}},"238":{"start":{"line":519,"column":4},"end":{"line":519,"column":76}},"239":{"start":{"line":520,"column":4},"end":{"line":529,"column":5}},"240":{"start":{"line":521,"column":8},"end":{"line":521,"column":42}},"241":{"start":{"line":522,"column":8},"end":{"line":522,"column":69}},"242":{"start":{"line":523,"column":8},"end":{"line":523,"column":69}},"243":{"start":{"line":524,"column":11},"end":{"line":529,"column":5}},"244":{"start":{"line":525,"column":8},"end":{"line":525,"column":42}},"245":{"start":{"line":526,"column":8},"end":{"line":526,"column":69}},"246":{"start":{"line":528,"column":8},"end":{"line":528,"column":42}},"247":{"start":{"line":538,"column":29},"end":{"line":549,"column":1}},"248":{"start":{"line":539,"column":4},"end":{"line":539,"column":57}},"249":{"start":{"line":539,"column":43},"end":{"line":539,"column":55}},"250":{"start":{"line":540,"column":4},"end":{"line":540,"column":57}},"251":{"start":{"line":540,"column":43},"end":{"line":540,"column":55}},"252":{"start":{"line":541,"column":4},"end":{"line":547,"column":5}},"253":{"start":{"line":542,"column":8},"end":{"line":542,"column":62}},"254":{"start":{"line":542,"column":48},"end":{"line":542,"column":60}},"255":{"start":{"line":543,"column":8},"end":{"line":543,"column":62}},"256":{"start":{"line":543,"column":48},"end":{"line":543,"column":60}},"257":{"start":{"line":544,"column":23},"end":{"line":544,"column":57}},"258":{"start":{"line":545,"column":8},"end":{"line":545,"column":65}},"259":{"start":{"line":545,"column":51},"end":{"line":545,"column":63}},"260":{"start":{"line":546,"column":8},"end":{"line":546,"column":65}},"261":{"start":{"line":546,"column":51},"end":{"line":546,"column":63}},"262":{"start":{"line":548,"column":4},"end":{"line":548,"column":16}},"263":{"start":{"line":556,"column":39},"end":{"line":579,"column":1}},"264":{"start":{"line":557,"column":4},"end":{"line":578,"column":7}},"265":{"start":{"line":560,"column":8},"end":{"line":560,"column":52}},"266":{"start":{"line":560,"column":43},"end":{"line":560,"column":50}},"267":{"start":{"line":561,"column":25},"end":{"line":561,"column":42}},"268":{"start":{"line":562,"column":26},"end":{"line":562,"column":44}},"269":{"start":{"line":563,"column":8},"end":{"line":563,"column":93}},"270":{"start":{"line":563,"column":84},"end":{"line":563,"column":91}},"271":{"start":{"line":566,"column":8},"end":{"line":577,"column":9}},"272":{"start":{"line":567,"column":28},"end":{"line":567,"column":57}},"273":{"start":{"line":568,"column":12},"end":{"line":573,"column":13}},"274":{"start":{"line":569,"column":16},"end":{"line":569,"column":76}},"275":{"start":{"line":571,"column":16},"end":{"line":571,"column":137}},"276":{"start":{"line":572,"column":16},"end":{"line":572,"column":71}},"277":{"start":{"line":575,"column":12},"end":{"line":575,"column":113}},"278":{"start":{"line":576,"column":12},"end":{"line":576,"column":67}},"279":{"start":{"line":582,"column":1},"end":{"line":584,"column":4}},"280":{"start":{"line":583,"column":5},"end":{"line":583,"column":80}},"281":{"start":{"line":588,"column":25},"end":{"line":588,"column":90}},"282":{"start":{"line":588,"column":67},"end":{"line":588,"column":89}},"283":{"start":{"line":590,"column":23},"end":{"line":590,"column":27}},"284":{"start":{"line":591,"column":22},"end":{"line":591,"column":38}},"285":{"start":{"line":593,"column":4},"end":{"line":603,"column":7}},"286":{"start":{"line":596,"column":8},"end":{"line":602,"column":9}},"287":{"start":{"line":600,"column":12},"end":{"line":600,"column":32}},"288":{"start":{"line":601,"column":12},"end":{"line":601,"column":40}},"289":{"start":{"line":606,"column":4},"end":{"line":615,"column":5}},"290":{"start":{"line":607,"column":8},"end":{"line":607,"column":67}},"291":{"start":{"line":609,"column":8},"end":{"line":612,"column":9}},"292":{"start":{"line":610,"column":12},"end":{"line":610,"column":44}},"293":{"start":{"line":611,"column":12},"end":{"line":611,"column":42}},"294":{"start":{"line":614,"column":8},"end":{"line":614,"column":58}},"295":{"start":{"line":619,"column":4},"end":{"line":625,"column":5}},"296":{"start":{"line":620,"column":8},"end":{"line":620,"column":20}},"297":{"start":{"line":621,"column":11},"end":{"line":625,"column":5}},"298":{"start":{"line":622,"column":8},"end":{"line":622,"column":20}},"299":{"start":{"line":624,"column":8},"end":{"line":624,"column":38}},"300":{"start":{"line":631,"column":22},"end":{"line":669,"column":1}},"301":{"start":{"line":632,"column":4},"end":{"line":664,"column":5}},"302":{"start":{"line":633,"column":8},"end":{"line":663,"column":9}},"303":{"start":{"line":634,"column":36},"end":{"line":634,"column":45}},"304":{"start":{"line":635,"column":12},"end":{"line":647,"column":13}},"305":{"start":{"line":635,"column":25},"end":{"line":635,"column":26}},"306":{"start":{"line":636,"column":16},"end":{"line":646,"column":17}},"307":{"start":{"line":637,"column":36},"end":{"line":637,"column":76}},"308":{"start":{"line":638,"column":36},"end":{"line":638,"column":72}},"309":{"start":{"line":639,"column":20},"end":{"line":645,"column":21}},"310":{"start":{"line":639,"column":33},"end":{"line":639,"column":42}},"311":{"start":{"line":640,"column":24},"end":{"line":644,"column":25}},"312":{"start":{"line":641,"column":28},"end":{"line":641,"column":79}},"313":{"start":{"line":643,"column":28},"end":{"line":643,"column":54}},"314":{"start":{"line":648,"column":12},"end":{"line":662,"column":13}},"315":{"start":{"line":649,"column":16},"end":{"line":661,"column":17}},"316":{"start":{"line":650,"column":36},"end":{"line":650,"column":68}},"317":{"start":{"line":651,"column":20},"end":{"line":660,"column":21}},"318":{"start":{"line":652,"column":24},"end":{"line":652,"column":79}},"319":{"start":{"line":653,"column":24},"end":{"line":657,"column":25}},"320":{"start":{"line":654,"column":28},"end":{"line":656,"column":30}},"321":{"start":{"line":655,"column":32},"end":{"line":655,"column":85}},"322":{"start":{"line":659,"column":24},"end":{"line":659,"column":78}},"323":{"start":{"line":671,"column":36},"end":{"line":683,"column":1}},"324":{"start":{"line":672,"column":4},"end":{"line":682,"column":7}},"325":{"start":{"line":673,"column":26},"end":{"line":673,"column":51}},"326":{"start":{"line":674,"column":8},"end":{"line":681,"column":9}},"327":{"start":{"line":675,"column":12},"end":{"line":680,"column":15}},"328":{"start":{"line":676,"column":31},"end":{"line":676,"column":55}},"329":{"start":{"line":677,"column":16},"end":{"line":677,"column":45}},"330":{"start":{"line":678,"column":16},"end":{"line":678,"column":46}},"331":{"start":{"line":679,"column":16},"end":{"line":679,"column":94}},"332":{"start":{"line":690,"column":46},"end":{"line":721,"column":1}},"333":{"start":{"line":691,"column":4},"end":{"line":720,"column":6}},"334":{"start":{"line":692,"column":20},"end":{"line":693,"column":49}},"335":{"start":{"line":694,"column":8},"end":{"line":719,"column":9}},"336":{"start":{"line":694,"column":21},"end":{"line":694,"column":22}},"337":{"start":{"line":695,"column":25},"end":{"line":695,"column":59}},"338":{"start":{"line":696,"column":12},"end":{"line":718,"column":13}},"339":{"start":{"line":697,"column":26},"end":{"line":697,"column":40}},"340":{"start":{"line":698,"column":27},"end":{"line":698,"column":42}},"341":{"start":{"line":699,"column":16},"end":{"line":717,"column":17}},"342":{"start":{"line":700,"column":20},"end":{"line":700,"column":46}},"343":{"start":{"line":702,"column":20},"end":{"line":708,"column":21}},"344":{"start":{"line":703,"column":24},"end":{"line":703,"column":79}},"345":{"start":{"line":707,"column":24},"end":{"line":707,"column":77}},"346":{"start":{"line":710,"column":20},"end":{"line":716,"column":21}},"347":{"start":{"line":711,"column":24},"end":{"line":711,"column":89}},"348":{"start":{"line":715,"column":24},"end":{"line":715,"column":87}},"349":{"start":{"line":728,"column":22},"end":{"line":827,"column":1}},"350":{"start":{"line":729,"column":4},"end":{"line":729,"column":21}},"351":{"start":{"line":730,"column":19},"end":{"line":730,"column":59}},"352":{"start":{"line":731,"column":4},"end":{"line":731,"column":47}},"353":{"start":{"line":732,"column":4},"end":{"line":818,"column":5}},"354":{"start":{"line":732,"column":17},"end":{"line":732,"column":18}},"355":{"start":{"line":733,"column":8},"end":{"line":733,"column":47}},"356":{"start":{"line":734,"column":8},"end":{"line":734,"column":39}},"357":{"start":{"line":735,"column":8},"end":{"line":735,"column":35}},"358":{"start":{"line":736,"column":8},"end":{"line":736,"column":39}},"359":{"start":{"line":737,"column":26},"end":{"line":737,"column":66}},"360":{"start":{"line":738,"column":8},"end":{"line":816,"column":10}},"361":{"start":{"line":739,"column":25},"end":{"line":739,"column":48}},"362":{"start":{"line":740,"column":12},"end":{"line":812,"column":13}},"363":{"start":{"line":741,"column":32},"end":{"line":741,"column":37}},"364":{"start":{"line":742,"column":35},"end":{"line":742,"column":55}},"365":{"start":{"line":743,"column":31},"end":{"line":743,"column":40}},"366":{"start":{"line":744,"column":35},"end":{"line":744,"column":51}},"367":{"start":{"line":745,"column":33},"end":{"line":745,"column":34}},"368":{"start":{"line":746,"column":32},"end":{"line":746,"column":33}},"369":{"start":{"line":747,"column":16},"end":{"line":767,"column":19}},"370":{"start":{"line":748,"column":20},"end":{"line":766,"column":21}},"371":{"start":{"line":749,"column":24},"end":{"line":765,"column":25}},"372":{"start":{"line":749,"column":37},"end":{"line":749,"column":38}},"373":{"start":{"line":750,"column":28},"end":{"line":764,"column":29}},"374":{"start":{"line":750,"column":41},"end":{"line":750,"column":42}},"375":{"start":{"line":751,"column":47},"end":{"line":751,"column":85}},"376":{"start":{"line":752,"column":32},"end":{"line":763,"column":33}},"377":{"start":{"line":753,"column":36},"end":{"line":753,"column":55}},"378":{"start":{"line":754,"column":36},"end":{"line":754,"column":56}},"379":{"start":{"line":755,"column":36},"end":{"line":755,"column":70}},"380":{"start":{"line":756,"column":36},"end":{"line":756,"column":53}},"381":{"start":{"line":757,"column":36},"end":{"line":757,"column":75}},"382":{"start":{"line":758,"column":39},"end":{"line":763,"column":33}},"383":{"start":{"line":759,"column":36},"end":{"line":759,"column":58}},"384":{"start":{"line":760,"column":36},"end":{"line":760,"column":50}},"385":{"start":{"line":761,"column":36},"end":{"line":761,"column":51}},"386":{"start":{"line":762,"column":36},"end":{"line":762,"column":52}},"387":{"start":{"line":768,"column":16},"end":{"line":773,"column":17}},"388":{"start":{"line":769,"column":20},"end":{"line":769,"column":47}},"389":{"start":{"line":770,"column":20},"end":{"line":770,"column":49}},"390":{"start":{"line":771,"column":20},"end":{"line":771,"column":58}},"391":{"start":{"line":772,"column":20},"end":{"line":772,"column":80}},"392":{"start":{"line":774,"column":19},"end":{"line":812,"column":13}},"393":{"start":{"line":775,"column":31},"end":{"line":775,"column":51}},"394":{"start":{"line":776,"column":16},"end":{"line":780,"column":17}},"395":{"start":{"line":776,"column":29},"end":{"line":776,"column":30}},"396":{"start":{"line":777,"column":20},"end":{"line":779,"column":21}},"397":{"start":{"line":778,"column":24},"end":{"line":778,"column":91}},"398":{"start":{"line":781,"column":31},"end":{"line":781,"column":33}},"399":{"start":{"line":782,"column":16},"end":{"line":786,"column":18}},"400":{"start":{"line":783,"column":20},"end":{"line":785,"column":21}},"401":{"start":{"line":784,"column":24},"end":{"line":784,"column":43}},"402":{"start":{"line":788,"column":29},"end":{"line":788,"column":62}},"403":{"start":{"line":789,"column":16},"end":{"line":811,"column":17}},"404":{"start":{"line":790,"column":20},"end":{"line":790,"column":48}},"405":{"start":{"line":791,"column":20},"end":{"line":796,"column":21}},"406":{"start":{"line":792,"column":24},"end":{"line":795,"column":26}},"407":{"start":{"line":793,"column":28},"end":{"line":793,"column":64}},"408":{"start":{"line":794,"column":28},"end":{"line":794,"column":78}},"409":{"start":{"line":797,"column":20},"end":{"line":797,"column":107}},"410":{"start":{"line":798,"column":20},"end":{"line":798,"column":75}},"411":{"start":{"line":799,"column":20},"end":{"line":799,"column":66}},"412":{"start":{"line":800,"column":20},"end":{"line":800,"column":67}},"413":{"start":{"line":801,"column":20},"end":{"line":807,"column":21}},"414":{"start":{"line":801,"column":33},"end":{"line":801,"column":34}},"415":{"start":{"line":802,"column":24},"end":{"line":806,"column":25}},"416":{"start":{"line":803,"column":28},"end":{"line":803,"column":96}},"417":{"start":{"line":804,"column":28},"end":{"line":804,"column":94}},"418":{"start":{"line":805,"column":28},"end":{"line":805,"column":96}},"419":{"start":{"line":809,"column":20},"end":{"line":809,"column":52}},"420":{"start":{"line":810,"column":20},"end":{"line":810,"column":48}},"421":{"start":{"line":813,"column":12},"end":{"line":815,"column":13}},"422":{"start":{"line":814,"column":16},"end":{"line":814,"column":82}},"423":{"start":{"line":817,"column":8},"end":{"line":817,"column":51}},"424":{"start":{"line":819,"column":4},"end":{"line":819,"column":54}},"425":{"start":{"line":820,"column":4},"end":{"line":820,"column":35}},"426":{"start":{"line":821,"column":4},"end":{"line":821,"column":31}},"427":{"start":{"line":822,"column":4},"end":{"line":822,"column":35}},"428":{"start":{"line":824,"column":4},"end":{"line":824,"column":36}},"429":{"start":{"line":825,"column":4},"end":{"line":825,"column":32}},"430":{"start":{"line":826,"column":4},"end":{"line":826,"column":20}},"431":{"start":{"line":835,"column":32},"end":{"line":849,"column":1}},"432":{"start":{"line":836,"column":4},"end":{"line":848,"column":5}},"433":{"start":{"line":837,"column":27},"end":{"line":837,"column":52}},"434":{"start":{"line":838,"column":19},"end":{"line":838,"column":45}},"435":{"start":{"line":839,"column":8},"end":{"line":847,"column":9}},"436":{"start":{"line":840,"column":30},"end":{"line":840,"column":71}},"437":{"start":{"line":841,"column":12},"end":{"line":846,"column":13}},"438":{"start":{"line":842,"column":16},"end":{"line":842,"column":46}},"439":{"start":{"line":843,"column":16},"end":{"line":843,"column":47}},"440":{"start":{"line":844,"column":16},"end":{"line":844,"column":48}},"441":{"start":{"line":845,"column":16},"end":{"line":845,"column":79}},"442":{"start":{"line":858,"column":28},"end":{"line":862,"column":1}},"443":{"start":{"line":859,"column":24},"end":{"line":859,"column":45}},"444":{"start":{"line":860,"column":21},"end":{"line":860,"column":46}},"445":{"start":{"line":861,"column":4},"end":{"line":861,"column":33}},"446":{"start":{"line":871,"column":26},"end":{"line":878,"column":1}},"447":{"start":{"line":872,"column":24},"end":{"line":872,"column":45}},"448":{"start":{"line":873,"column":21},"end":{"line":873,"column":46}},"449":{"start":{"line":874,"column":4},"end":{"line":876,"column":5}},"450":{"start":{"line":875,"column":8},"end":{"line":875,"column":41}},"451":{"start":{"line":877,"column":4},"end":{"line":877,"column":33}},"452":{"start":{"line":887,"column":23},"end":{"line":927,"column":1}},"453":{"start":{"line":888,"column":22},"end":{"line":888,"column":34}},"454":{"start":{"line":889,"column":4},"end":{"line":895,"column":5}},"455":{"start":{"line":890,"column":8},"end":{"line":890,"column":26}},"456":{"start":{"line":891,"column":11},"end":{"line":895,"column":5}},"457":{"start":{"line":892,"column":8},"end":{"line":892,"column":27}},"458":{"start":{"line":894,"column":8},"end":{"line":894,"column":27}},"459":{"start":{"line":897,"column":4},"end":{"line":924,"column":5}},"460":{"start":{"line":901,"column":12},"end":{"line":901,"column":31}},"461":{"start":{"line":902,"column":12},"end":{"line":902,"column":18}},"462":{"start":{"line":906,"column":12},"end":{"line":906,"column":31}},"463":{"start":{"line":907,"column":12},"end":{"line":907,"column":18}},"464":{"start":{"line":911,"column":12},"end":{"line":911,"column":31}},"465":{"start":{"line":912,"column":12},"end":{"line":912,"column":18}},"466":{"start":{"line":916,"column":12},"end":{"line":916,"column":31}},"467":{"start":{"line":917,"column":12},"end":{"line":917,"column":18}},"468":{"start":{"line":920,"column":12},"end":{"line":920,"column":31}},"469":{"start":{"line":921,"column":12},"end":{"line":921,"column":18}},"470":{"start":{"line":923,"column":12},"end":{"line":923,"column":36}},"471":{"start":{"line":926,"column":4},"end":{"line":926,"column":23}},"472":{"start":{"line":929,"column":35},"end":{"line":931,"column":1}},"473":{"start":{"line":930,"column":4},"end":{"line":930,"column":27}},"474":{"start":{"line":933,"column":26},"end":{"line":935,"column":1}},"475":{"start":{"line":934,"column":4},"end":{"line":934,"column":18}},"476":{"start":{"line":937,"column":29},"end":{"line":939,"column":1}},"477":{"start":{"line":938,"column":4},"end":{"line":938,"column":22}},"478":{"start":{"line":941,"column":25},"end":{"line":943,"column":1}},"479":{"start":{"line":942,"column":4},"end":{"line":942,"column":35}},"480":{"start":{"line":945,"column":26},"end":{"line":947,"column":1}},"481":{"start":{"line":946,"column":4},"end":{"line":946,"column":19}},"482":{"start":{"line":949,"column":35},"end":{"line":957,"column":1}},"483":{"start":{"line":950,"column":32},"end":{"line":950,"column":41}},"484":{"start":{"line":951,"column":4},"end":{"line":955,"column":6}},"485":{"start":{"line":952,"column":8},"end":{"line":954,"column":9}},"486":{"start":{"line":953,"column":12},"end":{"line":953,"column":49}},"487":{"start":{"line":956,"column":4},"end":{"line":956,"column":30}},"488":{"start":{"line":959,"column":37},"end":{"line":967,"column":1}},"489":{"start":{"line":960,"column":34},"end":{"line":960,"column":43}},"490":{"start":{"line":961,"column":4},"end":{"line":965,"column":6}},"491":{"start":{"line":962,"column":8},"end":{"line":964,"column":9}},"492":{"start":{"line":963,"column":12},"end":{"line":963,"column":51}},"493":{"start":{"line":966,"column":4},"end":{"line":966,"column":32}},"494":{"start":{"line":969,"column":24},"end":{"line":971,"column":1}},"495":{"start":{"line":970,"column":4},"end":{"line":970,"column":17}},"496":{"start":{"line":973,"column":23},"end":{"line":975,"column":1}},"497":{"start":{"line":974,"column":4},"end":{"line":974,"column":31}},"498":{"start":{"line":977,"column":28},"end":{"line":979,"column":1}},"499":{"start":{"line":978,"column":4},"end":{"line":978,"column":21}},"500":{"start":{"line":981,"column":23},"end":{"line":981,"column":125}},"501":{"start":{"line":981,"column":34},"end":{"line":981,"column":124}},"502":{"start":{"line":982,"column":28},"end":{"line":982,"column":135}},"503":{"start":{"line":982,"column":39},"end":{"line":982,"column":134}},"504":{"start":{"line":983,"column":19},"end":{"line":983,"column":119}},"505":{"start":{"line":983,"column":30},"end":{"line":983,"column":118}},"506":{"start":{"line":984,"column":23},"end":{"line":984,"column":54}},"507":{"start":{"line":984,"column":34},"end":{"line":984,"column":53}},"508":{"start":{"line":992,"column":48},"end":{"line":1002,"column":1}},"509":{"start":{"line":993,"column":25},"end":{"line":993,"column":27}},"510":{"start":{"line":994,"column":4},"end":{"line":1000,"column":5}},"511":{"start":{"line":995,"column":8},"end":{"line":999,"column":10}},"512":{"start":{"line":996,"column":12},"end":{"line":998,"column":13}},"513":{"start":{"line":997,"column":16},"end":{"line":997,"column":45}},"514":{"start":{"line":1001,"column":4},"end":{"line":1001,"column":24}},"515":{"start":{"line":1009,"column":37},"end":{"line":1017,"column":1}},"516":{"start":{"line":1010,"column":20},"end":{"line":1010,"column":22}},"517":{"start":{"line":1011,"column":4},"end":{"line":1015,"column":6}},"518":{"start":{"line":1012,"column":8},"end":{"line":1014,"column":9}},"519":{"start":{"line":1013,"column":12},"end":{"line":1013,"column":27}},"520":{"start":{"line":1016,"column":4},"end":{"line":1016,"column":18}},"521":{"start":{"line":1019,"column":20},"end":{"line":1024,"column":1}},"522":{"start":{"line":1020,"column":4},"end":{"line":1022,"column":5}},"523":{"start":{"line":1021,"column":8},"end":{"line":1021,"column":23}},"524":{"start":{"line":1023,"column":4},"end":{"line":1023,"column":34}},"525":{"start":{"line":1033,"column":34},"end":{"line":1098,"column":1}},"526":{"start":{"line":1034,"column":17},"end":{"line":1034,"column":18}},"527":{"start":{"line":1035,"column":22},"end":{"line":1035,"column":31}},"528":{"start":{"line":1037,"column":4},"end":{"line":1039,"column":5}},"529":{"start":{"line":1038,"column":8},"end":{"line":1038,"column":34}},"530":{"start":{"line":1041,"column":4},"end":{"line":1045,"column":5}},"531":{"start":{"line":1042,"column":8},"end":{"line":1042,"column":73}},"532":{"start":{"line":1044,"column":8},"end":{"line":1044,"column":50}},"533":{"start":{"line":1047,"column":4},"end":{"line":1058,"column":5}},"534":{"start":{"line":1048,"column":8},"end":{"line":1052,"column":9}},"535":{"start":{"line":1049,"column":12},"end":{"line":1049,"column":80}},"536":{"start":{"line":1051,"column":12},"end":{"line":1051,"column":60}},"537":{"start":{"line":1053,"column":8},"end":{"line":1057,"column":9}},"538":{"start":{"line":1054,"column":12},"end":{"line":1054,"column":82}},"539":{"start":{"line":1056,"column":12},"end":{"line":1056,"column":62}},"540":{"start":{"line":1060,"column":23},"end":{"line":1060,"column":76}},"541":{"start":{"line":1062,"column":4},"end":{"line":1068,"column":5}},"542":{"start":{"line":1063,"column":8},"end":{"line":1067,"column":9}},"543":{"start":{"line":1064,"column":12},"end":{"line":1064,"column":87}},"544":{"start":{"line":1066,"column":12},"end":{"line":1066,"column":64}},"545":{"start":{"line":1070,"column":4},"end":{"line":1077,"column":5}},"546":{"start":{"line":1071,"column":8},"end":{"line":1076,"column":10}},"547":{"start":{"line":1072,"column":37},"end":{"line":1072,"column":85}},"548":{"start":{"line":1073,"column":12},"end":{"line":1073,"column":103}},"549":{"start":{"line":1075,"column":12},"end":{"line":1075,"column":77}},"550":{"start":{"line":1079,"column":18},"end":{"line":1079,"column":35}},"551":{"start":{"line":1080,"column":4},"end":{"line":1080,"column":70}},"552":{"start":{"line":1080,"column":35},"end":{"line":1080,"column":68}},"553":{"start":{"line":1081,"column":4},"end":{"line":1096,"column":5}},"554":{"start":{"line":1082,"column":25},"end":{"line":1082,"column":73}},"555":{"start":{"line":1083,"column":8},"end":{"line":1095,"column":10}},"556":{"start":{"line":1084,"column":29},"end":{"line":1084,"column":74}},"557":{"start":{"line":1085,"column":12},"end":{"line":1089,"column":13}},"558":{"start":{"line":1086,"column":16},"end":{"line":1086,"column":108}},"559":{"start":{"line":1088,"column":16},"end":{"line":1088,"column":65}},"560":{"start":{"line":1090,"column":12},"end":{"line":1094,"column":13}},"561":{"start":{"line":1091,"column":16},"end":{"line":1091,"column":86}},"562":{"start":{"line":1093,"column":16},"end":{"line":1093,"column":72}},"563":{"start":{"line":1097,"column":4},"end":{"line":1097,"column":33}},"564":{"start":{"line":1101,"column":14},"end":{"line":1101,"column":16}},"565":{"start":{"line":1102,"column":4},"end":{"line":1121,"column":5}},"566":{"start":{"line":1104,"column":12},"end":{"line":1104,"column":29}},"567":{"start":{"line":1105,"column":12},"end":{"line":1105,"column":18}},"568":{"start":{"line":1107,"column":12},"end":{"line":1107,"column":30}},"569":{"start":{"line":1108,"column":12},"end":{"line":1108,"column":18}},"570":{"start":{"line":1110,"column":12},"end":{"line":1110,"column":29}},"571":{"start":{"line":1111,"column":12},"end":{"line":1111,"column":18}},"572":{"start":{"line":1113,"column":12},"end":{"line":1113,"column":29}},"573":{"start":{"line":1114,"column":12},"end":{"line":1114,"column":18}},"574":{"start":{"line":1116,"column":12},"end":{"line":1116,"column":29}},"575":{"start":{"line":1117,"column":12},"end":{"line":1117,"column":18}},"576":{"start":{"line":1119,"column":12},"end":{"line":1119,"column":34}},"577":{"start":{"line":1120,"column":12},"end":{"line":1120,"column":18}},"578":{"start":{"line":1122,"column":4},"end":{"line":1122,"column":18}},"579":{"start":{"line":1123,"column":4},"end":{"line":1142,"column":5}},"580":{"start":{"line":1125,"column":12},"end":{"line":1125,"column":28}},"581":{"start":{"line":1126,"column":12},"end":{"line":1126,"column":18}},"582":{"start":{"line":1128,"column":12},"end":{"line":1128,"column":29}},"583":{"start":{"line":1129,"column":12},"end":{"line":1129,"column":18}},"584":{"start":{"line":1131,"column":12},"end":{"line":1131,"column":31}},"585":{"start":{"line":1132,"column":12},"end":{"line":1132,"column":18}},"586":{"start":{"line":1134,"column":12},"end":{"line":1134,"column":30}},"587":{"start":{"line":1135,"column":12},"end":{"line":1135,"column":18}},"588":{"start":{"line":1137,"column":12},"end":{"line":1137,"column":28}},"589":{"start":{"line":1138,"column":12},"end":{"line":1138,"column":18}},"590":{"start":{"line":1140,"column":12},"end":{"line":1140,"column":33}},"591":{"start":{"line":1141,"column":12},"end":{"line":1141,"column":18}},"592":{"start":{"line":1143,"column":4},"end":{"line":1143,"column":15}},"593":{"start":{"line":1153,"column":24},"end":{"line":1163,"column":1}},"594":{"start":{"line":1154,"column":16},"end":{"line":1154,"column":21}},"595":{"start":{"line":1155,"column":4},"end":{"line":1161,"column":7}},"596":{"start":{"line":1156,"column":8},"end":{"line":1160,"column":9}},"597":{"start":{"line":1157,"column":12},"end":{"line":1159,"column":13}},"598":{"start":{"line":1158,"column":16},"end":{"line":1158,"column":29}},"599":{"start":{"line":1162,"column":4},"end":{"line":1162,"column":17}},"600":{"start":{"line":1172,"column":31},"end":{"line":1224,"column":1}},"601":{"start":{"line":1173,"column":21},"end":{"line":1173,"column":30}},"602":{"start":{"line":1174,"column":21},"end":{"line":1174,"column":30}},"603":{"start":{"line":1175,"column":21},"end":{"line":1175,"column":30}},"604":{"start":{"line":1176,"column":21},"end":{"line":1176,"column":30}},"605":{"start":{"line":1178,"column":24},"end":{"line":1178,"column":25}},"606":{"start":{"line":1181,"column":25},"end":{"line":1181,"column":68}},"607":{"start":{"line":1181,"column":52},"end":{"line":1181,"column":67}},"608":{"start":{"line":1182,"column":4},"end":{"line":1191,"column":5}},"609":{"start":{"line":1183,"column":30},"end":{"line":1183,"column":111}},"610":{"start":{"line":1184,"column":24},"end":{"line":1184,"column":34}},"611":{"start":{"line":1185,"column":29},"end":{"line":1185,"column":39}},"612":{"start":{"line":1186,"column":8},"end":{"line":1186,"column":109}},"613":{"start":{"line":1187,"column":8},"end":{"line":1187,"column":39}},"614":{"start":{"line":1188,"column":8},"end":{"line":1190,"column":9}},"615":{"start":{"line":1189,"column":12},"end":{"line":1189,"column":29}},"616":{"start":{"line":1193,"column":4},"end":{"line":1221,"column":7}},"617":{"start":{"line":1195,"column":8},"end":{"line":1220,"column":9}},"618":{"start":{"line":1195,"column":21},"end":{"line":1195,"column":22}},"619":{"start":{"line":1197,"column":12},"end":{"line":1219,"column":13}},"620":{"start":{"line":1197,"column":25},"end":{"line":1197,"column":38}},"621":{"start":{"line":1198,"column":16},"end":{"line":1218,"column":17}},"622":{"start":{"line":1199,"column":37},"end":{"line":1199,"column":75}},"623":{"start":{"line":1200,"column":31},"end":{"line":1200,"column":44}},"624":{"start":{"line":1202,"column":20},"end":{"line":1217,"column":21}},"625":{"start":{"line":1203,"column":24},"end":{"line":1203,"column":42}},"626":{"start":{"line":1204,"column":24},"end":{"line":1204,"column":51}},"627":{"start":{"line":1205,"column":24},"end":{"line":1205,"column":42}},"628":{"start":{"line":1206,"column":24},"end":{"line":1206,"column":43}},"629":{"start":{"line":1207,"column":27},"end":{"line":1217,"column":21}},"630":{"start":{"line":1208,"column":24},"end":{"line":1216,"column":25}},"631":{"start":{"line":1212,"column":28},"end":{"line":1212,"column":46}},"632":{"start":{"line":1213,"column":28},"end":{"line":1213,"column":55}},"633":{"start":{"line":1214,"column":28},"end":{"line":1214,"column":46}},"634":{"start":{"line":1215,"column":28},"end":{"line":1215,"column":47}},"635":{"start":{"line":1223,"column":4},"end":{"line":1223,"column":60}},"636":{"start":{"line":1233,"column":28},"end":{"line":1242,"column":1}},"637":{"start":{"line":1234,"column":4},"end":{"line":1241,"column":5}},"638":{"start":{"line":1235,"column":8},"end":{"line":1235,"column":20}},"639":{"start":{"line":1237,"column":8},"end":{"line":1240,"column":38}},"640":{"start":{"line":1238,"column":27},"end":{"line":1238,"column":57}},"641":{"start":{"line":1239,"column":28},"end":{"line":1239,"column":43}},"642":{"start":{"line":1240,"column":32},"end":{"line":1240,"column":37}},"643":{"start":{"line":1250,"column":37},"end":{"line":1291,"column":1}},"644":{"start":{"line":1251,"column":17},"end":{"line":1251,"column":81}},"645":{"start":{"line":1251,"column":60},"end":{"line":1251,"column":80}},"646":{"start":{"line":1252,"column":4},"end":{"line":1262,"column":7}},"647":{"start":{"line":1253,"column":8},"end":{"line":1261,"column":9}},"648":{"start":{"line":1254,"column":12},"end":{"line":1260,"column":14}},"649":{"start":{"line":1255,"column":16},"end":{"line":1259,"column":17}},"650":{"start":{"line":1256,"column":20},"end":{"line":1258,"column":22}},"651":{"start":{"line":1256,"column":63},"end":{"line":1256,"column":76}},"652":{"start":{"line":1257,"column":24},"end":{"line":1257,"column":49}},"653":{"start":{"line":1263,"column":20},"end":{"line":1263,"column":55}},"654":{"start":{"line":1263,"column":38},"end":{"line":1263,"column":54}},"655":{"start":{"line":1264,"column":29},"end":{"line":1264,"column":31}},"656":{"start":{"line":1265,"column":31},"end":{"line":1265,"column":33}},"657":{"start":{"line":1266,"column":4},"end":{"line":1289,"column":5}},"658":{"start":{"line":1267,"column":29},"end":{"line":1267,"column":73}},"659":{"start":{"line":1268,"column":8},"end":{"line":1288,"column":9}},"660":{"start":{"line":1269,"column":37},"end":{"line":1269,"column":54}},"661":{"start":{"line":1270,"column":12},"end":{"line":1270,"column":76}},"662":{"start":{"line":1271,"column":23},"end":{"line":1271,"column":51}},"663":{"start":{"line":1273,"column":12},"end":{"line":1280,"column":13}},"664":{"start":{"line":1274,"column":25},"end":{"line":1274,"column":47}},"665":{"start":{"line":1275,"column":16},"end":{"line":1279,"column":17}},"666":{"start":{"line":1276,"column":20},"end":{"line":1276,"column":55}},"667":{"start":{"line":1277,"column":20},"end":{"line":1277,"column":82}},"668":{"start":{"line":1278,"column":20},"end":{"line":1278,"column":82}},"669":{"start":{"line":1282,"column":32},"end":{"line":1282,"column":90}},"670":{"start":{"line":1283,"column":12},"end":{"line":1283,"column":47}},"671":{"start":{"line":1284,"column":12},"end":{"line":1284,"column":53}},"672":{"start":{"line":1285,"column":12},"end":{"line":1285,"column":70}},"673":{"start":{"line":1286,"column":15},"end":{"line":1288,"column":9}},"674":{"start":{"line":1287,"column":12},"end":{"line":1287,"column":61}},"675":{"start":{"line":1290,"column":4},"end":{"line":1290,"column":28}},"676":{"start":{"line":1300,"column":34},"end":{"line":1365,"column":1}},"677":{"start":{"line":1301,"column":26},"end":{"line":1301,"column":27}},"678":{"start":{"line":1302,"column":33},"end":{"line":1302,"column":55}},"679":{"start":{"line":1303,"column":20},"end":{"line":1303,"column":21}},"680":{"start":{"line":1305,"column":4},"end":{"line":1318,"column":5}},"681":{"start":{"line":1305,"column":17},"end":{"line":1305,"column":18}},"682":{"start":{"line":1306,"column":8},"end":{"line":1306,"column":22}},"683":{"start":{"line":1307,"column":8},"end":{"line":1311,"column":9}},"684":{"start":{"line":1308,"column":12},"end":{"line":1310,"column":13}},"685":{"start":{"line":1309,"column":16},"end":{"line":1309,"column":28}},"686":{"start":{"line":1312,"column":8},"end":{"line":1317,"column":9}},"687":{"start":{"line":1313,"column":12},"end":{"line":1313,"column":25}},"688":{"start":{"line":1314,"column":15},"end":{"line":1317,"column":9}},"689":{"start":{"line":1315,"column":12},"end":{"line":1315,"column":40}},"690":{"start":{"line":1316,"column":12},"end":{"line":1316,"column":44}},"691":{"start":{"line":1320,"column":4},"end":{"line":1333,"column":5}},"692":{"start":{"line":1320,"column":17},"end":{"line":1320,"column":18}},"693":{"start":{"line":1321,"column":8},"end":{"line":1321,"column":22}},"694":{"start":{"line":1322,"column":8},"end":{"line":1326,"column":9}},"695":{"start":{"line":1323,"column":12},"end":{"line":1325,"column":13}},"696":{"start":{"line":1324,"column":16},"end":{"line":1324,"column":28}},"697":{"start":{"line":1327,"column":8},"end":{"line":1332,"column":9}},"698":{"start":{"line":1328,"column":12},"end":{"line":1328,"column":25}},"699":{"start":{"line":1329,"column":15},"end":{"line":1332,"column":9}},"700":{"start":{"line":1330,"column":12},"end":{"line":1330,"column":40}},"701":{"start":{"line":1331,"column":12},"end":{"line":1331,"column":44}},"702":{"start":{"line":1336,"column":4},"end":{"line":1341,"column":5}},"703":{"start":{"line":1337,"column":8},"end":{"line":1337,"column":22}},"704":{"start":{"line":1338,"column":8},"end":{"line":1340,"column":9}},"705":{"start":{"line":1339,"column":12},"end":{"line":1339,"column":24}},"706":{"start":{"line":1342,"column":4},"end":{"line":1362,"column":5}},"707":{"start":{"line":1343,"column":8},"end":{"line":1343,"column":21}},"708":{"start":{"line":1345,"column":8},"end":{"line":1345,"column":47}},"709":{"start":{"line":1346,"column":8},"end":{"line":1349,"column":9}},"710":{"start":{"line":1347,"column":12},"end":{"line":1347,"column":40}},"711":{"start":{"line":1348,"column":12},"end":{"line":1348,"column":44}},"712":{"start":{"line":1350,"column":24},"end":{"line":1350,"column":25}},"713":{"start":{"line":1351,"column":8},"end":{"line":1355,"column":9}},"714":{"start":{"line":1352,"column":12},"end":{"line":1354,"column":13}},"715":{"start":{"line":1353,"column":16},"end":{"line":1353,"column":28}},"716":{"start":{"line":1356,"column":8},"end":{"line":1361,"column":9}},"717":{"start":{"line":1357,"column":12},"end":{"line":1357,"column":25}},"718":{"start":{"line":1358,"column":15},"end":{"line":1361,"column":9}},"719":{"start":{"line":1359,"column":12},"end":{"line":1359,"column":40}},"720":{"start":{"line":1360,"column":12},"end":{"line":1360,"column":44}},"721":{"start":{"line":1364,"column":4},"end":{"line":1364,"column":34}},"722":{"start":{"line":1373,"column":34},"end":{"line":1435,"column":1}},"723":{"start":{"line":1374,"column":26},"end":{"line":1374,"column":27}},"724":{"start":{"line":1375,"column":33},"end":{"line":1375,"column":55}},"725":{"start":{"line":1376,"column":20},"end":{"line":1376,"column":21}},"726":{"start":{"line":1378,"column":4},"end":{"line":1391,"column":5}},"727":{"start":{"line":1378,"column":17},"end":{"line":1378,"column":18}},"728":{"start":{"line":1379,"column":8},"end":{"line":1379,"column":22}},"729":{"start":{"line":1380,"column":8},"end":{"line":1384,"column":9}},"730":{"start":{"line":1381,"column":12},"end":{"line":1383,"column":13}},"731":{"start":{"line":1382,"column":16},"end":{"line":1382,"column":28}},"732":{"start":{"line":1385,"column":8},"end":{"line":1390,"column":9}},"733":{"start":{"line":1386,"column":12},"end":{"line":1386,"column":25}},"734":{"start":{"line":1387,"column":15},"end":{"line":1390,"column":9}},"735":{"start":{"line":1388,"column":12},"end":{"line":1388,"column":40}},"736":{"start":{"line":1389,"column":12},"end":{"line":1389,"column":44}},"737":{"start":{"line":1393,"column":4},"end":{"line":1405,"column":5}},"738":{"start":{"line":1393,"column":17},"end":{"line":1393,"column":18}},"739":{"start":{"line":1394,"column":8},"end":{"line":1398,"column":9}},"740":{"start":{"line":1395,"column":12},"end":{"line":1397,"column":13}},"741":{"start":{"line":1396,"column":16},"end":{"line":1396,"column":28}},"742":{"start":{"line":1399,"column":8},"end":{"line":1404,"column":9}},"743":{"start":{"line":1400,"column":12},"end":{"line":1400,"column":25}},"744":{"start":{"line":1401,"column":15},"end":{"line":1404,"column":9}},"745":{"start":{"line":1402,"column":12},"end":{"line":1402,"column":40}},"746":{"start":{"line":1403,"column":12},"end":{"line":1403,"column":44}},"747":{"start":{"line":1408,"column":4},"end":{"line":1412,"column":5}},"748":{"start":{"line":1409,"column":8},"end":{"line":1411,"column":9}},"749":{"start":{"line":1410,"column":12},"end":{"line":1410,"column":24}},"750":{"start":{"line":1413,"column":4},"end":{"line":1432,"column":5}},"751":{"start":{"line":1414,"column":8},"end":{"line":1414,"column":21}},"752":{"start":{"line":1416,"column":8},"end":{"line":1419,"column":9}},"753":{"start":{"line":1417,"column":12},"end":{"line":1417,"column":40}},"754":{"start":{"line":1418,"column":12},"end":{"line":1418,"column":44}},"755":{"start":{"line":1420,"column":24},"end":{"line":1420,"column":25}},"756":{"start":{"line":1421,"column":8},"end":{"line":1425,"column":9}},"757":{"start":{"line":1422,"column":12},"end":{"line":1424,"column":13}},"758":{"start":{"line":1423,"column":16},"end":{"line":1423,"column":28}},"759":{"start":{"line":1426,"column":8},"end":{"line":1431,"column":9}},"760":{"start":{"line":1427,"column":12},"end":{"line":1427,"column":25}},"761":{"start":{"line":1428,"column":15},"end":{"line":1431,"column":9}},"762":{"start":{"line":1429,"column":12},"end":{"line":1429,"column":40}},"763":{"start":{"line":1430,"column":12},"end":{"line":1430,"column":44}},"764":{"start":{"line":1434,"column":4},"end":{"line":1434,"column":34}},"765":{"start":{"line":1438,"column":19},"end":{"line":1438,"column":28}},"766":{"start":{"line":1439,"column":4},"end":{"line":1443,"column":7}},"767":{"start":{"line":1440,"column":5},"end":{"line":1442,"column":6}},"768":{"start":{"line":1441,"column":9},"end":{"line":1441,"column":79}},"769":{"start":{"line":1444,"column":4},"end":{"line":1444,"column":20}},"770":{"start":{"line":1448,"column":17},"end":{"line":1448,"column":18}},"771":{"start":{"line":1449,"column":18},"end":{"line":1449,"column":51}},"772":{"start":{"line":1451,"column":4},"end":{"line":1458,"column":5}},"773":{"start":{"line":1452,"column":8},"end":{"line":1454,"column":9}},"774":{"start":{"line":1453,"column":9},"end":{"line":1453,"column":49}},"775":{"start":{"line":1455,"column":8},"end":{"line":1457,"column":9}},"776":{"start":{"line":1456,"column":9},"end":{"line":1456,"column":51}},"777":{"start":{"line":1460,"column":4},"end":{"line":1489,"column":6}},"778":{"start":{"line":1461,"column":8},"end":{"line":1463,"column":9}},"779":{"start":{"line":1462,"column":9},"end":{"line":1462,"column":56}},"780":{"start":{"line":1465,"column":8},"end":{"line":1470,"column":9}},"781":{"start":{"line":1466,"column":9},"end":{"line":1469,"column":11}},"782":{"start":{"line":1467,"column":38},"end":{"line":1467,"column":86}},"783":{"start":{"line":1468,"column":13},"end":{"line":1468,"column":76}},"784":{"start":{"line":1472,"column":25},"end":{"line":1472,"column":60}},"785":{"start":{"line":1473,"column":8},"end":{"line":1488,"column":9}},"786":{"start":{"line":1474,"column":12},"end":{"line":1476,"column":13}},"787":{"start":{"line":1475,"column":16},"end":{"line":1475,"column":60}},"788":{"start":{"line":1478,"column":34},"end":{"line":1478,"column":35}},"789":{"start":{"line":1479,"column":12},"end":{"line":1483,"column":13}},"790":{"start":{"line":1479,"column":25},"end":{"line":1479,"column":26}},"791":{"start":{"line":1480,"column":16},"end":{"line":1482,"column":17}},"792":{"start":{"line":1481,"column":20},"end":{"line":1481,"column":41}},"793":{"start":{"line":1485,"column":12},"end":{"line":1487,"column":13}},"794":{"start":{"line":1486,"column":16},"end":{"line":1486,"column":58}},"795":{"start":{"line":1491,"column":25},"end":{"line":1491,"column":90}},"796":{"start":{"line":1491,"column":67},"end":{"line":1491,"column":89}},"797":{"start":{"line":1494,"column":4},"end":{"line":1526,"column":5}},"798":{"start":{"line":1495,"column":8},"end":{"line":1495,"column":34}},"799":{"start":{"line":1497,"column":30},"end":{"line":1497,"column":39}},"800":{"start":{"line":1499,"column":8},"end":{"line":1525,"column":11}},"801":{"start":{"line":1501,"column":31},"end":{"line":1501,"column":35}},"802":{"start":{"line":1502,"column":30},"end":{"line":1502,"column":46}},"803":{"start":{"line":1504,"column":12},"end":{"line":1515,"column":19}},"804":{"start":{"line":1507,"column":16},"end":{"line":1514,"column":17}},"805":{"start":{"line":1512,"column":20},"end":{"line":1512,"column":40}},"806":{"start":{"line":1513,"column":20},"end":{"line":1513,"column":48}},"807":{"start":{"line":1518,"column":16},"end":{"line":1523,"column":17}},"808":{"start":{"line":1519,"column":20},"end":{"line":1519,"column":57}},"809":{"start":{"line":1520,"column":20},"end":{"line":1522,"column":22}},"810":{"start":{"line":1521,"column":66},"end":{"line":1521,"column":101}},"811":{"start":{"line":1524,"column":16},"end":{"line":1524,"column":48}},"812":{"start":{"line":1528,"column":4},"end":{"line":1528,"column":18}},"813":{"start":{"line":1532,"column":25},"end":{"line":1532,"column":90}},"814":{"start":{"line":1532,"column":67},"end":{"line":1532,"column":89}},"815":{"start":{"line":1533,"column":26},"end":{"line":1533,"column":35}},"816":{"start":{"line":1535,"column":4},"end":{"line":1560,"column":7}},"817":{"start":{"line":1537,"column":27},"end":{"line":1537,"column":31}},"818":{"start":{"line":1538,"column":26},"end":{"line":1538,"column":42}},"819":{"start":{"line":1540,"column":8},"end":{"line":1550,"column":11}},"820":{"start":{"line":1542,"column":12},"end":{"line":1549,"column":13}},"821":{"start":{"line":1547,"column":16},"end":{"line":1547,"column":36}},"822":{"start":{"line":1548,"column":16},"end":{"line":1548,"column":44}},"823":{"start":{"line":1553,"column":8},"end":{"line":1557,"column":9}},"824":{"start":{"line":1554,"column":12},"end":{"line":1556,"column":14}},"825":{"start":{"line":1555,"column":58},"end":{"line":1555,"column":93}},"826":{"start":{"line":1558,"column":8},"end":{"line":1558,"column":40}},"827":{"start":{"line":1559,"column":8},"end":{"line":1559,"column":54}},"828":{"start":{"line":1569,"column":38},"end":{"line":1602,"column":1}},"829":{"start":{"line":1570,"column":29},"end":{"line":1570,"column":35}},"830":{"start":{"line":1571,"column":24},"end":{"line":1571,"column":88}},"831":{"start":{"line":1571,"column":68},"end":{"line":1571,"column":86}},"832":{"start":{"line":1572,"column":25},"end":{"line":1572,"column":26}},"833":{"start":{"line":1573,"column":4},"end":{"line":1599,"column":6}},"834":{"start":{"line":1574,"column":35},"end":{"line":1574,"column":37}},"835":{"start":{"line":1575,"column":8},"end":{"line":1579,"column":9}},"836":{"start":{"line":1576,"column":12},"end":{"line":1578,"column":13}},"837":{"start":{"line":1577,"column":16},"end":{"line":1577,"column":48}},"838":{"start":{"line":1580,"column":34},"end":{"line":1580,"column":36}},"839":{"start":{"line":1582,"column":8},"end":{"line":1587,"column":9}},"840":{"start":{"line":1582,"column":21},"end":{"line":1582,"column":22}},"841":{"start":{"line":1583,"column":12},"end":{"line":1586,"column":13}},"842":{"start":{"line":1584,"column":31},"end":{"line":1584,"column":83}},"843":{"start":{"line":1585,"column":16},"end":{"line":1585,"column":81}},"844":{"start":{"line":1590,"column":8},"end":{"line":1590,"column":64}},"845":{"start":{"line":1591,"column":32},"end":{"line":1593,"column":34}},"846":{"start":{"line":1592,"column":12},"end":{"line":1592,"column":83}},"847":{"start":{"line":1595,"column":24},"end":{"line":1595,"column":45}},"848":{"start":{"line":1596,"column":25},"end":{"line":1596,"column":47}},"849":{"start":{"line":1597,"column":8},"end":{"line":1597,"column":71}},"850":{"start":{"line":1598,"column":8},"end":{"line":1598,"column":51}},"851":{"start":{"line":1601,"column":4},"end":{"line":1601,"column":26}},"852":{"start":{"line":1610,"column":17},"end":{"line":1610,"column":18}},"853":{"start":{"line":1611,"column":16},"end":{"line":1611,"column":40}},"854":{"start":{"line":1612,"column":4},"end":{"line":1698,"column":5}},"855":{"start":{"line":1613,"column":22},"end":{"line":1613,"column":49}},"856":{"start":{"line":1614,"column":8},"end":{"line":1697,"column":9}},"857":{"start":{"line":1615,"column":28},"end":{"line":1615,"column":30}},"858":{"start":{"line":1616,"column":12},"end":{"line":1619,"column":15}},"859":{"start":{"line":1617,"column":31},"end":{"line":1617,"column":77}},"860":{"start":{"line":1617,"column":58},"end":{"line":1617,"column":76}},"861":{"start":{"line":1618,"column":16},"end":{"line":1618,"column":58}},"862":{"start":{"line":1618,"column":32},"end":{"line":1618,"column":56}},"863":{"start":{"line":1620,"column":36},"end":{"line":1620,"column":113}},"864":{"start":{"line":1620,"column":79},"end":{"line":1620,"column":112}},"865":{"start":{"line":1621,"column":30},"end":{"line":1621,"column":99}},"866":{"start":{"line":1621,"column":78},"end":{"line":1621,"column":97}},"867":{"start":{"line":1622,"column":12},"end":{"line":1644,"column":13}},"868":{"start":{"line":1623,"column":16},"end":{"line":1643,"column":17}},"869":{"start":{"line":1624,"column":38},"end":{"line":1624,"column":39}},"870":{"start":{"line":1625,"column":38},"end":{"line":1625,"column":40}},"871":{"start":{"line":1626,"column":20},"end":{"line":1633,"column":21}},"872":{"start":{"line":1627,"column":24},"end":{"line":1632,"column":25}},"873":{"start":{"line":1627,"column":104},"end":{"line":1627,"column":122}},"874":{"start":{"line":1628,"column":28},"end":{"line":1631,"column":29}},"875":{"start":{"line":1629,"column":32},"end":{"line":1629,"column":65}},"876":{"start":{"line":1630,"column":32},"end":{"line":1630,"column":62}},"877":{"start":{"line":1634,"column":31},"end":{"line":1634,"column":84}},"878":{"start":{"line":1634,"column":52},"end":{"line":1634,"column":83}},"879":{"start":{"line":1635,"column":20},"end":{"line":1640,"column":21}},"880":{"start":{"line":1636,"column":24},"end":{"line":1636,"column":54}},"881":{"start":{"line":1637,"column":24},"end":{"line":1637,"column":55}},"882":{"start":{"line":1638,"column":24},"end":{"line":1638,"column":45}},"883":{"start":{"line":1639,"column":24},"end":{"line":1639,"column":98}},"884":{"start":{"line":1641,"column":20},"end":{"line":1641,"column":52}},"885":{"start":{"line":1642,"column":20},"end":{"line":1642,"column":48}},"886":{"start":{"line":1645,"column":12},"end":{"line":1645,"column":73}},"887":{"start":{"line":1645,"column":45},"end":{"line":1645,"column":72}},"888":{"start":{"line":1646,"column":12},"end":{"line":1646,"column":44}},"889":{"start":{"line":1647,"column":28},"end":{"line":1647,"column":30}},"890":{"start":{"line":1649,"column":12},"end":{"line":1696,"column":13}},"891":{"start":{"line":1650,"column":16},"end":{"line":1695,"column":17}},"892":{"start":{"line":1651,"column":20},"end":{"line":1658,"column":21}},"893":{"start":{"line":1652,"column":50},"end":{"line":1652,"column":68}},"894":{"start":{"line":1653,"column":43},"end":{"line":1653,"column":97}},"895":{"start":{"line":1653,"column":79},"end":{"line":1653,"column":96}},"896":{"start":{"line":1654,"column":24},"end":{"line":1656,"column":25}},"897":{"start":{"line":1655,"column":28},"end":{"line":1655,"column":74}},"898":{"start":{"line":1657,"column":24},"end":{"line":1657,"column":64}},"899":{"start":{"line":1659,"column":41},"end":{"line":1659,"column":127}},"900":{"start":{"line":1659,"column":83},"end":{"line":1659,"column":126}},"901":{"start":{"line":1660,"column":39},"end":{"line":1660,"column":55}},"902":{"start":{"line":1661,"column":35},"end":{"line":1661,"column":44}},"903":{"start":{"line":1663,"column":20},"end":{"line":1671,"column":21}},"904":{"start":{"line":1664,"column":41},"end":{"line":1664,"column":106}},"905":{"start":{"line":1665,"column":24},"end":{"line":1670,"column":25}},"906":{"start":{"line":1666,"column":28},"end":{"line":1666,"column":54}},"907":{"start":{"line":1667,"column":28},"end":{"line":1667,"column":44}},"908":{"start":{"line":1668,"column":31},"end":{"line":1670,"column":25}},"909":{"start":{"line":1669,"column":28},"end":{"line":1669,"column":123}},"910":{"start":{"line":1669,"column":103},"end":{"line":1669,"column":121}},"911":{"start":{"line":1673,"column":20},"end":{"line":1694,"column":21}},"912":{"start":{"line":1674,"column":41},"end":{"line":1674,"column":47}},"913":{"start":{"line":1675,"column":24},"end":{"line":1678,"column":25}},"914":{"start":{"line":1676,"column":28},"end":{"line":1676,"column":96}},"915":{"start":{"line":1676,"column":77},"end":{"line":1676,"column":94}},"916":{"start":{"line":1677,"column":28},"end":{"line":1677,"column":49}},"917":{"start":{"line":1680,"column":24},"end":{"line":1686,"column":25}},"918":{"start":{"line":1681,"column":28},"end":{"line":1681,"column":51}},"919":{"start":{"line":1682,"column":28},"end":{"line":1682,"column":60}},"920":{"start":{"line":1683,"column":28},"end":{"line":1683,"column":61}},"921":{"start":{"line":1684,"column":28},"end":{"line":1684,"column":66}},"922":{"start":{"line":1685,"column":28},"end":{"line":1685,"column":61}},"923":{"start":{"line":1687,"column":24},"end":{"line":1687,"column":91}},"924":{"start":{"line":1689,"column":24},"end":{"line":1689,"column":56}},"925":{"start":{"line":1690,"column":24},"end":{"line":1690,"column":52}},"926":{"start":{"line":1693,"column":24},"end":{"line":1693,"column":48}},"927":{"start":{"line":1700,"column":4},"end":{"line":1700,"column":18}},"928":{"start":{"line":1704,"column":1},"end":{"line":1708,"column":4}},"929":{"start":{"line":1705,"column":5},"end":{"line":1707,"column":6}},"930":{"start":{"line":1706,"column":9},"end":{"line":1706,"column":82}},"931":{"start":{"line":1709,"column":1},"end":{"line":1716,"column":3}},"932":{"start":{"line":1710,"column":5},"end":{"line":1710,"column":31}},"933":{"start":{"line":1711,"column":5},"end":{"line":1715,"column":8}},"934":{"start":{"line":1712,"column":9},"end":{"line":1714,"column":10}},"935":{"start":{"line":1713,"column":13},"end":{"line":1713,"column":90}},"936":{"start":{"line":1720,"column":13},"end":{"line":1720,"column":15}},"937":{"start":{"line":1721,"column":1},"end":{"line":1727,"column":2}},"938":{"start":{"line":1721,"column":14},"end":{"line":1721,"column":15}},"939":{"start":{"line":1722,"column":17},"end":{"line":1722,"column":19}},"940":{"start":{"line":1723,"column":5},"end":{"line":1725,"column":6}},"941":{"start":{"line":1723,"column":18},"end":{"line":1723,"column":19}},"942":{"start":{"line":1724,"column":9},"end":{"line":1724,"column":29}},"943":{"start":{"line":1726,"column":5},"end":{"line":1726,"column":19}},"944":{"start":{"line":1728,"column":1},"end":{"line":1728,"column":12}},"945":{"start":{"line":1732,"column":23},"end":{"line":1732,"column":32}},"946":{"start":{"line":1734,"column":5},"end":{"line":1737,"column":8}},"947":{"start":{"line":1735,"column":27},"end":{"line":1735,"column":38}},"948":{"start":{"line":1736,"column":9},"end":{"line":1736,"column":34}},"949":{"start":{"line":1739,"column":5},"end":{"line":1739,"column":22}},"950":{"start":{"line":1743,"column":22},"end":{"line":1743,"column":24}},"951":{"start":{"line":1744,"column":5},"end":{"line":1750,"column":8}},"952":{"start":{"line":1745,"column":29},"end":{"line":1745,"column":31}},"953":{"start":{"line":1746,"column":9},"end":{"line":1748,"column":12}},"954":{"start":{"line":1747,"column":13},"end":{"line":1747,"column":48}},"955":{"start":{"line":1749,"column":9},"end":{"line":1749,"column":36}},"956":{"start":{"line":1751,"column":5},"end":{"line":1751,"column":21}},"957":{"start":{"line":1758,"column":36},"end":{"line":1780,"column":1}},"958":{"start":{"line":1759,"column":22},"end":{"line":1759,"column":37}},"959":{"start":{"line":1760,"column":4},"end":{"line":1760,"column":80}},"960":{"start":{"line":1761,"column":4},"end":{"line":1761,"column":49}},"961":{"start":{"line":1762,"column":4},"end":{"line":1762,"column":46}},"962":{"start":{"line":1763,"column":4},"end":{"line":1763,"column":36}},"963":{"start":{"line":1765,"column":4},"end":{"line":1774,"column":5}},"964":{"start":{"line":1765,"column":17},"end":{"line":1765,"column":18}},"965":{"start":{"line":1766,"column":29},"end":{"line":1766,"column":60}},"966":{"start":{"line":1767,"column":8},"end":{"line":1767,"column":52}},"967":{"start":{"line":1768,"column":8},"end":{"line":1768,"column":44}},"968":{"start":{"line":1769,"column":8},"end":{"line":1769,"column":40}},"969":{"start":{"line":1770,"column":8},"end":{"line":1770,"column":65}},"970":{"start":{"line":1771,"column":8},"end":{"line":1771,"column":59}},"971":{"start":{"line":1772,"column":23},"end":{"line":1772,"column":54}},"972":{"start":{"line":1773,"column":8},"end":{"line":1773,"column":80}},"973":{"start":{"line":1776,"column":33},"end":{"line":1776,"column":64}},"974":{"start":{"line":1777,"column":4},"end":{"line":1777,"column":67}},"975":{"start":{"line":1778,"column":4},"end":{"line":1778,"column":48}},"976":{"start":{"line":1779,"column":4},"end":{"line":1779,"column":44}},"977":{"start":{"line":1787,"column":22},"end":{"line":1787,"column":37}},"978":{"start":{"line":1788,"column":4},"end":{"line":1788,"column":80}},"979":{"start":{"line":1789,"column":4},"end":{"line":1789,"column":49}},"980":{"start":{"line":1790,"column":4},"end":{"line":1790,"column":46}},"981":{"start":{"line":1791,"column":4},"end":{"line":1791,"column":36}},"982":{"start":{"line":1793,"column":4},"end":{"line":1802,"column":5}},"983":{"start":{"line":1793,"column":17},"end":{"line":1793,"column":18}},"984":{"start":{"line":1794,"column":29},"end":{"line":1794,"column":60}},"985":{"start":{"line":1795,"column":8},"end":{"line":1795,"column":52}},"986":{"start":{"line":1796,"column":8},"end":{"line":1796,"column":44}},"987":{"start":{"line":1797,"column":8},"end":{"line":1797,"column":40}},"988":{"start":{"line":1798,"column":8},"end":{"line":1798,"column":65}},"989":{"start":{"line":1799,"column":8},"end":{"line":1799,"column":59}},"990":{"start":{"line":1800,"column":23},"end":{"line":1800,"column":59}},"991":{"start":{"line":1801,"column":8},"end":{"line":1801,"column":80}},"992":{"start":{"line":1804,"column":33},"end":{"line":1804,"column":64}},"993":{"start":{"line":1805,"column":4},"end":{"line":1805,"column":67}},"994":{"start":{"line":1806,"column":4},"end":{"line":1806,"column":48}},"995":{"start":{"line":1807,"column":4},"end":{"line":1807,"column":44}},"996":{"start":{"line":1816,"column":35},"end":{"line":1816,"column":37}},"997":{"start":{"line":1817,"column":4},"end":{"line":1821,"column":5}},"998":{"start":{"line":1818,"column":8},"end":{"line":1820,"column":9}},"999":{"start":{"line":1819,"column":12},"end":{"line":1819,"column":52}},"1000":{"start":{"line":1822,"column":24},"end":{"line":1822,"column":60}},"1001":{"start":{"line":1823,"column":25},"end":{"line":1823,"column":26}},"1002":{"start":{"line":1824,"column":4},"end":{"line":1853,"column":6}},"1003":{"start":{"line":1825,"column":34},"end":{"line":1825,"column":61}},"1004":{"start":{"line":1826,"column":8},"end":{"line":1852,"column":9}},"1005":{"start":{"line":1827,"column":39},"end":{"line":1827,"column":58}},"1006":{"start":{"line":1828,"column":12},"end":{"line":1833,"column":15}},"1007":{"start":{"line":1829,"column":34},"end":{"line":1829,"column":51}},"1008":{"start":{"line":1830,"column":16},"end":{"line":1832,"column":17}},"1009":{"start":{"line":1831,"column":20},"end":{"line":1831,"column":54}},"1010":{"start":{"line":1834,"column":38},"end":{"line":1834,"column":40}},"1011":{"start":{"line":1836,"column":12},"end":{"line":1841,"column":13}},"1012":{"start":{"line":1836,"column":25},"end":{"line":1836,"column":26}},"1013":{"start":{"line":1837,"column":16},"end":{"line":1840,"column":17}},"1014":{"start":{"line":1837,"column":29},"end":{"line":1837,"column":30}},"1015":{"start":{"line":1838,"column":35},"end":{"line":1838,"column":85}},"1016":{"start":{"line":1839,"column":20},"end":{"line":1839,"column":82}},"1017":{"start":{"line":1843,"column":12},"end":{"line":1843,"column":68}},"1018":{"start":{"line":1844,"column":36},"end":{"line":1846,"column":38}},"1019":{"start":{"line":1845,"column":16},"end":{"line":1845,"column":87}},"1020":{"start":{"line":1848,"column":28},"end":{"line":1848,"column":49}},"1021":{"start":{"line":1849,"column":29},"end":{"line":1849,"column":51}},"1022":{"start":{"line":1850,"column":12},"end":{"line":1850,"column":75}},"1023":{"start":{"line":1851,"column":12},"end":{"line":1851,"column":55}},"1024":{"start":{"line":1855,"column":4},"end":{"line":1855,"column":26}},"1025":{"start":{"line":1862,"column":34},"end":{"line":1870,"column":1}},"1026":{"start":{"line":1863,"column":21},"end":{"line":1863,"column":23}},"1027":{"start":{"line":1864,"column":4},"end":{"line":1868,"column":6}},"1028":{"start":{"line":1865,"column":8},"end":{"line":1867,"column":9}},"1029":{"start":{"line":1866,"column":12},"end":{"line":1866,"column":28}},"1030":{"start":{"line":1869,"column":4},"end":{"line":1869,"column":19}},"1031":{"start":{"line":1878,"column":34},"end":{"line":1906,"column":1}},"1032":{"start":{"line":1879,"column":22},"end":{"line":1879,"column":23}},"1033":{"start":{"line":1880,"column":41},"end":{"line":1880,"column":46}},"1034":{"start":{"line":1881,"column":4},"end":{"line":1903,"column":5}},"1035":{"start":{"line":1882,"column":25},"end":{"line":1882,"column":59}},"1036":{"start":{"line":1884,"column":8},"end":{"line":1886,"column":9}},"1037":{"start":{"line":1885,"column":12},"end":{"line":1885,"column":49}},"1038":{"start":{"line":1888,"column":8},"end":{"line":1902,"column":10}},"1039":{"start":{"line":1890,"column":69},"end":{"line":1890,"column":100}},"1040":{"start":{"line":1892,"column":12},"end":{"line":1900
[...]
:{"line":572,"column":18},"end":{"line":572,"column":53}},"223":{"start":{"line":574,"column":8},"end":{"line":576,"column":9}},"224":{"start":{"line":575,"column":12},"end":{"line":575,"column":22}},"225":{"start":{"line":578,"column":24},"end":{"line":578,"column":56}},"226":{"start":{"line":580,"column":8},"end":{"line":583,"column":9}},"227":{"start":{"line":581,"column":12},"end":{"line":581,"column":46}},"228":{"start":{"line":582,"column":12},"end":{"line":582,"column":34}},"229":{"start":{"line":585,"column":8},"end":{"line":587,"column":51}},"230":{"start":{"line":589,"column":8},"end":{"line":597,"column":9}},"231":{"start":{"line":589,"column":21},"end":{"line":589,"column":22}},"232":{"start":{"line":590,"column":12},"end":{"line":596,"column":13}},"233":{"start":{"line":591,"column":16},"end":{"line":591,"column":36}},"234":{"start":{"line":593,"column":16},"end":{"line":593,"column":49}},"235":{"start":{"line":594,"column":16},"end":{"line":594,"column":45}},"236":{"start":{"line":595,"column":16},"end":{"line":595,"column":47}},"237":{"start":{"line":599,"column":8},"end":{"line":601,"column":36}},"238":{"start":{"line":606,"column":34},"end":{"line":620,"column":1}},"239":{"start":{"line":607,"column":28},"end":{"line":607,"column":78}},"240":{"start":{"line":610,"column":4},"end":{"line":619,"column":5}},"241":{"start":{"line":611,"column":36},"end":{"line":611,"column":54}},"242":{"start":{"line":614,"column":8},"end":{"line":618,"column":9}},"243":{"start":{"line":615,"column":12},"end":{"line":615,"column":56}},"244":{"start":{"line":617,"column":12},"end":{"line":617,"column":55}}},"fnMap":{"0":{"name":"(anonymous_0)","decl":{"start":{"line":20,"column":27},"end":{"line":20,"column":28}},"loc":{"start":{"line":20,"column":46},"end":{"line":39,"column":1}},"line":20},"1":{"name":"(anonymous_1)","decl":{"start":{"line":41,"column":25},"end":{"line":41,"column":26}},"loc":{"start":{"line":41,"column":67},"end":{"line":66,"column":1}},"line":41},"2":{"name":"(anonymous_2)","decl":{"start":{"line":71,"column":29},"end":{"line":71,"column":30}},"loc":{"start":{"line":71,"column":34},"end":{"line":74,"column":1}},"line":71},"3":{"name":"(anonymous_3)","decl":{"start":{"line":75,"column":31},"end":{"line":75,"column":32}},"loc":{"start":{"line":75,"column":36},"end":{"line":81,"column":1}},"line":75},"4":{"name":"(anonymous_4)","decl":{"start":{"line":86,"column":36},"end":{"line":86,"column":37}},"loc":{"start":{"line":86,"column":41},"end":{"line":89,"column":1}},"line":86},"5":{"name":"(anonymous_5)","decl":{"start":{"line":90,"column":38},"end":{"line":90,"column":39}},"loc":{"start":{"line":90,"column":43},"end":{"line":96,"column":1}},"line":90},"6":{"name":"(anonymous_6)","decl":{"start":{"line":101,"column":35},"end":{"line":101,"column":36}},"loc":{"start":{"line":101,"column":40},"end":{"line":107,"column":1}},"line":101},"7":{"name":"(anonymous_7)","decl":{"start":{"line":108,"column":33},"end":{"line":108,"column":34}},"loc":{"start":{"line":108,"column":38},"end":{"line":112,"column":1}},"line":108},"8":{"name":"(anonymous_8)","decl":{"start":{"line":250,"column":36},"end":{"line":250,"column":37}},"loc":{"start":{"line":250,"column":50},"end":{"line":277,"column":1}},"line":250},"9":{"name":"(anonymous_9)","decl":{"start":{"line":252,"column":22},"end":{"line":252,"column":23}},"loc":{"start":{"line":252,"column":32},"end":{"line":276,"column":5}},"line":252},"10":{"name":"(anonymous_10)","decl":{"start":{"line":279,"column":30},"end":{"line":279,"column":31}},"loc":{"start":{"line":279,"column":46},"end":{"line":284,"column":1}},"line":279},"11":{"name":"(anonymous_11)","decl":{"start":{"line":286,"column":29},"end":{"line":286,"column":30}},"loc":{"start":{"line":286,"column":43},"end":{"line":301,"column":1}},"line":286},"12":{"name":"(anonymous_12)","decl":{"start":{"line":293,"column":17},"end":{"line":293,"column":18}},"loc":{"start":{"line":293,"column":23},"end":{"line":299,"column":5}},"line":293},"13":{"name":"(anonymous_13)","decl":{"start":{"line":303,"column":41},"end":{"line":303,"column":42}},"loc":{"start":{"line":303,"column":48},"end":{"line":312,"column":1}},"line":303},"14":{"name":"(anonymous_14)","decl":{"start":{"line":314,"column":34},"end":{"line":314,"column":35}},"loc":{"start":{"line":314,"column":39},"end":{"line":316,"column":1}},"line":314},"15":{"name":"(anonymous_15)","decl":{"start":{"line":318,"column":41},"end":{"line":318,"column":42}},"loc":{"start":{"line":318,"column":46},"end":{"line":320,"column":1}},"line":318},"16":{"name":"(anonymous_16)","decl":{"start":{"line":322,"column":39},"end":{"line":322,"column":40}},"loc":{"start":{"line":322,"column":51},"end":{"line":331,"column":1}},"line":322},"17":{"name":"(anonymous_17)","decl":{"start":{"line":325,"column":17},"end":{"line":325,"column":18}},"loc":{"start":{"line":325,"column":24},"end":{"line":329,"column":5}},"line":325},"18":{"name":"(anonymous_18)","decl":{"start":{"line":359,"column":50},"end":{"line":359,"column":51}},"loc":{"start":{"line":359,"column":61},"end":{"line":378,"column":1}},"line":359},"19":{"name":"(anonymous_19)","decl":{"start":{"line":361,"column":23},"end":{"line":361,"column":24}},"loc":{"start":{"line":361,"column":33},"end":{"line":377,"column":5}},"line":361},"20":{"name":"(anonymous_20)","decl":{"start":{"line":367,"column":43},"end":{"line":367,"column":44}},"loc":{"start":{"line":367,"column":61},"end":{"line":369,"column":21}},"line":367},"21":{"name":"separateCourseCodes","decl":{"start":{"line":380,"column":9},"end":{"line":380,"column":28}},"loc":{"start":{"line":380,"column":49},"end":{"line":394,"column":1}},"line":380},"22":{"name":"getExportedRow","decl":{"start":{"line":396,"column":9},"end":{"line":396,"column":23}},"loc":{"start":{"line":396,"column":71},"end":{"line":437,"column":1}},"line":396},"23":{"name":"getOldCourseByNoWSKey","decl":{"start":{"line":439,"column":9},"end":{"line":439,"column":30}},"loc":{"start":{"line":439,"column":56},"end":{"line":448,"column":1}},"line":439},"24":{"name":"objectToMap","decl":{"start":{"line":450,"column":9},"end":{"line":450,"column":20}},"loc":{"start":{"line":450,"column":26},"end":{"line":452,"column":1}},"line":450},"25":{"name":"(anonymous_25)","decl":{"start":{"line":458,"column":29},"end":{"line":458,"column":30}},"loc":{"start":{"line":458,"column":34},"end":{"line":486,"column":1}},"line":458},"26":{"name":"(anonymous_26)","decl":{"start":{"line":466,"column":23},"end":{"line":466,"column":24}},"loc":{"start":{"line":466,"column":35},"end":{"line":481,"column":5}},"line":466},"27":{"name":"(anonymous_27)","decl":{"start":{"line":468,"column":28},"end":{"line":468,"column":29}},"loc":{"start":{"line":468,"column":42},"end":{"line":480,"column":9}},"line":468},"28":{"name":"(anonymous_28)","decl":{"start":{"line":489,"column":34},"end":{"line":489,"column":35}},"loc":{"start":{"line":489,"column":49},"end":{"line":526,"column":1}},"line":489},"29":{"name":"(anonymous_29)","decl":{"start":{"line":490,"column":23},"end":{"line":490,"column":24}},"loc":{"start":{"line":490,"column":44},"end":{"line":525,"column":5}},"line":490},"30":{"name":"(anonymous_30)","decl":{"start":{"line":519,"column":18},"end":{"line":519,"column":19}},"loc":{"start":{"line":519,"column":25},"end":{"line":521,"column":13}},"line":519},"31":{"name":"(anonymous_31)","decl":{"start":{"line":522,"column":19},"end":{"line":522,"column":20}},"loc":{"start":{"line":522,"column":28},"end":{"line":524,"column":13}},"line":522},"32":{"name":"(anonymous_32)","decl":{"start":{"line":528,"column":23},"end":{"line":528,"column":24}},"loc":{"start":{"line":528,"column":29},"end":{"line":554,"column":1}},"line":528},"33":{"name":"(anonymous_33)","decl":{"start":{"line":534,"column":23},"end":{"line":534,"column":24}},"loc":{"start":{"line":534,"column":35},"end":{"line":551,"column":5}},"line":534},"34":{"name":"(anonymous_34)","decl":{"start":{"line":537,"column":28},"end":{"line":537,"column":29}},"loc":{"start":{"line":537,"column":42},"end":{"line":550,"column":9}},"line":537},"35":{"name":"getExportedRowHTML","decl":{"start":{"line":556,"column":9},"end":{"line":556,"column":27}},"loc":{"start":{"line":556,"column":76},"end":{"line":603,"column":1}},"line":556},"36":{"name":"(anonymous_36)","decl":{"start":{"line":606,"column":34},"end":{"line":606,"column":35}},"loc":{"start":{"line":606,"column":40},"end":{"line":620,"column":1}},"line":606}},"branchMap":{"0":{"loc":{"start":{"line":28,"column":23},"end":{"line":28,"column":59}},"type":"binary-expr","locations":[{"start":{"line":28,"column":23},"end":{"line":28,"column":40}},{"start":{"line":28,"column":44},"end":{"line":28,"column":59}}],"line":28},"1":{"loc":{"start":{"line":29,"column":12},"end":{"line":31,"column":13}},"type":"if","locations":[{"start":{"line":29,"column":12},"end":{"line":31,"column":13}},{"start":{"line":29,"column":12},"end":{"line":31,"column":13}}],"line":29},"2":{"loc":{"start":{"line":33,"column":8},"end":{"line":37,"column":9}},"type":"if","locations":[{"start":{"line":33,"column":8},"end":{"line":37,"column":9}},{"start":{"line":33,"column":8},"end":{"line":37,"column":9}}],"line":33},"3":{"loc":{"start":{"line":46,"column":4},"end":{"line":63,"column":5}},"type":"if","locations":[{"start":{"line":46,"column":4},"end":{"line":63,"column":5}},{"start":{"line":46,"column":4},"end":{"line":63,"column":5}}],"line":46},"4":{"loc":{"start":{"line":46,"column":8},"end":{"line":46,"column":48}},"type":"binary-expr","locations":[{"start":{"line":46,"column":8},"end":{"line":46,"column":29}},{"start":{"line":46,"column":33},"end":{"line":46,"column":48}}],"line":46},"5":{"loc":{"start":{"line":54,"column":12},"end":{"line":61,"column":13}},"type":"if","locations":[{"start":{"line":54,"column":12},"end":{"line":61,"column":13}},{"start":{"line":54,"column":12},"end":{"line":61,"column":13}}],"line":54},"6":{"loc":{"start":{"line":55,"column":16},"end":{"line":60,"column":17}},"type":"if","locations":[{"start":{"line":55,"column":16},"end":{"line":60,"column":17}},{"start":{"line":55,"column":16},"end":{"line":60,"column":17}}],"line":55},"7":{"loc":{"start":{"line":76,"column":4},"end":{"line":79,"column":5}},"type":"if","locations":[{"start":{"line":76,"column":4},"end":{"line":79,"column":5}},{"start":{"line":76,"column":4},"end":{"line":79,"column":5}}],"line":76},"8":{"loc":{"start":{"line":91,"column":4},"end":{"line":94,"column":5}},"type":"if","locations":[{"start":{"line":91,"column":4},"end":{"line":94,"column":5}},{"start":{"line":91,"column":4},"end":{"line":94,"column":5}}],"line":91},"9":{"loc":{"start":{"line":102,"column":4},"end":{"line":105,"column":5}},"type":"if","locations":[{"start":{"line":102,"column":4},"end":{"line":105,"column":5}},{"start":{"line":102,"column":4},"end":{"line":105,"column":5}}],"line":102},"10":{"loc":{"start":{"line":266,"column":12},"end":{"line":271,"column":13}},"type":"if","locations":[{"start":{"line":266,"column":12},"end":{"line":271,"column":13}},{"start":{"line":266,"column":12},"end":{"line":271,"column":13}}],"line":266},"11":{"loc":{"start":{"line":294,"column":8},"end":{"line":296,"column":9}},"type":"if","locations":[{"start":{"line":294,"column":8},"end":{"line":296,"column":9}},{"start":{"line":294,"column":8},"end":{"line":296,"column":9}}],"line":294},"12":{"loc":{"start":{"line":304,"column":4},"end":{"line":306,"column":5}},"type":"if","locations":[{"start":{"line":304,"column":4},"end":{"line":306,"column":5}},{"start":{"line":304,"column":4},"end":{"line":306,"column":5}}],"line":304},"13":{"loc":{"start":{"line":307,"column":4},"end":{"line":310,"column":5}},"type":"if","locations":[{"start":{"line":307,"column":4},"end":{"line":310,"column":5}},{"start":{"line":307,"column":4},"end":{"line":310,"column":5}}],"line":307},"14":{"loc":{"start":{"line":364,"column":16},"end":{"line":374,"column":17}},"type":"if","locations":[{"start":{"line":364,"column":16},"end":{"line":374,"column":17}},{"start":{"line":364,"column":16},"end":{"line":374,"column":17}}],"line":364},"15":{"loc":{"start":{"line":381,"column":4},"end":{"line":393,"column":5}},"type":"if","locations":[{"start":{"line":381,"column":4},"end":{"line":393,"column":5}},{"start":{"line":381,"column":4},"end":{"line":393,"column":5}}],"line":381},"16":{"loc":{"start":{"line":400,"column":4},"end":{"line":436,"column":5}},"type":"if","locations":[{"start":{"line":400,"column":4},"end":{"line":436,"column":5}},{"start":{"line":400,"column":4},"end":{"line":436,"column":5}}],"line":400},"17":{"loc":{"start":{"line":400,"column":8},"end":{"line":400,"column":73}},"type":"binary-expr","locations":[{"start":{"line":400,"column":8},"end":{"line":400,"column":38}},{"start":{"line":400,"column":42},"end":{"line":400,"column":73}}],"line":400},"18":{"loc":{"start":{"line":402,"column":12},"end":{"line":409,"column":13}},"type":"if","locations":[{"start":{"line":402,"column":12},"end":{"line":409,"column":13}},{"start":{"line":402,"column":12},"end":{"line":409,"column":13}}],"line":402},"19":{"loc":{"start":{"line":412,"column":8},"end":{"line":414,"column":9}},"type":"if","locations":[{"start":{"line":412,"column":8},"end":{"line":414,"column":9}},{"start":{"line":412,"column":8},"end":{"line":414,"column":9}}],"line":412},"20":{"loc":{"start":{"line":423,"column":12},"end":{"line":430,"column":13}},"type":"if","locations":[{"start":{"line":423,"column":12},"end":{"line":430,"column":13}},{"start":{"line":423,"column":12},"end":{"line":430,"column":13}}],"line":423},"21":{"loc":{"start":{"line":443,"column":8},"end":{"line":445,"column":9}},"type":"if","locations":[{"start":{"line":443,"column":8},"end":{"line":445,"column":9}},{"start":{"line":443,"column":8},"end":{"line":445,"column":9}}],"line":443},"22":{"loc":{"start":{"line":470,"column":12},"end":{"line":473,"column":13}},"type":"if","locations":[{"start":{"line":470,"column":12},"end":{"line":473,"column":13}},{"start":{"line":470,"column":12},"end":{"line":473,"column":13}}],"line":470},"23":{"loc":{"start":{"line":474,"column":12},"end":{"line":479,"column":13}},"type":"if","locations":[{"start":{"line":474,"column":12},"end":{"line":479,"column":13}},{"start":{"line":474,"column":12},"end":{"line":479,"column":13}}],"line":474},"24":{"loc":{"start":{"line":475,"column":106},"end":{"line":475,"column":146}},"type":"cond-expr","locations":[{"start":{"line":475,"column":125},"end":{"line":475,"column":141}},{"start":{"line":475,"column":143},"end":{"line":475,"column":146}}],"line":475},"25":{"loc":{"start":{"line":540,"column":12},"end":{"line":543,"column":13}},"type":"if","locations":[{"start":{"line":540,"column":12},"end":{"line":543,"column":13}},{"start":{"line":540,"column":12},"end":{"line":543,"column":13}}],"line":540},"26":{"loc":{"start":{"line":545,"column":12},"end":{"line":549,"column":13}},"type":"if","locations":[{"start":{"line":545,"column":12},"end":{"line":549,"column":13}},{"start":{"line":545,"column":12},"end":{"line":549,"column":13}}],"line":545},"27":{"loc":{"start":{"line":546,"column":111},"end":{"line":546,"column":152}},"type":"cond-expr","locations":[{"start":{"line":546,"column":130},"end":{"line":546,"column":146}},{"start":{"line":546,"column":149},"end":{"line":546,"column":152}}],"line":546},"28":{"loc":{"start":{"line":561,"column":4},"end":{"line":602,"column":5}},"type":"if","locations":[{"start":{"line":561,"column":4},"end":{"line":602,"column":5}},{"start":{"line":561,"column":4},"end":{"line":602,"column":5}}],"line":561},"29":{"loc":{"start":{"line":561,"column":8},"end":{"line":561,"column":106}},"type":"binary-expr","locations":[{"start":{"line":561,"column":8},"end":{"line":561,"column":38}},{"start":{"line":561,"column":42},"end":{"line":561,"column":73}},{"start":{"line":561,"column":77},"end":{"line":561,"column":85}},{"start":{"line":561,"column":89},"end":{"line":561,"column":106}}],"line":561},"30":{"loc":{"start":{"line":563,"column":12},"end":{"line":569,"column":13}},"type":"if","locations":[{"start":{"line":563,"column":12},"end":{"line":569,"column":13}},{"start":{"line":563,"column":12},"end":{"line":569,"column":13}}],"line":563},"31":{"loc":{"start":{"line":574,"column":8},"end":{"line":576,"column":9}},"type":"if","locations":[{"start":{"line":574,"column":8},"end":{"line":576,"column":9}},{"start":{"line":574,"column":8},"end":{"line":576,"column":9}}],"line":574},"32":{"loc":{"start":{"line":580,"column":8},"end":{"line":583,"column":9}},"type":"if","locations":[{"start":{"line":580,"column":8},"end":{"line":583,"column":9}},{"start":{"line":580,"column":8},"end":{"line":583,"column":9}}],"line":580},"33":{"loc":{"start":{"line":590,"column":12},"end":{"line":596,"column":13}},"type":"if","locations":[{"start":{"line":590,"column":12},"end":{"line":596,"column":13}},{"start":{"line":590,"column":12},"end":{"line":596,"column":13}}],"line":590},"34":{"loc":{"start":{"line":610,"column":4},"end":{"line":619,"column":5}},"type":"if","locations":[{"start":{"line":610,"column":4},"end":{"line":619,"column":5}},{"start":{"line":610,"column":4},"end":{"line":619,"column":5}}],"line":610},"35":{"loc":{"start":{"line":614,"column":8},"end":{"line":618,"column":9}},"type":"if","locations":[{"start":{"line":614,"column":8},"end":{"line":618,"column":9}},{"start":{"line":614,"column":8},"end":{"line":618,"column":9}}],"line":614}},"s":{"0":0,"1":0,"2":0,"3":0,"4":0,"5":0,"6":0,"7":0,"8":0,"9":0,"10":0,"11":0,"12":0,"13":0,"14":0,"15":0,"16":0,"17":0,"18":0,"19":0,"20":0,"21":0,"22":0,"23":0,"24":0,"25":0,"26":0,"27":0,"28":0,"29":0,"30":0,"31":0,"32":0,"33":0,"34":0,"35":0,"36":0,"37":0,"38":0,"39":0,"40":0,"41":0,"42":0,"43":0,"44":0,"45":0,"46":0,"47":0,"48":0,"49":0,"50":0,"51":0,"52":0,"53":0,"54":0,"55":0,"56":0,"57":0,"58":0,"59":0,"60":0,"61":0,"62":0,"63":0,"64":0,"65":0,"66":0,"67":0,"68":0,"69":0,"70":0,"71":0,"72":0,"73":0,"74":0,"75":0,"76":0,"77":0,"78":0,"79":0,"80":0,"81":0,"82":0,"83":0,"84":0,"85":0,"86":0,"87":0,"88":0,"89":0,"90":0,"91":0,"92":0,"93":0,"94":0,"95":0,"96":0,"97":0,"98":0,"99":0,"100":0,"101":0,"102":0,"103":0,"104":0,"105":0,"106":0,"107":0,"108":0,"109":0,"110":0,"111":0,"112":0,"113":0,"114":0,"115":0,"116":0,"117":0,"118":0,"119":0,"120":0,"121":0,"122":0,"123":0,"124":0,"125":0,"126":0,"127":0,"128":0,"129":0,"130":0,"131":0,"132":0,"133":0,"134":0,"135":0,"136":0,"137":0,"138":0,"139":0,"140":0,"141":0,"142":0,"143":0,"144":0,"145":0,"146":0,"147":0,"148":0,"149":0,"150":0,"151":0,"152":0,"153":0,"154":0,"155":0,"156":0,"157":0,"158":0,"159":0,"160":0,"161":0,"162":0,"163":0,"164":0,"165":0,"166":0,"167":0,"168":0,"169":0,"170":0,"171":0,"172":0,"173":0,"174":0,"175":0,"176":0,"177":0,"178":0,"179":0,"180":0,"181":0,"182":0,"183":0,"184":0,"185":0,"186":0,"187":0,"188":0,"189":0,"190":0,"191":0,"192":0,"193":0,"194":0,"195":0,"196":0,"197":0,"198":0,"199":0,"200":0,"201":0,"202":0,"203":0,"204":0,"205":0,"206":0,"207":0,"208":0,"209":0,"210":0,"211":0,"212":0,"213":0,"214":0,"215":0,"216":0,"217":0,"218":0,"219":0,"220":0,"221":0,"222":0,"223":0,"224":0,"225":0,"226":0,"227":0,"228":0,"229":0,"230":0,"231":0,"232":0,"233":0,"234":0,"235":0,"236":0,"237":0,"238":0,"239":0,"240":0,"241":0,"242":0,"243":0,"244":0},"f":{"0":0,"1":0,"2":0,"3":0,"4":0,"5":0,"6":0,"7":0,"8":0,"9":0,"10":0,"11":0,"12":0,"13":0,"14":0,"15":0,"16":0,"17":0,"18":0,"19":0,"20":0,"21":0,"22":0,"23":0,"24":0,"25":0,"26":0,"27":0,"28":0,"29":0,"30":0,"31":0,"32":0,"33":0,"34":0,"35":0,"36":0},"b":{"0":[0,0],"1":[0,0],"2":[0,0],"3":[0,0],"4":[0,0],"5":[0,0],"6":[0,0],"7":[0,0],"8":[0,0],"9":[0,0],"10":[0,0],"11":[0,0],"12":[0,0],"13":[0,0],"14":[0,0],"15":[0,0],"16":[0,0],"17":[0,0],"18":[0,0],"19":[0,0],"20":[0,0],"21":[0,0],"22":[0,0],"23":[0,0],"24":[0,0],"25":[0,0],"26":[0,0],"27":[0,0],"28":[0,0],"29":[0,0,0,0],"30":[0,0],"31":[0,0],"32":[0,0],"33":[0,0],"34":[0,0],"35":[0,0]},"hash":"52a5e179c39191c5dcd71bacc3fb40fc2d2fdf73"}
}
