TN:
SF:C:\Users\gilla\WebstormProjects\final-exam-scheduler\src\App.js
FN:24,App
FN:25,(anonymous_1)
FN:39,openStudentSearch
FN:43,closeStudentSearch
FN:47,closeModal
FN:51,(anonymous_5)
FN:55,(anonymous_6)
FNF:7
FNH:0
FNDA:0,App
FNDA:0,(anonymous_1)
FNDA:0,openStudentSearch
FNDA:0,closeStudentSearch
FNDA:0,closeModal
FNDA:0,(anonymous_5)
FNDA:0,(anonymous_6)
DA:25,0
DA:28,0
DA:29,0
DA:34,0
DA:35,0
DA:36,0
DA:37,0
DA:40,0
DA:44,0
DA:48,0
DA:51,0
DA:52,0
DA:55,0
DA:56,0
DA:57,0
DA:60,0
LF:16
LH:0
BRDA:28,0,0,0
BRDA:28,0,1,0
BRDA:69,1,0,0
BRDA:69,1,1,0
BRDA:74,2,0,0
BRDA:74,2,1,0
BRF:6
BRH:0
end_of_record
TN:
SF:C:\Users\gilla\WebstormProjects\final-exam-scheduler\src\CONSTANTS.js
FNF:0
FNH:0
DA:4,0
DA:5,0
DA:7,0
DA:13,0
DA:29,0
DA:31,0
DA:32,0
DA:33,0
LF:8
LH:0
BRF:0
BRH:0
end_of_record
TN:
SF:C:\Users\gilla\WebstormProjects\final-exam-scheduler\src\FinalExamScheduler.js
FN:58,(anonymous_0)
FN:59,(anonymous_1)
FN:65,(anonymous_2)
FN:70,(anonymous_3)
FN:86,(anonymous_4)
FN:89,(anonymous_5)
FN:103,(anonymous_6)
FN:109,(anonymous_7)
FN:133,(anonymous_8)
FN:148,(anonymous_9)
FN:164,(anonymous_10)
FN:196,(anonymous_11)
FN:210,(anonymous_12)
FN:216,(anonymous_13)
FN:219,(anonymous_14)
FN:306,(anonymous_15)
FN:307,(anonymous_16)
FN:315,(anonymous_17)
FN:340,(anonymous_18)
FN:341,(anonymous_19)
FN:342,(anonymous_20)
FN:343,(anonymous_21)
FN:356,deepCloneMap
FN:370,getOriginalCourses
FN:381,(anonymous_24)
FN:389,(anonymous_25)
FN:449,(anonymous_26)
FN:463,scheduleExam
FN:481,(anonymous_28)
FN:484,(anonymous_29)
FN:501,(anonymous_30)
FN:518,(anonymous_31)
FN:538,(anonymous_32)
FN:556,(anonymous_33)
FN:557,(anonymous_34)
FN:581,findRoomWithHighestCapacity
FN:582,(anonymous_36)
FN:587,scheduleExamInBestRoom
FN:588,(anonymous_38)
FN:593,(anonymous_39)
FN:618,scheduleInPhase1
FN:631,(anonymous_41)
FN:654,(anonymous_42)
FN:671,(anonymous_43)
FN:672,(anonymous_44)
FN:675,(anonymous_45)
FN:690,(anonymous_46)
FN:691,(anonymous_47)
FN:728,(anonymous_48)
FN:738,(anonymous_49)
FN:747,(anonymous_50)
FN:782,(anonymous_51)
FN:792,(anonymous_52)
FN:835,(anonymous_53)
FN:858,(anonymous_54)
FN:871,(anonymous_55)
FN:887,(anonymous_56)
FN:929,(anonymous_57)
FN:933,(anonymous_58)
FN:937,(anonymous_59)
FN:941,(anonymous_60)
FN:945,(anonymous_61)
FN:949,(anonymous_62)
FN:951,(anonymous_63)
FN:959,(anonymous_64)
FN:961,(anonymous_65)
FN:969,(anonymous_66)
FN:973,(anonymous_67)
FN:977,(anonymous_68)
FN:981,(anonymous_69)
FN:982,(anonymous_70)
FN:983,(anonymous_71)
FN:984,(anonymous_72)
FN:992,(anonymous_73)
FN:995,(anonymous_74)
FN:1009,(anonymous_75)
FN:1011,(anonymous_76)
FN:1019,(anonymous_77)
FN:1033,(anonymous_78)
FN:1071,(anonymous_79)
FN:1083,(anonymous_80)
FN:1100,convertExamTimeToString
FN:1153,(anonymous_82)
FN:1155,(anonymous_83)
FN:1172,(anonymous_84)
FN:1181,(anonymous_85)
FN:1193,(anonymous_86)
FN:1233,(anonymous_87)
FN:1238,(anonymous_88)
FN:1239,(anonymous_89)
FN:1240,(anonymous_90)
FN:1250,(anonymous_91)
FN:1251,(anonymous_92)
FN:1252,(anonymous_93)
FN:1254,(anonymous_94)
FN:1256,(anonymous_95)
FN:1256,(anonymous_96)
FN:1263,(anonymous_97)
FN:1300,(anonymous_98)
FN:1373,(anonymous_99)
FN:1437,getStudentsInClass
FN:1439,(anonymous_101)
FN:1447,weightExamDayTime
FN:1460,(anonymous_103)
FN:1466,(anonymous_104)
FN:1491,(anonymous_105)
FN:1499,(anonymous_106)
FN:1504,(anonymous_107)
FN:1521,(anonymous_108)
FN:1531,scheduleExamsInBestRoom
FN:1532,(anonymous_110)
FN:1535,(anonymous_111)
FN:1540,(anonymous_112)
FN:1555,(anonymous_113)
FN:1569,(anonymous_114)
FN:1571,(anonymous_115)
FN:1573,(anonymous_116)
FN:1591,(anonymous_117)
FN:1609,specialSchedulerHelper
FN:1616,(anonymous_119)
FN:1617,(anonymous_120)
FN:1620,(anonymous_121)
FN:1621,(anonymous_122)
FN:1627,(anonymous_123)
FN:1634,(anonymous_124)
FN:1645,(anonymous_125)
FN:1653,(anonymous_126)
FN:1659,(anonymous_127)
FN:1669,(anonymous_128)
FN:1676,(anonymous_129)
FN:1703,populateExistingCoursesToSets
FN:1704,(anonymous_131)
FN:1709,(anonymous_132)
FN:1711,(anonymous_133)
FN:1719,generateDayTimeSets
FN:1731,deepCopySet
FN:1734,(anonymous_136)
FN:1742,deepClone2DSetArray
FN:1744,(anonymous_138)
FN:1746,(anonymous_139)
FN:1758,(anonymous_140)
FN:1786,scheduleCrosslistedFinals
FN:1815,schedulePotentialCrosslistedFinals
FN:1824,(anonymous_143)
FN:1828,(anonymous_144)
FN:1844,(anonymous_145)
FN:1862,(anonymous_146)
FN:1864,(anonymous_147)
FN:1878,(anonymous_148)
FN:1888,(anonymous_149)
FN:1913,(anonymous_150)
FN:1939,(anonymous_151)
FN:1951,(anonymous_152)
FN:1955,(anonymous_153)
FN:1964,(anonymous_154)
FN:1973,(anonymous_155)
FN:1997,(anonymous_156)
FN:2013,(anonymous_157)
FN:2017,(anonymous_158)
FN:2029,startPhase2AndGetSchedule
FN:2030,(anonymous_160)
FN:2031,messageHandler
FN:2075,(anonymous_162)
FN:2078,(anonymous_163)
FN:2078,(anonymous_164)
FN:2107,(anonymous_165)
FN:2109,(anonymous_166)
FN:2127,(anonymous_167)
FN:2136,(anonymous_168)
FN:2169,(anonymous_169)
FN:2192,(anonymous_170)
FN:2204,(anonymous_171)
FN:2212,(anonymous_172)
FN:2234,(anonymous_173)
FN:2307,(anonymous_174)
FN:2328,(anonymous_175)
FN:2360,weightAllRedux
FN:2363,(anonymous_177)
FN:2366,(anonymous_178)
FN:2381,(anonymous_179)
FN:2385,(anonymous_180)
FN:2400,(anonymous_181)
FN:2415,(anonymous_182)
FN:2492,(anonymous_183)
FN:2501,(anonymous_184)
FNF:185
FNH:0
FNDA:0,(anonymous_0)
FNDA:0,(anonymous_1)
FNDA:0,(anonymous_2)
FNDA:0,(anonymous_3)
FNDA:0,(anonymous_4)
FNDA:0,(anonymous_5)
FNDA:0,(anonymous_6)
FNDA:0,(anonymous_7)
FNDA:0,(anonymous_8)
FNDA:0,(anonymous_9)
FNDA:0,(anonymous_10)
FNDA:0,(anonymous_11)
FNDA:0,(anonymous_12)
FNDA:0,(anonymous_13)
FNDA:0,(anonymous_14)
FNDA:0,(anonymous_15)
FNDA:0,(anonymous_16)
FNDA:0,(anonymous_17)
FNDA:0,(anonymous_18)
FNDA:0,(anonymous_19)
FNDA:0,(anonymous_20)
FNDA:0,(anonymous_21)
FNDA:0,deepCloneMap
FNDA:0,getOriginalCourses
FNDA:0,(anonymous_24)
FNDA:0,(anonymous_25)
FNDA:0,(anonymous_26)
FNDA:0,scheduleExam
FNDA:0,(anonymous_28)
FNDA:0,(anonymous_29)
FNDA:0,(anonymous_30)
FNDA:0,(anonymous_31)
FNDA:0,(anonymous_32)
FNDA:0,(anonymous_33)
FNDA:0,(anonymous_34)
FNDA:0,findRoomWithHighestCapacity
FNDA:0,(anonymous_36)
FNDA:0,scheduleExamInBestRoom
FNDA:0,(anonymous_38)
FNDA:0,(anonymous_39)
FNDA:0,scheduleInPhase1
FNDA:0,(anonymous_41)
FNDA:0,(anonymous_42)
FNDA:0,(anonymous_43)
FNDA:0,(anonymous_44)
FNDA:0,(anonymous_45)
FNDA:0,(anonymous_46)
FNDA:0,(anonymous_47)
FNDA:0,(anonymous_48)
FNDA:0,(anonymous_49)
FNDA:0,(anonymous_50)
FNDA:0,(anonymous_51)
FNDA:0,(anonymous_52)
FNDA:0,(anonymous_53)
FNDA:0,(anonymous_54)
FNDA:0,(anonymous_55)
FNDA:0,(anonymous_56)
FNDA:0,(anonymous_57)
FNDA:0,(anonymous_58)
FNDA:0,(anonymous_59)
FNDA:0,(anonymous_60)
FNDA:0,(anonymous_61)
FNDA:0,(anonymous_62)
FNDA:0,(anonymous_63)
FNDA:0,(anonymous_64)
FNDA:0,(anonymous_65)
FNDA:0,(anonymous_66)
FNDA:0,(anonymous_67)
FNDA:0,(anonymous_68)
FNDA:0,(anonymous_69)
FNDA:0,(anonymous_70)
FNDA:0,(anonymous_71)
FNDA:0,(anonymous_72)
FNDA:0,(anonymous_73)
FNDA:0,(anonymous_74)
FNDA:0,(anonymous_75)
FNDA:0,(anonymous_76)
FNDA:0,(anonymous_77)
FNDA:0,(anonymous_78)
FNDA:0,(anonymous_79)
FNDA:0,(anonymous_80)
FNDA:0,convertExamTimeToString
FNDA:0,(anonymous_82)
FNDA:0,(anonymous_83)
FNDA:0,(anonymous_84)
FNDA:0,(anonymous_85)
FNDA:0,(anonymous_86)
FNDA:0,(anonymous_87)
FNDA:0,(anonymous_88)
FNDA:0,(anonymous_89)
FNDA:0,(anonymous_90)
FNDA:0,(anonymous_91)
FNDA:0,(anonymous_92)
FNDA:0,(anonymous_93)
FNDA:0,(anonymous_94)
FNDA:0,(anonymous_95)
FNDA:0,(anonymous_96)
FNDA:0,(anonymous_97)
FNDA:0,(anonymous_98)
FNDA:0,(anonymous_99)
FNDA:0,getStudentsInClass
FNDA:0,(anonymous_101)
FNDA:0,weightExamDayTime
FNDA:0,(anonymous_103)
FNDA:0,(anonymous_104)
FNDA:0,(anonymous_105)
FNDA:0,(anonymous_106)
FNDA:0,(anonymous_107)
FNDA:0,(anonymous_108)
FNDA:0,scheduleExamsInBestRoom
FNDA:0,(anonymous_110)
FNDA:0,(anonymous_111)
FNDA:0,(anonymous_112)
FNDA:0,(anonymous_113)
FNDA:0,(anonymous_114)
FNDA:0,(anonymous_115)
FNDA:0,(anonymous_116)
FNDA:0,(anonymous_117)
FNDA:0,specialSchedulerHelper
FNDA:0,(anonymous_119)
FNDA:0,(anonymous_120)
FNDA:0,(anonymous_121)
FNDA:0,(anonymous_122)
FNDA:0,(anonymous_123)
FNDA:0,(anonymous_124)
FNDA:0,(anonymous_125)
FNDA:0,(anonymous_126)
FNDA:0,(anonymous_127)
FNDA:0,(anonymous_128)
FNDA:0,(anonymous_129)
FNDA:0,populateExistingCoursesToSets
FNDA:0,(anonymous_131)
FNDA:0,(anonymous_132)
FNDA:0,(anonymous_133)
FNDA:0,generateDayTimeSets
FNDA:0,deepCopySet
FNDA:0,(anonymous_136)
FNDA:0,deepClone2DSetArray
FNDA:0,(anonymous_138)
FNDA:0,(anonymous_139)
FNDA:0,(anonymous_140)
FNDA:0,scheduleCrosslistedFinals
FNDA:0,schedulePotentialCrosslistedFinals
FNDA:0,(anonymous_143)
FNDA:0,(anonymous_144)
FNDA:0,(anonymous_145)
FNDA:0,(anonymous_146)
FNDA:0,(anonymous_147)
FNDA:0,(anonymous_148)
FNDA:0,(anonymous_149)
FNDA:0,(anonymous_150)
FNDA:0,(anonymous_151)
FNDA:0,(anonymous_152)
FNDA:0,(anonymous_153)
FNDA:0,(anonymous_154)
FNDA:0,(anonymous_155)
FNDA:0,(anonymous_156)
FNDA:0,(anonymous_157)
FNDA:0,(anonymous_158)
FNDA:0,startPhase2AndGetSchedule
FNDA:0,(anonymous_160)
FNDA:0,messageHandler
FNDA:0,(anonymous_162)
FNDA:0,(anonymous_163)
FNDA:0,(anonymous_164)
FNDA:0,(anonymous_165)
FNDA:0,(anonymous_166)
FNDA:0,(anonymous_167)
FNDA:0,(anonymous_168)
FNDA:0,(anonymous_169)
FNDA:0,(anonymous_170)
FNDA:0,(anonymous_171)
FNDA:0,(anonymous_172)
FNDA:0,(anonymous_173)
FNDA:0,(anonymous_174)
FNDA:0,(anonymous_175)
FNDA:0,weightAllRedux
FNDA:0,(anonymous_177)
FNDA:0,(anonymous_178)
FNDA:0,(anonymous_179)
FNDA:0,(anonymous_180)
FNDA:0,(anonymous_181)
FNDA:0,(anonymous_182)
FNDA:0,(anonymous_183)
FNDA:0,(anonymous_184)
DA:32,0
DA:33,0
DA:35,0
DA:36,0
DA:39,0
DA:40,0
DA:41,0
DA:42,0
DA:43,0
DA:44,0
DA:45,0
DA:46,0
DA:47,0
DA:48,0
DA:50,0
DA:51,0
DA:58,0
DA:59,0
DA:65,0
DA:66,0
DA:67,0
DA:68,0
DA:69,0
DA:70,0
DA:71,0
DA:72,0
DA:73,0
DA:74,0
DA:75,0
DA:86,0
DA:88,0
DA:89,0
DA:94,0
DA:103,0
DA:104,0
DA:105,0
DA:106,0
DA:107,0
DA:108,0
DA:109,0
DA:110,0
DA:111,0
DA:112,0
DA:113,0
DA:114,0
DA:116,0
DA:118,0
DA:119,0
DA:122,0
DA:133,0
DA:134,0
DA:148,0
DA:149,0
DA:150,0
DA:151,0
DA:164,0
DA:165,0
DA:168,0
DA:169,0
DA:170,0
DA:171,0
DA:173,0
DA:174,0
DA:176,0
DA:177,0
DA:179,0
DA:180,0
DA:181,0
DA:183,0
DA:185,0
DA:196,0
DA:197,0
DA:198,0
DA:199,0
DA:201,0
DA:210,0
DA:211,0
DA:212,0
DA:213,0
DA:214,0
DA:215,0
DA:216,0
DA:217,0
DA:218,0
DA:219,0
DA:220,0
DA:221,0
DA:230,0
DA:231,0
DA:233,0
DA:234,0
DA:235,0
DA:236,0
DA:237,0
DA:240,0
DA:241,0
DA:242,0
DA:243,0
DA:244,0
DA:248,0
DA:250,0
DA:251,0
DA:252,0
DA:253,0
DA:254,0
DA:256,0
DA:257,0
DA:258,0
DA:259,0
DA:263,0
DA:265,0
DA:266,0
DA:267,0
DA:268,0
DA:269,0
DA:270,0
DA:273,0
DA:275,0
DA:276,0
DA:277,0
DA:278,0
DA:279,0
DA:280,0
DA:284,0
DA:286,0
DA:287,0
DA:294,0
DA:295,0
DA:299,0
DA:306,0
DA:307,0
DA:309,0
DA:310,0
DA:315,0
DA:316,0
DA:317,0
DA:318,0
DA:319,0
DA:320,0
DA:321,0
DA:324,0
DA:325,0
DA:326,0
DA:330,0
DA:331,0
DA:332,0
DA:333,0
DA:340,0
DA:341,0
DA:342,0
DA:343,0
DA:346,0
DA:347,0
DA:350,0
DA:353,0
DA:358,0
DA:361,0
DA:364,0
DA:367,0
DA:371,0
DA:381,0
DA:382,0
DA:383,0
DA:384,0
DA:385,0
DA:386,0
DA:387,0
DA:388,0
DA:389,0
DA:390,0
DA:391,0
DA:392,0
DA:398,0
DA:399,0
DA:400,0
DA:401,0
DA:403,0
DA:408,0
DA:410,0
DA:413,0
DA:414,0
DA:420,0
DA:421,0
DA:422,0
DA:423,0
DA:424,0
DA:425,0
DA:429,0
DA:431,0
DA:433,0
DA:436,0
DA:449,0
DA:450,0
DA:451,0
DA:452,0
DA:453,0
DA:454,0
DA:455,0
DA:456,0
DA:457,0
DA:459,0
DA:464,0
DA:465,0
DA:466,0
DA:467,0
DA:470,0
DA:471,0
DA:472,0
DA:473,0
DA:481,0
DA:482,0
DA:483,0
DA:484,0
DA:485,0
DA:486,0
DA:487,0
DA:488,0
DA:490,0
DA:493,0
DA:494,0
DA:495,0
DA:497,0
DA:498,0
DA:499,0
DA:500,0
DA:501,0
DA:502,0
DA:504,0
DA:518,0
DA:519,0
DA:520,0
DA:521,0
DA:522,0
DA:523,0
DA:524,0
DA:525,0
DA:526,0
DA:528,0
DA:538,0
DA:539,0
DA:540,0
DA:541,0
DA:542,0
DA:543,0
DA:544,0
DA:545,0
DA:546,0
DA:548,0
DA:556,0
DA:557,0
DA:560,0
DA:561,0
DA:562,0
DA:563,0
DA:566,0
DA:567,0
DA:568,0
DA:569,0
DA:571,0
DA:572,0
DA:575,0
DA:576,0
DA:582,0
DA:583,0
DA:588,0
DA:590,0
DA:591,0
DA:593,0
DA:596,0
DA:600,0
DA:601,0
DA:606,0
DA:607,0
DA:609,0
DA:610,0
DA:611,0
DA:614,0
DA:619,0
DA:620,0
DA:621,0
DA:622,0
DA:624,0
DA:631,0
DA:632,0
DA:633,0
DA:634,0
DA:635,0
DA:636,0
DA:637,0
DA:638,0
DA:639,0
DA:640,0
DA:641,0
DA:643,0
DA:648,0
DA:649,0
DA:650,0
DA:651,0
DA:652,0
DA:653,0
DA:654,0
DA:655,0
DA:659,0
DA:671,0
DA:672,0
DA:673,0
DA:674,0
DA:675,0
DA:676,0
DA:677,0
DA:678,0
DA:679,0
DA:690,0
DA:691,0
DA:692,0
DA:694,0
DA:695,0
DA:696,0
DA:697,0
DA:698,0
DA:699,0
DA:700,0
DA:702,0
DA:703,0
DA:707,0
DA:710,0
DA:711,0
DA:715,0
DA:728,0
DA:729,0
DA:730,0
DA:731,0
DA:732,0
DA:733,0
DA:734,0
DA:735,0
DA:736,0
DA:737,0
DA:738,0
DA:739,0
DA:740,0
DA:741,0
DA:742,0
DA:743,0
DA:744,0
DA:745,0
DA:746,0
DA:747,0
DA:748,0
DA:749,0
DA:750,0
DA:751,0
DA:752,0
DA:753,0
DA:754,0
DA:755,0
DA:756,0
DA:757,0
DA:758,0
DA:759,0
DA:760,0
DA:761,0
DA:762,0
DA:768,0
DA:769,0
DA:770,0
DA:771,0
DA:772,0
DA:774,0
DA:775,0
DA:776,0
DA:777,0
DA:778,0
DA:781,0
DA:782,0
DA:783,0
DA:784,0
DA:788,0
DA:789,0
DA:790,0
DA:791,0
DA:792,0
DA:793,0
DA:794,0
DA:797,0
DA:798,0
DA:799,0
DA:800,0
DA:801,0
DA:802,0
DA:803,0
DA:804,0
DA:805,0
DA:809,0
DA:810,0
DA:813,0
DA:814,0
DA:817,0
DA:819,0
DA:820,0
DA:821,0
DA:822,0
DA:824,0
DA:825,0
DA:826,0
DA:835,0
DA:836,0
DA:837,0
DA:838,0
DA:839,0
DA:840,0
DA:841,0
DA:842,0
DA:843,0
DA:844,0
DA:845,0
DA:858,0
DA:859,0
DA:860,0
DA:861,0
DA:871,0
DA:872,0
DA:873,0
DA:874,0
DA:875,0
DA:877,0
DA:887,0
DA:888,0
DA:889,0
DA:890,0
DA:891,0
DA:892,0
DA:894,0
DA:897,0
DA:901,0
DA:902,0
DA:906,0
DA:907,0
DA:911,0
DA:912,0
DA:916,0
DA:917,0
DA:920,0
DA:921,0
DA:923,0
DA:926,0
DA:929,0
DA:930,0
DA:933,0
DA:934,0
DA:937,0
DA:938,0
DA:941,0
DA:942,0
DA:945,0
DA:946,0
DA:949,0
DA:950,0
DA:951,0
DA:952,0
DA:953,0
DA:956,0
DA:959,0
DA:960,0
DA:961,0
DA:962,0
DA:963,0
DA:966,0
DA:969,0
DA:970,0
DA:973,0
DA:974,0
DA:977,0
DA:978,0
DA:981,0
DA:982,0
DA:983,0
DA:984,0
DA:992,0
DA:993,0
DA:994,0
DA:995,0
DA:996,0
DA:997,0
DA:1001,0
DA:1009,0
DA:1010,0
DA:1011,0
DA:1012,0
DA:1013,0
DA:1016,0
DA:1019,0
DA:1020,0
DA:1021,0
DA:1023,0
DA:1033,0
DA:1034,0
DA:1035,0
DA:1037,0
DA:1038,0
DA:1041,0
DA:1042,0
DA:1044,0
DA:1047,0
DA:1048,0
DA:1049,0
DA:1051,0
DA:1053,0
DA:1054,0
DA:1056,0
DA:1060,0
DA:1062,0
DA:1063,0
DA:1064,0
DA:1066,0
DA:1070,0
DA:1071,0
DA:1072,0
DA:1073,0
DA:1075,0
DA:1079,0
DA:1080,0
DA:1081,0
DA:1082,0
DA:1083,0
DA:1084,0
DA:1085,0
DA:1086,0
DA:1088,0
DA:1090,0
DA:1091,0
DA:1093,0
DA:1097,0
DA:1101,0
DA:1102,0
DA:1104,0
DA:1105,0
DA:1107,0
DA:1108,0
DA:1110,0
DA:1111,0
DA:1113,0
DA:1114,0
DA:1116,0
DA:1117,0
DA:1119,0
DA:1120,0
DA:1122,0
DA:1123,0
DA:1125,0
DA:1126,0
DA:1128,0
DA:1129,0
DA:1131,0
DA:1132,0
DA:1134,0
DA:1135,0
DA:1137,0
DA:1138,0
DA:1140,0
DA:1141,0
DA:1143,0
DA:1153,0
DA:1154,0
DA:1155,0
DA:1156,0
DA:1157,0
DA:1158,0
DA:1162,0
DA:1172,0
DA:1173,0
DA:1174,0
DA:1175,0
DA:1176,0
DA:1178,0
DA:1181,0
DA:1182,0
DA:1183,0
DA:1184,0
DA:1185,0
DA:1186,0
DA:1187,0
DA:1188,0
DA:1189,0
DA:1193,0
DA:1195,0
DA:1197,0
DA:1198,0
DA:1199,0
DA:1200,0
DA:1202,0
DA:1203,0
DA:1204,0
DA:1205,0
DA:1206,0
DA:1207,0
DA:1208,0
DA:1212,0
DA:1213,0
DA:1214,0
DA:1215,0
DA:1223,0
DA:1233,0
DA:1234,0
DA:1235,0
DA:1237,0
DA:1238,0
DA:1239,0
DA:1240,0
DA:1250,0
DA:1251,0
DA:1252,0
DA:1253,0
DA:1254,0
DA:1255,0
DA:1256,0
DA:1257,0
DA:1263,0
DA:1264,0
DA:1265,0
DA:1266,0
DA:1267,0
DA:1268,0
DA:1269,0
DA:1270,0
DA:1271,0
DA:1273,0
DA:1274,0
DA:1275,0
DA:1276,0
DA:1277,0
DA:1278,0
DA:1282,0
DA:1283,0
DA:1284,0
DA:1285,0
DA:1286,0
DA:1287,0
DA:1290,0
DA:1300,0
DA:1301,0
DA:1302,0
DA:1303,0
DA:1305,0
DA:1306,0
DA:1307,0
DA:1308,0
DA:1309,0
DA:1312,0
DA:1313,0
DA:1314,0
DA:1315,0
DA:1316,0
DA:1320,0
DA:1321,0
DA:1322,0
DA:1323,0
DA:1324,0
DA:1327,0
DA:1328,0
DA:1329,0
DA:1330,0
DA:1331,0
DA:1336,0
DA:1337,0
DA:1338,0
DA:1339,0
DA:1342,0
DA:1343,0
DA:1345,0
DA:1346,0
DA:1347,0
DA:1348,0
DA:1350,0
DA:1351,0
DA:1352,0
DA:1353,0
DA:1356,0
DA:1357,0
DA:1358,0
DA:1359,0
DA:1360,0
DA:1364,0
DA:1373,0
DA:1374,0
DA:1375,0
DA:1376,0
DA:1378,0
DA:1379,0
DA:1380,0
DA:1381,0
DA:1382,0
DA:1385,0
DA:1386,0
DA:1387,0
DA:1388,0
DA:1389,0
DA:1393,0
DA:1394,0
DA:1395,0
DA:1396,0
DA:1399,0
DA:1400,0
DA:1401,0
DA:1402,0
DA:1403,0
DA:1408,0
DA:1409,0
DA:1410,0
DA:1413,0
DA:1414,0
DA:1416,0
DA:1417,0
DA:1418,0
DA:1420,0
DA:1421,0
DA:1422,0
DA:1423,0
DA:1426,0
DA:1427,0
DA:1428,0
DA:1429,0
DA:1430,0
DA:1434,0
DA:1438,0
DA:1439,0
DA:1440,0
DA:1441,0
DA:1444,0
DA:1448,0
DA:1449,0
DA:1451,0
DA:1452,0
DA:1453,0
DA:1455,0
DA:1456,0
DA:1460,0
DA:1461,0
DA:1462,0
DA:1465,0
DA:1466,0
DA:1467,0
DA:1468,0
DA:1472,0
DA:1473,0
DA:1474,0
DA:1475,0
DA:1478,0
DA:1479,0
DA:1480,0
DA:1481,0
DA:1485,0
DA:1486,0
DA:1491,0
DA:1494,0
DA:1495,0
DA:1497,0
DA:1499,0
DA:1501,0
DA:1502,0
DA:1504,0
DA:1507,0
DA:1512,0
DA:1513,0
DA:1518,0
DA:1519,0
DA:1520,0
DA:1521,0
DA:1524,0
DA:1528,0
DA:1532,0
DA:1533,0
DA:1535,0
DA:1537,0
DA:1538,0
DA:1540,0
DA:1542,0
DA:1547,0
DA:1548,0
DA:1553,0
DA:1554,0
DA:1555,0
DA:1558,0
DA:1559,0
DA:1569,0
DA:1570,0
DA:1571,0
DA:1572,0
DA:1573,0
DA:1574,0
DA:1575,0
DA:1576,0
DA:1577,0
DA:1580,0
DA:1582,0
DA:1583,0
DA:1584,0
DA:1585,0
DA:1590,0
DA:1591,0
DA:1592,0
DA:1595,0
DA:1596,0
DA:1597,0
DA:1598,0
DA:1601,0
DA:1610,0
DA:1611,0
DA:1612,0
DA:1613,0
DA:1614,0
DA:1615,0
DA:1616,0
DA:1617,0
DA:1618,0
DA:1620,0
DA:1621,0
DA:1622,0
DA:1623,0
DA:1624,0
DA:1625,0
DA:1626,0
DA:1627,0
DA:1628,0
DA:1629,0
DA:1630,0
DA:1634,0
DA:1635,0
DA:1636,0
DA:1637,0
DA:1638,0
DA:1639,0
DA:1641,0
DA:1642,0
DA:1645,0
DA:1646,0
DA:1647,0
DA:1649,0
DA:1650,0
DA:1651,0
DA:1652,0
DA:1653,0
DA:1654,0
DA:1655,0
DA:1657,0
DA:1659,0
DA:1660,0
DA:1661,0
DA:1663,0
DA:1664,0
DA:1665,0
DA:1666,0
DA:1667,0
DA:1668,0
DA:1669,0
DA:1673,0
DA:1674,0
DA:1675,0
DA:1676,0
DA:1677,0
DA:1680,0
DA:1681,0
DA:1682,0
DA:1683,0
DA:1684,0
DA:1685,0
DA:1687,0
DA:1689,0
DA:1690,0
DA:1693,0
DA:1700,0
DA:1704,0
DA:1705,0
DA:1706,0
DA:1709,0
DA:1710,0
DA:1711,0
DA:1712,0
DA:1713,0
DA:1720,0
DA:1721,0
DA:1722,0
DA:1723,0
DA:1724,0
DA:1726,0
DA:1728,0
DA:1732,0
DA:1734,0
DA:1735,0
DA:1736,0
DA:1739,0
DA:1743,0
DA:1744,0
DA:1745,0
DA:1746,0
DA:1747,0
DA:1749,0
DA:1751,0
DA:1758,0
DA:1759,0
DA:1760,0
DA:1761,0
DA:1762,0
DA:1763,0
DA:1765,0
DA:1766,0
DA:1767,0
DA:1768,0
DA:1769,0
DA:1770,0
DA:1771,0
DA:1772,0
DA:1773,0
DA:1776,0
DA:1777,0
DA:1778,0
DA:1779,0
DA:1787,0
DA:1788,0
DA:1789,0
DA:1790,0
DA:1791,0
DA:1793,0
DA:1794,0
DA:1795,0
DA:1796,0
DA:1797,0
DA:1798,0
DA:1799,0
DA:1800,0
DA:1801,0
DA:1804,0
DA:1805,0
DA:1806,0
DA:1807,0
DA:1816,0
DA:1817,0
DA:1818,0
DA:1819,0
DA:1822,0
DA:1823,0
DA:1824,0
DA:1825,0
DA:1826,0
DA:1827,0
DA:1828,0
DA:1829,0
DA:1830,0
DA:1831,0
DA:1834,0
DA:1836,0
DA:1837,0
DA:1838,0
DA:1839,0
DA:1843,0
DA:1844,0
DA:1845,0
DA:1848,0
DA:1849,0
DA:1850,0
DA:1851,0
DA:1855,0
DA:1862,0
DA:1863,0
DA:1864,0
DA:1865,0
DA:1866,0
DA:1869,0
DA:1878,0
DA:1879,0
DA:1880,0
DA:1881,0
DA:1882,0
DA:1884,0
DA:1885,0
DA:1888,0
DA:1890,0
DA:1892,0
DA:1893,0
DA:1895,0
DA:1896,0
DA:1897,0
DA:1898,0
DA:1899,0
DA:1901,0
DA:1905,0
DA:1913,0
DA:1914,0
DA:1916,0
DA:1917,0
DA:1919,0
DA:1922,0
DA:1923,0
DA:1926,0
DA:1927,0
DA:1928,0
DA:1929,0
DA:1933,0
DA:1934,0
DA:1935,0
DA:1936,0
DA:1939,0
DA:1940,0
DA:1941,0
DA:1943,0
DA:1944,0
DA:1945,0
DA:1947,0
DA:1951,0
DA:1952,0
DA:1955,0
DA:1956,0
DA:1964,0
DA:1966,0
DA:1967,0
DA:1969,0
DA:1973,0
DA:1974,0
DA:1976,0
DA:1977,0
DA:1979,0
DA:1981,0
DA:1982,0
DA:1984,0
DA:1985,0
DA:1986,0
DA:1987,0
DA:1988,0
DA:1997,0
DA:1998,0
DA:1999,0
DA:2000,0
DA:2001,0
DA:2002,0
DA:2003,0
DA:2005,0
DA:2006,0
DA:2007,0
DA:2009,0
DA:2010,0
DA:2013,0
DA:2014,0
DA:2017,0
DA:2018,0
DA:2019,0
DA:2026,0
DA:2030,0
DA:2032,0
DA:2033,0
DA:2034,0
DA:2035,0
DA:2036,0
DA:2037,0
DA:2038,0
DA:2039,0
DA:2041,0
DA:2044,0
DA:2045,0
DA:2046,0
DA:2047,0
DA:2048,0
DA:2049,0
DA:2050,0
DA:2051,0
DA:2052,0
DA:2053,0
DA:2054,0
DA:2055,0
DA:2056,0
DA:2075,0
DA:2076,0
DA:2077,0
DA:2078,0
DA:2079,0
DA:2080,0
DA:2081,0
DA:2082,0
DA:2083,0
DA:2084,0
DA:2085,0
DA:2086,0
DA:2090,0
DA:2092,0
DA:2094,0
DA:2095,0
DA:2096,0
DA:2097,0
DA:2098,0
DA:2099,0
DA:2100,0
DA:2101,0
DA:2102,0
DA:2103,0
DA:2104,0
DA:2107,0
DA:2108,0
DA:2109,0
DA:2110,0
DA:2111,0
DA:2112,0
DA:2113,0
DA:2114,0
DA:2115,0
DA:2116,0
DA:2117,0
DA:2118,0
DA:2122,0
DA:2127,0
DA:2131,0
DA:2135,0
DA:2136,0
DA:2137,0
DA:2138,0
DA:2139,0
DA:2141,0
DA:2143,0
DA:2146,0
DA:2147,0
DA:2149,0
DA:2150,0
DA:2153,0
DA:2154,0
DA:2158,0
DA:2159,0
DA:2161,0
DA:2162,0
DA:2164,0
DA:2165,0
DA:2167,0
DA:2169,0
DA:2170,0
DA:2171,0
DA:2172,0
DA:2173,0
DA:2174,0
DA:2175,0
DA:2176,0
DA:2177,0
DA:2179,0
DA:2180,0
DA:2181,0
DA:2192,0
DA:2193,0
DA:2195,0
DA:2196,0
DA:2197,0
DA:2199,0
DA:2200,0
DA:2202,0
DA:2203,0
DA:2204,0
DA:2205,0
DA:2206,0
DA:2207,0
DA:2208,0
DA:2211,0
DA:2212,0
DA:2213,0
DA:2214,0
DA:2215,0
DA:2216,0
DA:2217,0
DA:2223,0
DA:2224,0
DA:2225,0
DA:2226,0
DA:2227,0
DA:2230,0
DA:2231,0
DA:2234,0
DA:2235,0
DA:2236,0
DA:2237,0
DA:2238,0
DA:2252,0
DA:2253,0
DA:2254,0
DA:2264,0
DA:2265,0
DA:2276,0
DA:2277,0
DA:2287,0
DA:2289,0
DA:2290,0
DA:2291,0
DA:2292,0
DA:2306,0
DA:2307,0
DA:2308,0
DA:2309,0
DA:2310,0
DA:2323,0
DA:2324,0
DA:2325,0
DA:2326,0
DA:2327,0
DA:2328,0
DA:2329,0
DA:2330,0
DA:2331,0
DA:2341,0
DA:2342,0
DA:2343,0
DA:2354,0
DA:2357,0
DA:2361,0
DA:2362,0
DA:2363,0
DA:2364,0
DA:2365,0
DA:2366,0
DA:2367,0
DA:2379,0
DA:2380,0
DA:2381,0
DA:2382,0
DA:2383,0
DA:2384,0
DA:2385,0
DA:2386,0
DA:2388,0
DA:2389,0
DA:2400,0
DA:2401,0
DA:2402,0
DA:2414,0
DA:2415,0
DA:2416,0
DA:2417,0
DA:2418,0
DA:2419,0
DA:2421,0
DA:2422,0
DA:2423,0
DA:2433,0
DA:2434,0
DA:2446,0
DA:2447,0
DA:2448,0
DA:2449,0
DA:2450,0
DA:2451,0
DA:2452,0
DA:2453,0
DA:2463,0
DA:2464,0
DA:2469,0
DA:2470,0
DA:2492,0
DA:2493,0
DA:2494,0
DA:2496,0
DA:2497,0
DA:2498,0
DA:2501,0
DA:2502,0
LF:1256
LH:0
BRDA:32,0,0,0
BRDA:32,0,1,0
BRDA:58,1,0,0
BRDA:58,1,1,0
BRDA:59,2,0,0
BRDA:59,2,1,0
BRDA:71,3,0,0
BRDA:71,3,1,0
BRDA:108,4,0,0
BRDA:108,4,1,0
BRDA:111,5,0,0
BRDA:111,5,1,0
BRDA:134,6,0,0
BRDA:134,6,1,0
BRDA:134,6,2,0
BRDA:134,6,3,0
BRDA:151,7,0,0
BRDA:151,7,1,0
BRDA:151,7,2,0
BRDA:151,7,3,0
BRDA:165,8,0,0
BRDA:165,8,1,0
BRDA:165,9,0,0
BRDA:165,9,1,0
BRDA:169,10,0,0
BRDA:169,10,1,0
BRDA:171,11,0,0
BRDA:171,11,1,0
BRDA:176,12,0,0
BRDA:176,12,1,0
BRDA:177,13,0,0
BRDA:177,13,1,0
BRDA:179,14,0,0
BRDA:179,14,1,0
BRDA:198,15,0,0
BRDA:198,15,1,0
BRDA:215,16,0,0
BRDA:215,16,1,0
BRDA:230,17,0,0
BRDA:230,17,1,0
BRDA:231,18,0,0
BRDA:231,18,1,0
BRDA:231,18,2,0
BRDA:231,18,3,0
BRDA:231,18,4,0
BRDA:236,19,0,0
BRDA:236,19,1,0
BRDA:240,20,0,0
BRDA:240,20,1,0
BRDA:252,21,0,0
BRDA:252,21,1,0
BRDA:257,22,0,0
BRDA:257,22,1,0
BRDA:268,23,0,0
BRDA:268,23,1,0
BRDA:275,24,0,0
BRDA:275,24,1,0
BRDA:278,25,0,0
BRDA:278,25,1,0
BRDA:294,26,0,0
BRDA:294,26,1,0
BRDA:309,27,0,0
BRDA:309,27,1,0
BRDA:309,28,0,0
BRDA:309,28,1,0
BRDA:309,28,2,0
BRDA:325,29,0,0
BRDA:325,29,1,0
BRDA:330,30,0,0
BRDA:330,30,1,0
BRDA:332,31,0,0
BRDA:332,31,1,0
BRDA:346,32,0,0
BRDA:346,32,1,0
BRDA:382,33,0,0
BRDA:382,33,1,0
BRDA:387,34,0,0
BRDA:387,34,1,0
BRDA:392,35,0,0
BRDA:392,35,1,0
BRDA:392,36,0,0
BRDA:392,36,1,0
BRDA:392,36,2,0
BRDA:392,36,3,0
BRDA:392,36,4,0
BRDA:400,37,0,0
BRDA:400,37,1,0
BRDA:403,38,0,0
BRDA:403,38,1,0
BRDA:403,39,0,0
BRDA:403,39,1,0
BRDA:403,39,2,0
BRDA:403,39,3,0
BRDA:403,39,4,0
BRDA:420,40,0,0
BRDA:420,40,1,0
BRDA:420,41,0,0
BRDA:420,41,1,0
BRDA:451,42,0,0
BRDA:451,42,1,0
BRDA:455,43,0,0
BRDA:455,43,1,0
BRDA:465,44,0,0
BRDA:465,44,1,0
BRDA:487,45,0,0
BRDA:487,45,1,0
BRDA:502,46,0,0
BRDA:502,46,1,0
BRDA:502,47,0,0
BRDA:502,47,1,0
BRDA:502,47,2,0
BRDA:502,47,3,0
BRDA:502,47,4,0
BRDA:520,48,0,0
BRDA:520,48,1,0
BRDA:524,49,0,0
BRDA:524,49,1,0
BRDA:539,50,0,0
BRDA:539,50,1,0
BRDA:540,51,0,0
BRDA:540,51,1,0
BRDA:541,52,0,0
BRDA:541,52,1,0
BRDA:542,53,0,0
BRDA:542,53,1,0
BRDA:543,54,0,0
BRDA:543,54,1,0
BRDA:545,55,0,0
BRDA:545,55,1,0
BRDA:546,56,0,0
BRDA:546,56,1,0
BRDA:560,57,0,0
BRDA:560,57,1,0
BRDA:563,58,0,0
BRDA:563,58,1,0
BRDA:563,59,0,0
BRDA:563,59,1,0
BRDA:563,59,2,0
BRDA:563,59,3,0
BRDA:566,60,0,0
BRDA:566,60,1,0
BRDA:568,61,0,0
BRDA:568,61,1,0
BRDA:583,62,0,0
BRDA:583,62,1,0
BRDA:596,63,0,0
BRDA:596,63,1,0
BRDA:597,64,0,0
BRDA:597,64,1,0
BRDA:606,65,0,0
BRDA:606,65,1,0
BRDA:609,66,0,0
BRDA:609,66,1,0
BRDA:619,67,0,0
BRDA:619,67,1,0
BRDA:619,68,0,0
BRDA:619,68,1,0
BRDA:621,69,0,0
BRDA:621,69,1,0
BRDA:633,70,0,0
BRDA:633,70,1,0
BRDA:636,71,0,0
BRDA:636,71,1,0
BRDA:640,72,0,0
BRDA:640,72,1,0
BRDA:649,73,0,0
BRDA:649,73,1,0
BRDA:651,74,0,0
BRDA:651,74,1,0
BRDA:653,75,0,0
BRDA:653,75,1,0
BRDA:653,76,0,0
BRDA:653,76,1,0
BRDA:674,77,0,0
BRDA:674,77,1,0
BRDA:696,78,0,0
BRDA:696,78,1,0
BRDA:696,79,0,0
BRDA:696,79,1,0
BRDA:696,79,2,0
BRDA:699,80,0,0
BRDA:699,80,1,0
BRDA:702,81,0,0
BRDA:702,81,1,0
BRDA:710,82,0,0
BRDA:710,82,1,0
BRDA:740,83,0,0
BRDA:740,83,1,0
BRDA:740,84,0,0
BRDA:740,84,1,0
BRDA:748,85,0,0
BRDA:748,85,1,0
BRDA:748,86,0,0
BRDA:748,86,1,0
BRDA:752,87,0,0
BRDA:752,87,1,0
BRDA:758,88,0,0
BRDA:758,88,1,0
BRDA:768,89,0,0
BRDA:768,89,1,0
BRDA:768,90,0,0
BRDA:768,90,1,0
BRDA:774,91,0,0
BRDA:774,91,1,0
BRDA:774,92,0,0
BRDA:774,92,1,0
BRDA:777,93,0,0
BRDA:777,93,1,0
BRDA:783,94,0,0
BRDA:783,94,1,0
BRDA:789,95,0,0
BRDA:789,95,1,0
BRDA:791,96,0,0
BRDA:791,96,1,0
BRDA:802,97,0,0
BRDA:802,97,1,0
BRDA:813,98,0,0
BRDA:813,98,1,0
BRDA:839,99,0,0
BRDA:839,99,1,0
BRDA:839,100,0,0
BRDA:839,100,1,0
BRDA:841,101,0,0
BRDA:841,101,1,0
BRDA:841,102,0,0
BRDA:841,102,1,0
BRDA:874,103,0,0
BRDA:874,103,1,0
BRDA:889,104,0,0
BRDA:889,104,1,0
BRDA:891,105,0,0
BRDA:891,105,1,0
BRDA:897,106,0,0
BRDA:897,106,1,0
BRDA:897,106,2,0
BRDA:897,106,3,0
BRDA:897,106,4,0
BRDA:897,106,5,0
BRDA:897,106,6,0
BRDA:897,106,7,0
BRDA:897,106,8,0
BRDA:897,106,9,0
BRDA:897,106,10,0
BRDA:897,106,11,0
BRDA:897,106,12,0
BRDA:897,106,13,0
BRDA:897,106,14,0
BRDA:952,107,0,0
BRDA:952,107,1,0
BRDA:962,108,0,0
BRDA:962,108,1,0
BRDA:981,109,0,0
BRDA:981,109,1,0
BRDA:981,109,2,0
BRDA:981,109,3,0
BRDA:982,110,0,0
BRDA:982,110,1,0
BRDA:982,110,2,0
BRDA:982,110,3,0
BRDA:983,111,0,0
BRDA:983,111,1,0
BRDA:983,111,2,0
BRDA:983,111,3,0
BRDA:994,112,0,0
BRDA:994,112,1,0
BRDA:996,113,0,0
BRDA:996,113,1,0
BRDA:996,114,0,0
BRDA:996,114,1,0
BRDA:1012,115,0,0
BRDA:1012,115,1,0
BRDA:1012,116,0,0
BRDA:1012,116,1,0
BRDA:1020,117,0,0
BRDA:1020,117,1,0
BRDA:1037,118,0,0
BRDA:1037,118,1,0
BRDA:1041,119,0,0
BRDA:1041,119,1,0
BRDA:1047,120,0,0
BRDA:1047,120,1,0
BRDA:1048,121,0,0
BRDA:1048,121,1,0
BRDA:1053,122,0,0
BRDA:1053,122,1,0
BRDA:1063,123,0,0
BRDA:1063,123,1,0
BRDA:1063,124,0,0
BRDA:1063,124,1,0
BRDA:1070,125,0,0
BRDA:1070,125,1,0
BRDA:1080,126,0,0
BRDA:1080,126,1,0
BRDA:1085,127,0,0
BRDA:1085,127,1,0
BRDA:1090,128,0,0
BRDA:1090,128,1,0
BRDA:1102,129,0,0
BRDA:1102,129,1,0
BRDA:1102,129,2,0
BRDA:1102,129,3,0
BRDA:1102,129,4,0
BRDA:1102,129,5,0
BRDA:1123,130,0,0
BRDA:1123,130,1,0
BRDA:1123,130,2,0
BRDA:1123,130,3,0
BRDA:1123,130,4,0
BRDA:1123,130,5,0
BRDA:1156,131,0,0
BRDA:1156,131,1,0
BRDA:1157,132,0,0
BRDA:1157,132,1,0
BRDA:1182,133,0,0
BRDA:1182,133,1,0
BRDA:1188,134,0,0
BRDA:1188,134,1,0
BRDA:1198,135,0,0
BRDA:1198,135,1,0
BRDA:1202,136,0,0
BRDA:1202,136,1,0
BRDA:1202,137,0,0
BRDA:1202,137,1,0
BRDA:1207,138,0,0
BRDA:1207,138,1,0
BRDA:1208,139,0,0
BRDA:1208,139,1,0
BRDA:1208,140,0,0
BRDA:1208,140,1,0
BRDA:1208,140,2,0
BRDA:1208,140,3,0
BRDA:1234,141,0,0
BRDA:1234,141,1,0
BRDA:1253,142,0,0
BRDA:1253,142,1,0
BRDA:1255,143,0,0
BRDA:1255,143,1,0
BRDA:1268,144,0,0
BRDA:1268,144,1,0
BRDA:1268,145,0,0
BRDA:1268,145,1,0
BRDA:1275,146,0,0
BRDA:1275,146,1,0
BRDA:1286,147,0,0
BRDA:1286,147,1,0
BRDA:1308,148,0,0
BRDA:1308,148,1,0
BRDA:1312,149,0,0
BRDA:1312,149,1,0
BRDA:1314,150,0,0
BRDA:1314,150,1,0
BRDA:1323,151,0,0
BRDA:1323,151,1,0
BRDA:1327,152,0,0
BRDA:1327,152,1,0
BRDA:1329,153,0,0
BRDA:1329,153,1,0
BRDA:1338,154,0,0
BRDA:1338,154,1,0
BRDA:1338,155,0,0
BRDA:1338,155,1,0
BRDA:1342,156,0,0
BRDA:1342,156,1,0
BRDA:1346,157,0,0
BRDA:1346,157,1,0
BRDA:1352,158,0,0
BRDA:1352,158,1,0
BRDA:1356,159,0,0
BRDA:1356,159,1,0
BRDA:1358,160,0,0
BRDA:1358,160,1,0
BRDA:1381,161,0,0
BRDA:1381,161,1,0
BRDA:1385,162,0,0
BRDA:1385,162,1,0
BRDA:1387,163,0,0
BRDA:1387,163,1,0
BRDA:1395,164,0,0
BRDA:1395,164,1,0
BRDA:1399,165,0,0
BRDA:1399,165,1,0
BRDA:1401,166,0,0
BRDA:1401,166,1,0
BRDA:1409,167,0,0
BRDA:1409,167,1,0
BRDA:1409,168,0,0
BRDA:1409,168,1,0
BRDA:1413,169,0,0
BRDA:1413,169,1,0
BRDA:1416,170,0,0
BRDA:1416,170,1,0
BRDA:1422,171,0,0
BRDA:1422,171,1,0
BRDA:1426,172,0,0
BRDA:1426,172,1,0
BRDA:1428,173,0,0
BRDA:1428,173,1,0
BRDA:1440,174,0,0
BRDA:1440,174,1,0
BRDA:1451,175,0,0
BRDA:1451,175,1,0
BRDA:1452,176,0,0
BRDA:1452,176,1,0
BRDA:1455,177,0,0
BRDA:1455,177,1,0
BRDA:1461,178,0,0
BRDA:1461,178,1,0
BRDA:1465,179,0,0
BRDA:1465,179,1,0
BRDA:1474,180,0,0
BRDA:1474,180,1,0
BRDA:1480,181,0,0
BRDA:1480,181,1,0
BRDA:1485,182,0,0
BRDA:1485,182,1,0
BRDA:1494,183,0,0
BRDA:1494,183,1,0
BRDA:1507,184,0,0
BRDA:1507,184,1,0
BRDA:1508,185,0,0
BRDA:1508,185,1,0
BRDA:1508,185,2,0
BRDA:1518,186,0,0
BRDA:1518,186,1,0
BRDA:1542,187,0,0
BRDA:1542,187,1,0
BRDA:1543,188,0,0
BRDA:1543,188,1,0
BRDA:1543,188,2,0
BRDA:1553,189,0,0
BRDA:1553,189,1,0
BRDA:1576,190,0,0
BRDA:1576,190,1,0
BRDA:1592,191,0,0
BRDA:1592,191,1,0
BRDA:1614,192,0,0
BRDA:1614,192,1,0
BRDA:1618,193,0,0
BRDA:1618,193,1,0
BRDA:1623,194,0,0
BRDA:1623,194,1,0
BRDA:1627,195,0,0
BRDA:1627,195,1,0
BRDA:1627,196,0,0
BRDA:1627,196,1,0
BRDA:1628,197,0,0
BRDA:1628,197,1,0
BRDA:1635,198,0,0
BRDA:1635,198,1,0
BRDA:1650,199,0,0
BRDA:1650,199,1,0
BRDA:1651,200,0,0
BRDA:1651,200,1,0
BRDA:1665,201,0,0
BRDA:1665,201,1,0
BRDA:1668,202,0,0
BRDA:1668,202,1,0
BRDA:1673,203,0,0
BRDA:1673,203,1,0
BRDA:1675,204,0,0
BRDA:1675,204,1,0
BRDA:1705,205,0,0
BRDA:1705,205,1,0
BRDA:1712,206,0,0
BRDA:1712,206,1,0
BRDA:1818,207,0,0
BRDA:1818,207,1,0
BRDA:1826,208,0,0
BRDA:1826,208,1,0
BRDA:1830,209,0,0
BRDA:1830,209,1,0
BRDA:1845,210,0,0
BRDA:1845,210,1,0
BRDA:1865,211,0,0
BRDA:1865,211,1,0
BRDA:1884,212,0,0
BRDA:1884,212,1,0
BRDA:1892,213,0,0
BRDA:1892,213,1,0
BRDA:1914,214,0,0
BRDA:1914,214,1,0
BRDA:1943,215,0,0
BRDA:1943,215,1,0
BRDA:1976,216,0,0
BRDA:1976,216,1,0
BRDA:2000,217,0,0
BRDA:2000,217,1,0
BRDA:2000,218,0,0
BRDA:2000,218,1,0
BRDA:2000,218,2,0
BRDA:2002,219,0,0
BRDA:2002,219,1,0
BRDA:2021,220,0,0
BRDA:2021,220,1,0
BRDA:2022,221,0,0
BRDA:2022,221,1,0
BRDA:2023,222,0,0
BRDA:2023,222,1,0
BRDA:2024,223,0,0
BRDA:2024,223,1,0
BRDA:2033,224,0,0
BRDA:2033,224,1,0
BRDA:2035,225,0,0
BRDA:2035,225,1,0
BRDA:2078,226,0,0
BRDA:2078,226,1,0
BRDA:2080,227,0,0
BRDA:2080,227,1,0
BRDA:2080,228,0,0
BRDA:2080,228,1,0
BRDA:2080,228,2,0
BRDA:2082,229,0,0
BRDA:2082,229,1,0
BRDA:2082,230,0,0
BRDA:2082,230,1,0
BRDA:2083,231,0,0
BRDA:2083,231,1,0
BRDA:2083,232,0,0
BRDA:2083,232,1,0
BRDA:2083,232,2,0
BRDA:2085,233,0,0
BRDA:2085,233,1,0
BRDA:2094,234,0,0
BRDA:2094,234,1,0
BRDA:2101,235,0,0
BRDA:2101,235,1,0
BRDA:2101,236,0,0
BRDA:2101,236,1,0
BRDA:2103,237,0,0
BRDA:2103,237,1,0
BRDA:2114,238,0,0
BRDA:2114,238,1,0
BRDA:2114,239,0,0
BRDA:2114,239,1,0
BRDA:2196,240,0,0
BRDA:2196,240,1,0
BRDA:2202,241,0,0
BRDA:2202,241,1,0
BRDA:2211,242,0,0
BRDA:2211,242,1,0
BRDA:2214,243,0,0
BRDA:2214,243,1,0
BRDA:2237,244,0,0
BRDA:2237,244,1,0
BRDA:2252,245,0,0
BRDA:2252,245,1,0
BRDA:2253,246,0,0
BRDA:2253,246,1,0
BRDA:2264,247,0,0
BRDA:2264,247,1,0
BRDA:2276,248,0,0
BRDA:2276,248,1,0
BRDA:2290,249,0,0
BRDA:2290,249,1,0
BRDA:2291,250,0,0
BRDA:2291,250,1,0
BRDA:2291,251,0,0
BRDA:2291,251,1,0
BRDA:2306,252,0,0
BRDA:2306,252,1,0
BRDA:2324,253,0,0
BRDA:2324,253,1,0
BRDA:2330,254,0,0
BRDA:2330,254,1,0
BRDA:2330,255,0,0
BRDA:2330,255,1,0
BRDA:2342,256,0,0
BRDA:2342,256,1,0
BRDA:2342,257,0,0
BRDA:2342,257,1,0
BRDA:2342,257,2,0
BRDA:2365,258,0,0
BRDA:2365,258,1,0
BRDA:2383,259,0,0
BRDA:2383,259,1,0
BRDA:2386,260,0,0
BRDA:2386,260,1,0
BRDA:2388,261,0,0
BRDA:2388,261,1,0
BRDA:2401,262,0,0
BRDA:2401,262,1,0
BRDA:2416,263,0,0
BRDA:2416,263,1,0
BRDA:2416,264,0,0
BRDA:2416,264,1,0
BRDA:2418,265,0,0
BRDA:2418,265,1,0
BRDA:2421,266,0,0
BRDA:2421,266,1,0
BRDA:2421,267,0,0
BRDA:2421,267,1,0
BRDA:2421,267,2,0
BRDA:2421,267,3,0
BRDA:2422,268,0,0
BRDA:2422,268,1,0
BRDA:2433,269,0,0
BRDA:2433,269,1,0
BRDA:2447,270,0,0
BRDA:2447,270,1,0
BRDA:2448,271,0,0
BRDA:2448,271,1,0
BRDA:2450,272,0,0
BRDA:2450,272,1,0
BRDA:2452,273,0,0
BRDA:2452,273,1,0
BRDA:2452,274,0,0
BRDA:2452,274,1,0
BRDA:2452,274,2,0
BRDA:2469,275,0,0
BRDA:2469,275,1,0
BRDA:2493,276,0,0
BRDA:2493,276,1,0
BRF:612
BRH:0
end_of_record
TN:
SF:C:\Users\gilla\WebstormProjects\final-exam-scheduler\src\index.js
FNF:0
FNH:0
DA:9,0
DA:11,0
DA:22,0
LF:3
LH:0
BRF:0
BRH:0
end_of_record
TN:
SF:C:\Users\gilla\WebstormProjects\final-exam-scheduler\src\reportWebVitals.js
FN:1,(anonymous_0)
FN:3,(anonymous_1)
FNF:2
FNH:0
FNDA:0,(anonymous_0)
FNDA:0,(anonymous_1)
DA:1,0
DA:2,0
DA:3,0
DA:4,0
DA:5,0
DA:6,0
DA:7,0
DA:8,0
LF:8
LH:0
BRDA:2,0,0,0
BRDA:2,0,1,0
BRDA:2,1,0,0
BRDA:2,1,1,0
BRF:4
BRH:0
end_of_record
TN:
SF:C:\Users\gilla\WebstormProjects\final-exam-scheduler\src\Import\FileIO.js
FN:8,(anonymous_0)
FN:11,(anonymous_1)
FN:12,(anonymous_2)
FN:13,(anonymous_3)
FN:13,(anonymous_4)
FN:23,(anonymous_5)
FN:50,(anonymous_6)
FN:62,(anonymous_7)
FN:79,(anonymous_8)
FN:88,(anonymous_9)
FN:105,(anonymous_10)
FN:127,(anonymous_11)
FN:152,(anonymous_12)
FN:172,(anonymous_13)
FN:175,(anonymous_14)
FN:175,(anonymous_15)
FN:190,(anonymous_16)
FNF:17
FNH:0
FNDA:0,(anonymous_0)
FNDA:0,(anonymous_1)
FNDA:0,(anonymous_2)
FNDA:0,(anonymous_3)
FNDA:0,(anonymous_4)
FNDA:0,(anonymous_5)
FNDA:0,(anonymous_6)
FNDA:0,(anonymous_7)
FNDA:0,(anonymous_8)
FNDA:0,(anonymous_9)
FNDA:0,(anonymous_10)
FNDA:0,(anonymous_11)
FNDA:0,(anonymous_12)
FNDA:0,(anonymous_13)
FNDA:0,(anonymous_14)
FNDA:0,(anonymous_15)
FNDA:0,(anonymous_16)
DA:8,0
DA:9,0
DA:11,0
DA:12,0
DA:13,0
DA:23,0
DA:24,0
DA:25,0
DA:26,0
DA:28,0
DA:50,0
DA:51,0
DA:52,0
DA:53,0
DA:54,0
DA:55,0
DA:62,0
DA:63,0
DA:64,0
DA:65,0
DA:66,0
DA:67,0
DA:68,0
DA:69,0
DA:72,0
DA:73,0
DA:79,0
DA:80,0
DA:88,0
DA:89,0
DA:91,0
DA:93,0
DA:95,0
DA:97,0
DA:99,0
DA:101,0
DA:105,0
DA:106,0
DA:108,0
DA:110,0
DA:112,0
DA:114,0
DA:116,0
DA:118,0
DA:127,0
DA:128,0
DA:130,0
DA:132,0
DA:134,0
DA:136,0
DA:138,0
DA:140,0
DA:142,0
DA:152,0
DA:153,0
DA:154,0
DA:155,0
DA:156,0
DA:157,0
DA:159,0
DA:161,0
DA:162,0
DA:172,0
DA:175,0
DA:176,0
DA:179,0
DA:190,0
DA:192,0
DA:193,0
DA:195,0
DA:197,0
LF:71
LH:0
BRDA:12,0,0,0
BRDA:12,0,1,0
BRDA:51,1,0,0
BRDA:51,1,1,0
BRDA:54,2,0,0
BRDA:54,2,1,0
BRDA:64,3,0,0
BRDA:64,3,1,0
BRDA:66,4,0,0
BRDA:66,4,1,0
BRDA:66,5,0,0
BRDA:66,5,1,0
BRDA:68,6,0,0
BRDA:68,6,1,0
BRDA:68,7,0,0
BRDA:68,7,1,0
BRDA:68,7,2,0
BRDA:72,8,0,0
BRDA:72,8,1,0
BRDA:89,9,0,0
BRDA:89,9,1,0
BRDA:89,9,2,0
BRDA:89,9,3,0
BRDA:89,9,4,0
BRDA:89,9,5,0
BRDA:106,10,0,0
BRDA:106,10,1,0
BRDA:106,10,2,0
BRDA:106,10,3,0
BRDA:106,10,4,0
BRDA:106,10,5,0
BRDA:128,11,0,0
BRDA:128,11,1,0
BRDA:128,11,2,0
BRDA:128,11,3,0
BRDA:128,11,4,0
BRDA:128,11,5,0
BRDA:128,11,6,0
BRDA:192,12,0,0
BRDA:192,12,1,0
BRF:40
BRH:0
end_of_record
TN:
SF:C:\Users\gilla\WebstormProjects\final-exam-scheduler\src\Models\CareTaker.js
FN:19,(anonymous_0)
FN:23,(anonymous_1)
FN:27,(anonymous_2)
FN:38,(anonymous_3)
FN:43,(anonymous_4)
FN:47,(anonymous_5)
FN:60,(anonymous_6)
FN:66,(anonymous_7)
FNF:8
FNH:0
FNDA:0,(anonymous_0)
FNDA:0,(anonymous_1)
FNDA:0,(anonymous_2)
FNDA:0,(anonymous_3)
FNDA:0,(anonymous_4)
FNDA:0,(anonymous_5)
FNDA:0,(anonymous_6)
FNDA:0,(anonymous_7)
DA:7,0
DA:15,0
DA:20,0
DA:24,0
DA:28,0
DA:29,0
DA:31,0
DA:32,0
DA:33,0
DA:36,0
DA:38,0
DA:39,0
DA:40,0
DA:44,0
DA:48,0
DA:49,0
DA:50,0
DA:52,0
DA:53,0
DA:55,0
DA:57,0
DA:61,0
DA:62,0
DA:63,0
DA:67,0
LF:25
LH:0
BRDA:48,0,0,0
BRDA:48,0,1,0
BRDA:49,1,0,0
BRDA:49,1,1,0
BRDA:50,2,0,0
BRDA:50,2,1,0
BRDA:53,3,0,0
BRDA:53,3,1,0
BRDA:55,4,0,0
BRDA:55,4,1,0
BRDA:57,5,0,0
BRDA:57,5,1,0
BRF:12
BRH:0
end_of_record
TN:
SF:C:\Users\gilla\WebstormProjects\final-exam-scheduler\src\Models\Course.js
FN:53,(anonymous_0)
FN:70,(anonymous_1)
FN:88,(anonymous_2)
FN:98,(anonymous_3)
FN:112,(anonymous_4)
FN:122,(anonymous_5)
FN:126,(anonymous_6)
FN:133,(anonymous_7)
FNF:8
FNH:0
FNDA:0,(anonymous_0)
FNDA:0,(anonymous_1)
FNDA:0,(anonymous_2)
FNDA:0,(anonymous_3)
FNDA:0,(anonymous_4)
FNDA:0,(anonymous_5)
FNDA:0,(anonymous_6)
FNDA:0,(anonymous_7)
DA:22,0
DA:23,0
DA:24,0
DA:25,0
DA:26,0
DA:27,0
DA:28,0
DA:30,0
DA:31,0
DA:32,0
DA:33,0
DA:35,0
DA:36,0
DA:37,0
DA:39,0
DA:40,0
DA:42,0
DA:43,0
DA:44,0
DA:45,0
DA:46,0
DA:48,0
DA:49,0
DA:54,0
DA:55,0
DA:56,0
DA:57,0
DA:58,0
DA:71,0
DA:72,0
DA:73,0
DA:74,0
DA:75,0
DA:77,0
DA:78,0
DA:79,0
DA:89,0
DA:90,0
DA:99,0
DA:100,0
DA:101,0
DA:102,0
DA:103,0
DA:113,0
DA:114,0
DA:123,0
DA:127,0
DA:128,0
DA:135,0
LF:49
LH:0
BRDA:56,0,0,0
BRDA:56,0,1,0
BRDA:73,1,0,0
BRDA:73,1,1,0
BRDA:74,2,0,0
BRDA:74,2,1,0
BRDA:75,3,0,0
BRDA:75,3,1,0
BRDA:127,4,0,0
BRDA:127,4,1,0
BRF:10
BRH:0
end_of_record
TN:
SF:C:\Users\gilla\WebstormProjects\final-exam-scheduler\src\Models\Room.js
FN:35,(anonymous_0)
FN:48,(anonymous_1)
FN:59,(anonymous_2)
FN:71,(anonymous_3)
FN:98,(anonymous_4)
FN:108,(anonymous_5)
FNF:6
FNH:0
FNDA:0,(anonymous_0)
FNDA:0,(anonymous_1)
FNDA:0,(anonymous_2)
FNDA:0,(anonymous_3)
FNDA:0,(anonymous_4)
FNDA:0,(anonymous_5)
DA:6,0
DA:26,0
DA:27,0
DA:28,0
DA:29,0
DA:30,0
DA:31,0
DA:36,0
DA:37,0
DA:38,0
DA:39,0
DA:49,0
DA:50,0
DA:51,0
DA:60,0
DA:61,0
DA:72,0
DA:99,0
DA:100,0
DA:102,0
DA:109,0
DA:110,0
LF:22
LH:0
BRDA:100,0,0,0
BRDA:100,0,1,0
BRDA:100,1,0,0
BRDA:100,1,1,0
BRF:4
BRH:0
end_of_record
TN:
SF:C:\Users\gilla\WebstormProjects\final-exam-scheduler\src\Models\Schedule.js
FN:15,(anonymous_0)
FN:17,(anonymous_1)
FN:20,(anonymous_2)
FN:26,(anonymous_3)
FN:30,(anonymous_4)
FN:34,(anonymous_5)
FN:48,(anonymous_6)
FN:50,(anonymous_7)
FN:57,(anonymous_8)
FN:68,(anonymous_9)
FN:70,(anonymous_10)
FN:76,(anonymous_11)
FN:78,(anonymous_12)
FN:84,(anonymous_13)
FN:112,(anonymous_14)
FN:120,(anonymous_15)
FNF:16
FNH:0
FNDA:0,(anonymous_0)
FNDA:0,(anonymous_1)
FNDA:0,(anonymous_2)
FNDA:0,(anonymous_3)
FNDA:0,(anonymous_4)
FNDA:0,(anonymous_5)
FNDA:0,(anonymous_6)
FNDA:0,(anonymous_7)
FNDA:0,(anonymous_8)
FNDA:0,(anonymous_9)
FNDA:0,(anonymous_10)
FNDA:0,(anonymous_11)
FNDA:0,(anonymous_12)
FNDA:0,(anonymous_13)
FNDA:0,(anonymous_14)
FNDA:0,(anonymous_15)
DA:8,0
DA:9,0
DA:10,0
DA:11,0
DA:16,0
DA:17,0
DA:19,0
DA:20,0
DA:22,0
DA:23,0
DA:25,0
DA:26,0
DA:31,0
DA:35,0
DA:36,0
DA:37,0
DA:38,0
DA:40,0
DA:41,0
DA:42,0
DA:44,0
DA:45,0
DA:49,0
DA:50,0
DA:51,0
DA:52,0
DA:54,0
DA:58,0
DA:59,0
DA:60,0
DA:61,0
DA:62,0
DA:65,0
DA:69,0
DA:70,0
DA:71,0
DA:72,0
DA:74,0
DA:77,0
DA:78,0
DA:79,0
DA:81,0
DA:85,0
DA:86,0
DA:88,0
DA:89,0
DA:91,0
DA:92,0
DA:94,0
DA:95,0
DA:97,0
DA:98,0
DA:99,0
DA:100,0
DA:101,0
DA:102,0
DA:103,0
DA:104,0
DA:105,0
DA:106,0
DA:107,0
DA:108,0
DA:109,0
DA:113,0
DA:114,0
DA:115,0
DA:121,0
LF:67
LH:0
BRDA:16,0,0,0
BRDA:16,0,1,0
BRDA:19,1,0,0
BRDA:19,1,1,0
BRDA:22,2,0,0
BRDA:22,2,1,0
BRDA:25,3,0,0
BRDA:25,3,1,0
BRDA:59,4,0,0
BRDA:59,4,1,0
BRDA:61,5,0,0
BRDA:61,5,1,0
BRDA:86,6,0,0
BRDA:86,6,1,0
BRDA:89,7,0,0
BRDA:89,7,1,0
BRDA:92,8,0,0
BRDA:92,8,1,0
BRDA:95,9,0,0
BRDA:95,9,1,0
BRDA:97,10,0,0
BRDA:97,10,1,0
BRDA:98,11,0,0
BRDA:98,11,1,0
BRDA:99,12,0,0
BRDA:99,12,1,0
BRDA:100,13,0,0
BRDA:100,13,1,0
BRDA:101,14,0,0
BRDA:101,14,1,0
BRDA:102,15,0,0
BRDA:102,15,1,0
BRDA:103,16,0,0
BRDA:103,16,1,0
BRDA:104,17,0,0
BRDA:104,17,1,0
BRDA:105,18,0,0
BRDA:105,18,1,0
BRDA:106,19,0,0
BRDA:106,19,1,0
BRDA:107,20,0,0
BRDA:107,20,1,0
BRDA:108,21,0,0
BRDA:108,21,1,0
BRDA:109,22,0,0
BRDA:109,22,1,0
BRDA:115,23,0,0
BRDA:115,23,1,0
BRDA:121,24,0,0
BRDA:121,24,1,0
BRDA:121,24,2,0
BRF:51
BRH:0
end_of_record
TN:
SF:C:\Users\gilla\WebstormProjects\final-exam-scheduler\src\Models\Student.js
FN:12,(anonymous_0)
FN:16,(anonymous_1)
FN:25,(anonymous_2)
FN:50,(anonymous_3)
FN:51,(anonymous_4)
FN:61,(anonymous_5)
FN:69,(anonymous_6)
FN:77,(anonymous_7)
FN:92,(anonymous_8)
FN:101,(anonymous_9)
FN:103,(anonymous_10)
FNF:11
FNH:0
FNDA:0,(anonymous_0)
FNDA:0,(anonymous_1)
FNDA:0,(anonymous_2)
FNDA:0,(anonymous_3)
FNDA:0,(anonymous_4)
FNDA:0,(anonymous_5)
FNDA:0,(anonymous_6)
FNDA:0,(anonymous_7)
FNDA:0,(anonymous_8)
FNDA:0,(anonymous_9)
FNDA:0,(anonymous_10)
DA:13,0
DA:14,0
DA:15,0
DA:16,0
DA:18,0
DA:19,0
DA:26,0
DA:27,0
DA:29,0
DA:30,0
DA:31,0
DA:32,0
DA:33,0
DA:34,0
DA:35,0
DA:36,0
DA:38,0
DA:41,0
DA:51,0
DA:52,0
DA:62,0
DA:70,0
DA:78,0
DA:79,0
DA:80,0
DA:81,0
DA:83,0
DA:85,0
DA:93,0
DA:102,0
DA:103,0
DA:104,0
LF:32
LH:0
BRDA:26,0,0,0
BRDA:26,0,1,0
BRDA:30,1,0,0
BRDA:30,1,1,0
BRDA:30,2,0,0
BRDA:30,2,1,0
BRDA:31,3,0,0
BRDA:31,3,1,0
BRDA:33,4,0,0
BRDA:33,4,1,0
BRDA:78,5,0,0
BRDA:78,5,1,0
BRDA:78,6,0,0
BRDA:78,6,1,0
BRDA:80,7,0,0
BRDA:80,7,1,0
BRDA:102,8,0,0
BRDA:102,8,1,0
BRF:18
BRH:0
end_of_record
TN:
SF:C:\Users\gilla\WebstormProjects\final-exam-scheduler\src\Models\StudentInstructorCatalog.js
FN:29,(anonymous_0)
FN:38,(anonymous_1)
FN:42,(anonymous_2)
FN:46,(anonymous_3)
FN:58,(anonymous_4)
FN:82,(anonymous_5)
FN:84,(anonymous_6)
FN:104,(anonymous_7)
FN:123,(anonymous_8)
FN:138,(anonymous_9)
FN:147,(anonymous_10)
FN:168,(anonymous_11)
FN:174,(anonymous_12)
FN:179,(anonymous_13)
FN:180,(anonymous_14)
FN:184,(anonymous_15)
FN:206,(anonymous_16)
FN:208,(anonymous_17)
FN:221,(anonymous_18)
FN:223,(anonymous_19)
FN:238,(anonymous_20)
FN:239,(anonymous_21)
FN:250,(anonymous_22)
FN:251,(anonymous_23)
FN:260,(anonymous_24)
FN:264,(anonymous_25)
FN:268,(anonymous_26)
FN:275,(anonymous_27)
FN:285,(anonymous_28)
FN:287,(anonymous_29)
FN:294,(anonymous_30)
FN:298,(anonymous_31)
FNF:32
FNH:0
FNDA:0,(anonymous_0)
FNDA:0,(anonymous_1)
FNDA:0,(anonymous_2)
FNDA:0,(anonymous_3)
FNDA:0,(anonymous_4)
FNDA:0,(anonymous_5)
FNDA:0,(anonymous_6)
FNDA:0,(anonymous_7)
FNDA:0,(anonymous_8)
FNDA:0,(anonymous_9)
FNDA:0,(anonymous_10)
FNDA:0,(anonymous_11)
FNDA:0,(anonymous_12)
FNDA:0,(anonymous_13)
FNDA:0,(anonymous_14)
FNDA:0,(anonymous_15)
FNDA:0,(anonymous_16)
FNDA:0,(anonymous_17)
FNDA:0,(anonymous_18)
FNDA:0,(anonymous_19)
FNDA:0,(anonymous_20)
FNDA:0,(anonymous_21)
FNDA:0,(anonymous_22)
FNDA:0,(anonymous_23)
FNDA:0,(anonymous_24)
FNDA:0,(anonymous_25)
FNDA:0,(anonymous_26)
FNDA:0,(anonymous_27)
FNDA:0,(anonymous_28)
FNDA:0,(anonymous_29)
FNDA:0,(anonymous_30)
FNDA:0,(anonymous_31)
DA:18,0
DA:22,0
DA:30,0
DA:31,0
DA:32,0
DA:33,0
DA:39,0
DA:43,0
DA:47,0
DA:60,0
DA:61,0
DA:62,0
DA:63,0
DA:64,0
DA:66,0
DA:68,0
DA:70,0
DA:71,0
DA:72,0
DA:74,0
DA:83,0
DA:84,0
DA:85,0
DA:86,0
DA:87,0
DA:89,0
DA:90,0
DA:91,0
DA:105,0
DA:106,0
DA:107,0
DA:108,0
DA:109,0
DA:112,0
DA:124,0
DA:125,0
DA:126,0
DA:128,0
DA:129,0
DA:139,0
DA:148,0
DA:149,0
DA:150,0
DA:151,0
DA:152,0
DA:154,0
DA:155,0
DA:157,0
DA:158,0
DA:169,0
DA:170,0
DA:171,0
DA:172,0
DA:173,0
DA:174,0
DA:175,0
DA:176,0
DA:177,0
DA:178,0
DA:179,0
DA:180,0
DA:181,0
DA:182,0
DA:183,0
DA:184,0
DA:185,0
DA:186,0
DA:187,0
DA:193,0
DA:194,0
DA:195,0
DA:207,0
DA:208,0
DA:209,0
DA:210,0
DA:213,0
DA:222,0
DA:223,0
DA:224,0
DA:225,0
DA:228,0
DA:239,0
DA:240,0
DA:241,0
DA:251,0
DA:252,0
DA:253,0
DA:261,0
DA:265,0
DA:269,0
DA:276,0
DA:277,0
DA:286,0
DA:287,0
DA:288,0
DA:290,0
DA:291,0
DA:295,0
DA:299,0
LF:99
LH:0
BRDA:60,0,0,0
BRDA:60,0,1,0
BRDA:71,1,0,0
BRDA:71,1,1,0
BRDA:90,2,0,0
BRDA:90,2,1,0
BRDA:106,3,0,0
BRDA:106,3,1,0
BRDA:108,4,0,0
BRDA:108,4,1,0
BRDA:108,5,0,0
BRDA:108,5,1,0
BRDA:108,5,2,0
BRDA:125,6,0,0
BRDA:125,6,1,0
BRDA:128,7,0,0
BRDA:128,7,1,0
BRDA:128,8,0,0
BRDA:128,8,1,0
BRDA:149,9,0,0
BRDA:149,9,1,0
BRDA:154,10,0,0
BRDA:154,10,1,0
BRDA:154,11,0,0
BRDA:154,11,1,0
BRDA:157,12,0,0
BRDA:157,12,1,0
BRDA:157,13,0,0
BRDA:157,13,1,0
BRDA:169,14,0,0
BRDA:169,14,1,0
BRDA:170,15,0,0
BRDA:170,15,1,0
BRDA:181,16,0,0
BRDA:181,16,1,0
BRDA:185,17,0,0
BRDA:185,17,1,0
BRDA:186,18,0,0
BRDA:186,18,1,0
BRDA:193,19,0,0
BRDA:193,19,1,0
BRDA:209,20,0,0
BRDA:209,20,1,0
BRDA:224,21,0,0
BRDA:224,21,1,0
BRDA:240,22,0,0
BRDA:240,22,1,0
BRDA:252,23,0,0
BRDA:252,23,1,0
BRDA:290,24,0,0
BRDA:290,24,1,0
BRF:51
BRH:0
end_of_record
TN:
SF:C:\Users\gilla\WebstormProjects\final-exam-scheduler\src\ReactComps\AvailableRoomsTable.jsx
FN:6,AvailableRoomsTable
FN:45,(anonymous_1)
FN:46,(anonymous_2)
FN:47,(anonymous_3)
FN:51,(anonymous_4)
FN:60,(anonymous_5)
FNF:6
FNH:0
FNDA:0,AvailableRoomsTable
FNDA:0,(anonymous_1)
FNDA:0,(anonymous_2)
FNDA:0,(anonymous_3)
FNDA:0,(anonymous_4)
FNDA:0,(anonymous_5)
DA:7,0
DA:8,0
DA:9,0
DA:46,0
DA:47,0
DA:48,0
DA:49,0
DA:50,0
DA:51,0
DA:52,0
DA:54,0
DA:55,0
DA:57,0
DA:60,0
DA:70,0
LF:15
LH:0
BRDA:45,0,0,0
BRDA:45,0,1,0
BRDA:48,1,0,0
BRDA:48,1,1,0
BRDA:54,2,0,0
BRDA:54,2,1,0
BRF:6
BRH:0
end_of_record
TN:
SF:C:\Users\gilla\WebstormProjects\final-exam-scheduler\src\ReactComps\ClassDescriptionTable.jsx
FN:3,ClassDescriptionTable
FNF:1
FNH:0
FNDA:0,ClassDescriptionTable
DA:4,0
DA:5,0
LF:2
LH:0
BRF:0
BRH:0
end_of_record
TN:
SF:C:\Users\gilla\WebstormProjects\final-exam-scheduler\src\ReactComps\ClassMeetingTimes.jsx
FN:4,ClassMeetingTimes
FN:5,(anonymous_1)
FN:21,(anonymous_2)
FN:25,(anonymous_3)
FN:55,(anonymous_4)
FN:60,(anonymous_5)
FN:63,(anonymous_6)
FNF:7
FNH:0
FNDA:0,ClassMeetingTimes
FNDA:0,(anonymous_1)
FNDA:0,(anonymous_2)
FNDA:0,(anonymous_3)
FNDA:0,(anonymous_4)
FNDA:0,(anonymous_5)
FNDA:0,(anonymous_6)
DA:5,0
DA:6,0
DA:7,0
DA:8,0
DA:9,0
DA:10,0
DA:11,0
DA:13,0
DA:14,0
DA:15,0
DA:17,0
DA:18,0
DA:21,0
DA:22,0
DA:25,0
DA:26,0
DA:27,0
DA:34,0
DA:37,0
DA:38,0
DA:56,0
DA:57,0
DA:61,0
DA:64,0
DA:66,0
DA:67,0
DA:68,0
DA:70,0
DA:73,0
DA:75,0
DA:77,0
LF:31
LH:0
BRDA:8,0,0,0
BRDA:8,0,1,0
BRDA:8,1,0,0
BRDA:8,1,1,0
BRDA:8,1,2,0
BRDA:8,1,3,0
BRDA:10,2,0,0
BRDA:10,2,1,0
BRDA:29,3,0,0
BRDA:29,3,1,0
BRDA:30,4,0,0
BRDA:30,4,1,0
BRDA:31,5,0,0
BRDA:31,5,1,0
BRDA:32,6,0,0
BRDA:32,6,1,0
BRDA:66,7,0,0
BRDA:66,7,1,0
BRDA:68,8,0,0
BRDA:68,8,1,0
BRF:20
BRH:0
end_of_record
TN:
SF:C:\Users\gilla\WebstormProjects\final-exam-scheduler\src\ReactComps\ExportTables.js
FN:7,ExportTables
FNF:1
FNH:0
FNDA:0,ExportTables
DA:8,0
LF:1
LH:0
BRF:0
BRH:0
end_of_record
TN:
SF:C:\Users\gilla\WebstormProjects\final-exam-scheduler\src\ReactComps\FullPageLoadingIcon.jsx
FN:1,FullPageLoadingIcon
FNF:1
FNH:0
FNDA:0,FullPageLoadingIcon
DA:2,0
LF:1
LH:0
BRF:0
BRH:0
end_of_record
TN:
SF:C:\Users\gilla\WebstormProjects\final-exam-scheduler\src\ReactComps\ManualScheduleModal.jsx
FN:10,ManualScheduleModal
FN:18,(anonymous_1)
FNF:2
FNH:0
FNDA:0,ManualScheduleModal
FNDA:0,(anonymous_1)
DA:11,0
DA:12,0
DA:13,0
DA:18,0
DA:19,0
DA:20,0
DA:21,0
DA:22,0
DA:23,0
DA:24,0
DA:25,0
DA:26,0
DA:27,0
DA:28,0
DA:52,0
LF:15
LH:0
BRF:0
BRH:0
end_of_record
TN:
SF:C:\Users\gilla\WebstormProjects\final-exam-scheduler\src\ReactComps\OverlayInput.jsx
FN:3,OverlayInput
FN:6,(anonymous_1)
FN:15,onSubmit
FNF:3
FNH:0
FNDA:0,OverlayInput
FNDA:0,(anonymous_1)
FNDA:0,onSubmit
DA:4,0
DA:6,0
DA:7,0
DA:9,0
DA:11,0
DA:16,0
DA:19,0
LF:7
LH:0
BRDA:7,0,0,0
BRDA:7,0,1,0
BRF:2
BRH:0
end_of_record
TN:
SF:C:\Users\gilla\WebstormProjects\final-exam-scheduler\src\ReactComps\ProgressBar.jsx
FN:5,ProgressBar
FN:6,(anonymous_1)
FNF:2
FNH:0
FNDA:0,ProgressBar
FNDA:0,(anonymous_1)
DA:6,0
DA:9,0
DA:10,0
DA:11,0
DA:12,0
DA:14,0
DA:16,0
LF:7
LH:0
BRDA:9,0,0,0
BRDA:9,0,1,0
BRDA:11,1,0,0
BRDA:11,1,1,0
BRF:4
BRH:0
end_of_record
TN:
SF:C:\Users\gilla\WebstormProjects\final-exam-scheduler\src\ReactComps\ReturnToTopButton.jsx
FN:3,ReturnToTopButton
FNF:1
FNH:0
FNDA:0,ReturnToTopButton
DA:4,0
LF:1
LH:0
BRF:0
BRH:0
end_of_record
TN:
SF:C:\Users\gilla\WebstormProjects\final-exam-scheduler\src\ReactComps\ScheduledTable.js
FN:26,(anonymous_0)
FN:33,(anonymous_1)
FN:37,ScheduleBody
FN:38,(anonymous_3)
FN:39,(anonymous_4)
FN:47,(anonymous_5)
FN:55,(anonymous_6)
FN:66,ScheduledTable
FN:68,(anonymous_8)
FN:70,(anonymous_9)
FN:74,(anonymous_10)
FN:86,(anonymous_11)
FNF:12
FNH:0
FNDA:0,(anonymous_0)
FNDA:0,(anonymous_1)
FNDA:0,ScheduleBody
FNDA:0,(anonymous_3)
FNDA:0,(anonymous_4)
FNDA:0,(anonymous_5)
FNDA:0,(anonymous_6)
FNDA:0,ScheduledTable
FNDA:0,(anonymous_8)
FNDA:0,(anonymous_9)
FNDA:0,(anonymous_10)
FNDA:0,(anonymous_11)
DA:26,0
DA:27,0
DA:28,0
DA:29,0
DA:30,0
DA:32,0
DA:33,0
DA:38,0
DA:39,0
DA:41,0
DA:44,0
DA:45,0
DA:48,0
DA:56,0
DA:57,0
DA:67,0
DA:68,0
DA:69,0
DA:70,0
DA:71,0
DA:74,0
DA:75,0
DA:76,0
DA:79,0
DA:80,0
DA:82,0
DA:86,0
DA:87,0
DA:88,0
DA:90,0
DA:92,0
LF:31
LH:0
BRDA:27,0,0,0
BRDA:27,0,1,0
BRDA:29,1,0,0
BRDA:29,1,1,0
BRDA:29,2,0,0
BRDA:29,2,1,0
BRDA:29,2,2,0
BRDA:52,3,0,0
BRDA:52,3,1,0
BRDA:76,4,0,0
BRDA:76,4,1,0
BRDA:79,5,0,0
BRDA:79,5,1,0
BRDA:80,6,0,0
BRDA:80,6,1,0
BRDA:88,7,0,0
BRDA:88,7,1,0
BRDA:170,8,0,0
BRDA:170,8,1,0
BRF:19
BRH:0
end_of_record
TN:
SF:C:\Users\gilla\WebstormProjects\final-exam-scheduler\src\ReactComps\SearchStudents.js
FN:16,(anonymous_0)
FN:30,(anonymous_1)
FN:52,(anonymous_2)
FN:58,(anonymous_3)
FN:88,(anonymous_4)
FN:128,(anonymous_5)
FN:135,(anonymous_6)
FNF:7
FNH:0
FNDA:0,(anonymous_0)
FNDA:0,(anonymous_1)
FNDA:0,(anonymous_2)
FNDA:0,(anonymous_3)
FNDA:0,(anonymous_4)
FNDA:0,(anonymous_5)
FNDA:0,(anonymous_6)
DA:17,0
DA:18,0
DA:20,0
DA:30,0
DA:31,0
DA:32,0
DA:33,0
DA:34,0
DA:35,0
DA:38,0
DA:39,0
DA:41,0
DA:52,0
DA:53,0
DA:54,0
DA:55,0
DA:56,0
DA:57,0
DA:58,0
DA:59,0
DA:60,0
DA:61,0
DA:62,0
DA:63,0
DA:64,0
DA:65,0
DA:66,0
DA:67,0
DA:68,0
DA:69,0
DA:70,0
DA:71,0
DA:72,0
DA:73,0
DA:77,0
DA:88,0
DA:89,0
DA:90,0
DA:91,0
DA:92,0
DA:93,0
DA:94,0
DA:95,0
DA:96,0
DA:97,0
DA:98,0
DA:99,0
DA:101,0
DA:102,0
DA:104,0
DA:105,0
DA:107,0
DA:108,0
DA:110,0
DA:111,0
DA:113,0
DA:114,0
DA:116,0
DA:121,0
DA:122,0
DA:123,0
DA:124,0
DA:125,0
DA:128,0
DA:129,0
DA:130,0
DA:132,0
DA:136,0
LF:68
LH:0
BRDA:34,0,0,0
BRDA:34,0,1,0
BRDA:38,1,0,0
BRDA:38,1,1,0
BRDA:59,2,0,0
BRDA:59,2,1,0
BRDA:62,3,0,0
BRDA:62,3,1,0
BRDA:65,4,0,0
BRDA:65,4,1,0
BRDA:68,5,0,0
BRDA:68,5,1,0
BRDA:71,6,0,0
BRDA:71,6,1,0
BRF:14
BRH:0
end_of_record
TN:
SF:C:\Users\gilla\WebstormProjects\final-exam-scheduler\src\ReactComps\SetUnscheduledExamModal.js
FN:12,SetUnscheduledExamModal
FN:14,scheduleExam
FN:21,onScheduleExamClick
FN:27,afterOpenModal
FNF:4
FNH:0
FNDA:0,SetUnscheduledExamModal
FNDA:0,scheduleExam
FNDA:0,onScheduleExamClick
FNDA:0,afterOpenModal
DA:15,0
DA:16,0
DA:17,0
DA:22,0
DA:23,0
DA:31,0
LF:6
LH:0
BRDA:15,0,0,0
BRDA:15,0,1,0
BRDA:22,1,0,0
BRDA:22,1,1,0
BRF:4
BRH:0
end_of_record
TN:
SF:C:\Users\gilla\WebstormProjects\final-exam-scheduler\src\ReactComps\StudentExamRow.jsx
FN:4,(anonymous_0)
FNF:1
FNH:0
FNDA:0,(anonymous_0)
DA:5,0
LF:1
LH:0
BRF:0
BRH:0
end_of_record
TN:
SF:C:\Users\gilla\WebstormProjects\final-exam-scheduler\src\ReactComps\StudentExamTable.jsx
FN:4,StudentExamTable
FNF:1
FNH:0
FNDA:0,StudentExamTable
DA:5,0
LF:1
LH:0
BRF:0
BRH:0
end_of_record
TN:
SF:C:\Users\gilla\WebstormProjects\final-exam-scheduler\src\ReactComps\TopMenuBar.js
FN:11,(anonymous_0)
FN:20,(anonymous_1)
FN:25,(anonymous_2)
FN:33,(anonymous_3)
FN:38,(anonymous_4)
FN:46,(anonymous_5)
FN:51,(anonymous_6)
FN:59,(anonymous_7)
FN:64,TopMenuBar
FN:69,generatePdf
FN:72,(anonymous_10)
FN:77,displayStudent
FN:86,(anonymous_12)
FN:95,(anonymous_13)
FN:107,(anonymous_14)
FN:108,(anonymous_15)
FNF:16
FNH:0
FNDA:0,(anonymous_0)
FNDA:0,(anonymous_1)
FNDA:0,(anonymous_2)
FNDA:0,(anonymous_3)
FNDA:0,(anonymous_4)
FNDA:0,(anonymous_5)
FNDA:0,(anonymous_6)
FNDA:0,(anonymous_7)
FNDA:0,TopMenuBar
FNDA:0,generatePdf
FNDA:0,(anonymous_10)
FNDA:0,displayStudent
FNDA:0,(anonymous_12)
FNDA:0,(anonymous_13)
FNDA:0,(anonymous_14)
FNDA:0,(anonymous_15)
DA:11,0
DA:12,0
DA:13,0
DA:14,0
DA:15,0
DA:16,0
DA:20,0
DA:21,0
DA:22,0
DA:25,0
DA:26,0
DA:27,0
DA:28,0
DA:29,0
DA:30,0
DA:33,0
DA:34,0
DA:35,0
DA:38,0
DA:39,0
DA:40,0
DA:41,0
DA:42,0
DA:43,0
DA:46,0
DA:47,0
DA:48,0
DA:51,0
DA:52,0
DA:53,0
DA:54,0
DA:55,0
DA:56,0
DA:59,0
DA:60,0
DA:61,0
DA:65,0
DA:66,0
DA:67,0
DA:70,0
DA:71,0
DA:72,0
DA:73,0
DA:78,0
DA:81,0
DA:86,0
DA:95,0
DA:107,0
DA:108,0
LF:49
LH:0
BRDA:83,0,0,0
BRDA:83,0,1,0
BRDA:92,1,0,0
BRDA:92,1,1,0
BRDA:101,2,0,0
BRDA:101,2,1,0
BRF:6
BRH:0
end_of_record
TN:
SF:C:\Users\gilla\WebstormProjects\final-exam-scheduler\src\ReactComps\USInstancesTable.js
FN:3,USInstancesTable
FN:17,(anonymous_1)
FN:21,(anonymous_2)
FN:27,(anonymous_3)
FN:33,(anonymous_4)
FN:36,(anonymous_5)
FN:36,(anonymous_6)
FN:54,(anonymous_7)
FN:60,(anonymous_8)
FN:62,(anonymous_9)
FNF:10
FNH:0
FNDA:0,USInstancesTable
FNDA:0,(anonymous_1)
FNDA:0,(anonymous_2)
FNDA:0,(anonymous_3)
FNDA:0,(anonymous_4)
FNDA:0,(anonymous_5)
FNDA:0,(anonymous_6)
FNDA:0,(anonymous_7)
FNDA:0,(anonymous_8)
FNDA:0,(anonymous_9)
DA:4,0
DA:5,0
DA:6,0
DA:8,0
DA:9,0
DA:10,0
DA:12,0
DA:14,0
DA:15,0
DA:17,0
DA:18,0
DA:21,0
DA:22,0
DA:23,0
DA:27,0
DA:28,0
DA:29,0
DA:33,0
DA:34,0
DA:36,0
DA:39,0
DA:41,0
DA:42,0
DA:43,0
DA:44,0
DA:45,0
DA:46,0
DA:49,0
DA:55,0
DA:61,0
DA:63,0
LF:31
LH:0
BRDA:4,0,0,0
BRDA:4,0,1,0
BRDA:22,1,0,0
BRDA:22,1,1,0
BRDA:28,2,0,0
BRDA:28,2,1,0
BRDA:70,3,0,0
BRDA:70,3,1,0
BRDA:73,4,0,0
BRDA:73,4,1,0
BRF:10
BRH:0
end_of_record
TN:
SF:C:\Users\gilla\WebstormProjects\final-exam-scheduler\src\ReactComps\USRow.jsx
FN:6,USRow
FN:9,(anonymous_1)
FN:11,(anonymous_2)
FN:14,(anonymous_3)
FN:25,(anonymous_4)
FN:26,(anonymous_5)
FN:27,(anonymous_6)
FNF:7
FNH:0
FNDA:0,USRow
FNDA:0,(anonymous_1)
FNDA:0,(anonymous_2)
FNDA:0,(anonymous_3)
FNDA:0,(anonymous_4)
FNDA:0,(anonymous_5)
FNDA:0,(anonymous_6)
DA:7,0
DA:8,0
DA:9,0
DA:10,0
DA:11,0
DA:12,0
DA:14,0
DA:15,0
DA:16,0
DA:17,0
DA:19,0
DA:22,0
DA:23,0
DA:25,0
DA:26,0
DA:27,0
LF:16
LH:0
BRDA:15,0,0,0
BRDA:15,0,1,0
BRDA:25,1,0,0
BRDA:25,1,1,0
BRDA:29,2,0,0
BRDA:29,2,1,0
BRDA:36,3,0,0
BRDA:36,3,1,0
BRF:8
BRH:0
end_of_record
TN:
SF:C:\Users\gilla\WebstormProjects\final-exam-scheduler\src\ReactComps\USTable.jsx
FN:11,USTable
FN:13,(anonymous_1)
FN:15,calculateTotalWeight
FN:26,(anonymous_3)
FN:52,(anonymous_4)
FNF:5
FNH:0
FNDA:0,USTable
FNDA:0,(anonymous_1)
FNDA:0,calculateTotalWeight
FNDA:0,(anonymous_3)
FNDA:0,(anonymous_4)
DA:12,0
DA:13,0
DA:14,0
DA:16,0
DA:17,0
DA:18,0
DA:19,0
DA:20,0
DA:23,0
DA:26,0
DA:27,0
DA:30,0
DA:53,0
LF:13
LH:0
BRDA:18,0,0,0
BRDA:18,0,1,0
BRF:2
BRH:0
end_of_record
TN:
SF:C:\Users\gilla\WebstormProjects\final-exam-scheduler\src\ReactComps\UnscheduledTable.js
FN:24,(anonymous_0)
FN:31,(anonymous_1)
FN:36,UnscheduleBody
FN:37,(anonymous_3)
FN:39,(anonymous_4)
FN:46,(anonymous_5)
FN:51,(anonymous_6)
FN:65,UnscheduledTable
FN:66,(anonymous_8)
FN:67,(anonymous_9)
FNF:10
FNH:0
FNDA:0,(anonymous_0)
FNDA:0,(anonymous_1)
FNDA:0,UnscheduleBody
FNDA:0,(anonymous_3)
FNDA:0,(anonymous_4)
FNDA:0,(anonymous_5)
FNDA:0,(anonymous_6)
FNDA:0,UnscheduledTable
FNDA:0,(anonymous_8)
FNDA:0,(anonymous_9)
DA:24,0
DA:25,0
DA:26,0
DA:27,0
DA:28,0
DA:30,0
DA:31,0
DA:37,0
DA:39,0
DA:41,0
DA:44,0
DA:47,0
DA:52,0
DA:66,0
DA:67,0
DA:69,0
DA:72,0
LF:17
LH:0
BRDA:25,0,0,0
BRDA:25,0,1,0
BRDA:27,1,0,0
BRDA:27,1,1,0
BRDA:27,2,0,0
BRDA:27,2,1,0
BRDA:27,2,2,0
BRF:7
BRH:0
end_of_record
TN:
SF:C:\Users\gilla\WebstormProjects\final-exam-scheduler\src\ReactComps\WeightsTable.js
FN:4,TotalWeightDisplay
FN:7,(anonymous_1)
FN:15,WeightBody
FN:19,(anonymous_3)
FN:33,WeightsTable
FNF:5
FNH:0
FNDA:0,TotalWeightDisplay
FNDA:0,(anonymous_1)
FNDA:0,WeightBody
FNDA:0,(anonymous_3)
FNDA:0,WeightsTable
DA:5,0
DA:6,0
DA:7,0
DA:8,0
DA:10,0
DA:12,0
DA:16,0
DA:17,0
DA:20,0
DA:30,0
DA:52,0
LF:11
LH:0
BRDA:5,0,0,0
BRDA:5,0,1,0
BRDA:16,1,0,0
BRDA:16,1,1,0
BRF:4
BRH:0
end_of_record
TN:
SF:C:\Users\gilla\WebstormProjects\final-exam-scheduler\src\ReactComps\useGetUSReducers.js
FN:3,useGetUSReducers
FNF:1
FNH:0
FNDA:0,useGetUSReducers
DA:4,0
DA:6,0
LF:2
LH:0
BRF:0
BRH:0
end_of_record
TN:
SF:C:\Users\gilla\WebstormProjects\final-exam-scheduler\src\Redux\Slices\courseSlice.js
FN:15,(anonymous_0)
FN:24,(anonymous_1)
FN:26,(anonymous_2)
FN:35,(anonymous_3)
FN:41,(anonymous_4)
FN:48,(anonymous_5)
FN:56,(anonymous_6)
FNF:7
FNH:0
FNDA:0,(anonymous_0)
FNDA:0,(anonymous_1)
FNDA:0,(anonymous_2)
FNDA:0,(anonymous_3)
FNDA:0,(anonymous_4)
FNDA:0,(anonymous_5)
FNDA:0,(anonymous_6)
DA:3,0
DA:11,0
DA:16,0
DA:17,0
DA:18,0
DA:19,0
DA:21,0
DA:27,0
DA:28,0
DA:29,0
DA:30,0
DA:31,0
DA:32,0
DA:36,0
DA:37,0
DA:38,0
DA:41,0
DA:42,0
DA:43,0
DA:47,0
DA:48,0
DA:49,0
DA:56,0
DA:57,0
DA:58,0
DA:59,0
DA:60,0
DA:61,0
DA:62,0
DA:63,0
DA:64,0
DA:73,0
LF:32
LH:0
BRDA:18,0,0,0
BRDA:18,0,1,0
BRDA:37,1,0,0
BRDA:37,1,1,0
BRDA:42,2,0,0
BRDA:42,2,1,0
BRDA:47,3,0,0
BRDA:47,3,1,0
BRDA:47,4,0,0
BRDA:47,4,1,0
BRDA:58,5,0,0
BRDA:58,5,1,0
BRF:12
BRH:0
end_of_record
TN:
SF:C:\Users\gilla\WebstormProjects\final-exam-scheduler\src\Redux\Slices\generatedStatesSlice.js
FN:76,(anonymous_0)
FN:81,(anonymous_1)
FN:87,(anonymous_2)
FN:94,(anonymous_3)
FN:102,(anonymous_4)
FN:118,(anonymous_5)
FNF:6
FNH:0
FNDA:0,(anonymous_0)
FNDA:0,(anonymous_1)
FNDA:0,(anonymous_2)
FNDA:0,(anonymous_3)
FNDA:0,(anonymous_4)
FNDA:0,(anonymous_5)
DA:3,0
DA:69,0
DA:77,0
DA:78,0
DA:80,0
DA:81,0
DA:82,0
DA:83,0
DA:88,0
DA:89,0
DA:95,0
DA:96,0
DA:97,0
DA:98,0
DA:99,0
DA:100,0
DA:101,0
DA:102,0
DA:103,0
DA:104,0
DA:105,0
DA:108,0
DA:115,0
DA:118,0
DA:119,0
LF:25
LH:0
BRDA:8,0,0,0
BRDA:8,0,1,0
BRDA:14,1,0,0
BRDA:14,1,1,0
BRDA:20,2,0,0
BRDA:20,2,1,0
BRDA:26,3,0,0
BRDA:26,3,1,0
BRDA:32,4,0,0
BRDA:32,4,1,0
BRDA:38,5,0,0
BRDA:38,5,1,0
BRDA:44,6,0,0
BRDA:44,6,1,0
BRDA:50,7,0,0
BRDA:50,7,1,0
BRDA:56,8,0,0
BRDA:56,8,1,0
BRDA:62,9,0,0
BRDA:62,9,1,0
BRDA:82,10,0,0
BRDA:82,10,1,0
BRDA:100,11,0,0
BRDA:100,11,1,0
BRDA:104,12,0,0
BRDA:104,12,1,0
BRF:26
BRH:0
end_of_record
TN:
SF:C:\Users\gilla\WebstormProjects\final-exam-scheduler\src\Redux\Slices\progressSlice.js
FN:11,(anonymous_0)
FNF:1
FNH:0
FNDA:0,(anonymous_0)
DA:3,0
DA:7,0
DA:13,0
DA:18,0
LF:4
LH:0
BRF:0
BRH:0
end_of_record
TN:
SF:C:\Users\gilla\WebstormProjects\final-exam-scheduler\src\Redux\Slices\store.js
FNF:0
FNH:0
DA:7,0
LF:1
LH:0
BRF:0
BRH:0
end_of_record
TN:
SF:C:\Users\gilla\WebstormProjects\final-exam-scheduler\src\WishTheyWereReactComponents\uiFunction.js
FN:20,(anonymous_0)
FN:41,(anonymous_1)
FN:71,(anonymous_2)
FN:75,(anonymous_3)
FN:86,(anonymous_4)
FN:90,(anonymous_5)
FN:101,(anonymous_6)
FN:108,(anonymous_7)
FN:250,(anonymous_8)
FN:252,(anonymous_9)
FN:279,(anonymous_10)
FN:286,(anonymous_11)
FN:293,(anonymous_12)
FN:303,(anonymous_13)
FN:314,(anonymous_14)
FN:318,(anonymous_15)
FN:322,(anonymous_16)
FN:325,(anonymous_17)
FN:359,(anonymous_18)
FN:361,(anonymous_19)
FN:367,(anonymous_20)
FN:380,separateCourseCodes
FN:396,getExportedRow
FN:439,getOldCourseByNoWSKey
FN:450,objectToMap
FN:458,(anonymous_25)
FN:466,(anonymous_26)
FN:468,(anonymous_27)
FN:489,(anonymous_28)
FN:490,(anonymous_29)
FN:519,(anonymous_30)
FN:522,(anonymous_31)
FN:528,(anonymous_32)
FN:534,(anonymous_33)
FN:537,(anonymous_34)
FN:556,getExportedRowHTML
FN:606,(anonymous_36)
FNF:37
FNH:0
FNDA:0,(anonymous_0)
FNDA:0,(anonymous_1)
FNDA:0,(anonymous_2)
FNDA:0,(anonymous_3)
FNDA:0,(anonymous_4)
FNDA:0,(anonymous_5)
FNDA:0,(anonymous_6)
FNDA:0,(anonymous_7)
FNDA:0,(anonymous_8)
FNDA:0,(anonymous_9)
FNDA:0,(anonymous_10)
FNDA:0,(anonymous_11)
FNDA:0,(anonymous_12)
FNDA:0,(anonymous_13)
FNDA:0,(anonymous_14)
FNDA:0,(anonymous_15)
FNDA:0,(anonymous_16)
FNDA:0,(anonymous_17)
FNDA:0,(anonymous_18)
FNDA:0,(anonymous_19)
FNDA:0,(anonymous_20)
FNDA:0,separateCourseCodes
FNDA:0,getExportedRow
FNDA:0,getOldCourseByNoWSKey
FNDA:0,objectToMap
FNDA:0,(anonymous_25)
FNDA:0,(anonymous_26)
FNDA:0,(anonymous_27)
FNDA:0,(anonymous_28)
FNDA:0,(anonymous_29)
FNDA:0,(anonymous_30)
FNDA:0,(anonymous_31)
FNDA:0,(anonymous_32)
FNDA:0,(anonymous_33)
FNDA:0,(anonymous_34)
FNDA:0,getExportedRowHTML
FNDA:0,(anonymous_36)
DA:15,0
DA:16,0
DA:20,0
DA:22,0
DA:23,0
DA:24,0
DA:25,0
DA:26,0
DA:27,0
DA:28,0
DA:29,0
DA:30,0
DA:33,0
DA:34,0
DA:36,0
DA:41,0
DA:43,0
DA:44,0
DA:45,0
DA:46,0
DA:47,0
DA:48,0
DA:49,0
DA:52,0
DA:53,0
DA:54,0
DA:55,0
DA:56,0
DA:57,0
DA:59,0
DA:64,0
DA:65,0
DA:70,0
DA:71,0
DA:72,0
DA:75,0
DA:76,0
DA:77,0
DA:80,0
DA:85,0
DA:86,0
DA:87,0
DA:90,0
DA:91,0
DA:92,0
DA:95,0
DA:100,0
DA:101,0
DA:102,0
DA:103,0
DA:106,0
DA:108,0
DA:109,0
DA:111,0
DA:250,0
DA:252,0
DA:253,0
DA:254,0
DA:255,0
DA:256,0
DA:257,0
DA:258,0
DA:259,0
DA:260,0
DA:261,0
DA:263,0
DA:264,0
DA:265,0
DA:266,0
DA:267,0
DA:268,0
DA:270,0
DA:272,0
DA:273,0
DA:275,0
DA:279,0
DA:280,0
DA:281,0
DA:286,0
DA:287,0
DA:288,0
DA:289,0
DA:290,0
DA:291,0
DA:293,0
DA:294,0
DA:295,0
DA:297,0
DA:298,0
DA:300,0
DA:303,0
DA:304,0
DA:305,0
DA:307,0
DA:308,0
DA:309,0
DA:314,0
DA:315,0
DA:318,0
DA:319,0
DA:322,0
DA:323,0
DA:324,0
DA:325,0
DA:326,0
DA:327,0
DA:328,0
DA:330,0
DA:359,0
DA:360,0
DA:361,0
DA:362,0
DA:363,0
DA:364,0
DA:365,0
DA:366,0
DA:367,0
DA:368,0
DA:370,0
DA:372,0
DA:373,0
DA:381,0
DA:382,0
DA:383,0
DA:384,0
DA:385,0
DA:386,0
DA:387,0
DA:388,0
DA:390,0
DA:392,0
DA:397,0
DA:398,0
DA:399,0
DA:400,0
DA:401,0
DA:402,0
DA:403,0
DA:406,0
DA:407,0
DA:408,0
DA:411,0
DA:412,0
DA:413,0
DA:416,0
DA:422,0
DA:423,0
DA:424,0
DA:427,0
DA:428,0
DA:429,0
DA:432,0
DA:440,0
DA:441,0
DA:443,0
DA:444,0
DA:447,0
DA:451,0
DA:458,0
DA:460,0
DA:463,0
DA:464,0
DA:465,0
DA:466,0
DA:467,0
DA:468,0
DA:469,0
DA:470,0
DA:471,0
DA:472,0
DA:474,0
DA:475,0
DA:477,0
DA:478,0
DA:482,0
DA:483,0
DA:484,0
DA:485,0
DA:489,0
DA:490,0
DA:491,0
DA:509,0
DA:510,0
DA:512,0
DA:520,0
DA:523,0
DA:528,0
DA:529,0
DA:531,0
DA:532,0
DA:534,0
DA:535,0
DA:537,0
DA:538,0
DA:540,0
DA:541,0
DA:542,0
DA:545,0
DA:546,0
DA:548,0
DA:553,0
DA:557,0
DA:558,0
DA:559,0
DA:561,0
DA:562,0
DA:563,0
DA:564,0
DA:566,0
DA:567,0
DA:568,0
DA:572,0
DA:574,0
DA:575,0
DA:578,0
DA:580,0
DA:581,0
DA:582,0
DA:585,0
DA:589,0
DA:590,0
DA:591,0
DA:593,0
DA:594,0
DA:595,0
DA:599,0
DA:606,0
DA:607,0
DA:610,0
DA:611,0
DA:614,0
DA:615,0
DA:617,0
LF:233
LH:0
BRDA:28,0,0,0
BRDA:28,0,1,0
BRDA:29,1,0,0
BRDA:29,1,1,0
BRDA:33,2,0,0
BRDA:33,2,1,0
BRDA:46,3,0,0
BRDA:46,3,1,0
BRDA:46,4,0,0
BRDA:46,4,1,0
BRDA:54,5,0,0
BRDA:54,5,1,0
BRDA:55,6,0,0
BRDA:55,6,1,0
BRDA:76,7,0,0
BRDA:76,7,1,0
BRDA:91,8,0,0
BRDA:91,8,1,0
BRDA:102,9,0,0
BRDA:102,9,1,0
BRDA:266,10,0,0
BRDA:266,10,1,0
BRDA:294,11,0,0
BRDA:294,11,1,0
BRDA:304,12,0,0
BRDA:304,12,1,0
BRDA:307,13,0,0
BRDA:307,13,1,0
BRDA:364,14,0,0
BRDA:364,14,1,0
BRDA:381,15,0,0
BRDA:381,15,1,0
BRDA:400,16,0,0
BRDA:400,16,1,0
BRDA:400,17,0,0
BRDA:400,17,1,0
BRDA:402,18,0,0
BRDA:402,18,1,0
BRDA:412,19,0,0
BRDA:412,19,1,0
BRDA:423,20,0,0
BRDA:423,20,1,0
BRDA:443,21,0,0
BRDA:443,21,1,0
BRDA:470,22,0,0
BRDA:470,22,1,0
BRDA:474,23,0,0
BRDA:474,23,1,0
BRDA:475,24,0,0
BRDA:475,24,1,0
BRDA:540,25,0,0
BRDA:540,25,1,0
BRDA:545,26,0,0
BRDA:545,26,1,0
BRDA:546,27,0,0
BRDA:546,27,1,0
BRDA:561,28,0,0
BRDA:561,28,1,0
BRDA:561,29,0,0
BRDA:561,29,1,0
BRDA:561,29,2,0
BRDA:561,29,3,0
BRDA:563,30,0,0
BRDA:563,30,1,0
BRDA:574,31,0,0
BRDA:574,31,1,0
BRDA:580,32,0,0
BRDA:580,32,1,0
BRDA:590,33,0,0
BRDA:590,33,1,0
BRDA:610,34,0,0
BRDA:610,34,1,0
BRDA:614,35,0,0
BRDA:614,35,1,0
BRF:74
BRH:0
end_of_record
